#
# There is insufficient memory for the Java Runtime Environment to continue.
# Native memory allocation (malloc) failed to allocate 1048576 bytes for AllocateHeap
# Possible reasons:
#   The system is out of physical RAM or swap space
#   The process is running with CompressedOops enabled, and the Java Heap may be blocking the growth of the native heap
# Possible solutions:
#   Reduce memory load on the system
#   Increase physical memory or swap space
#   Check if swap backing store is full
#   Decrease Java heap size (-Xmx/-Xms)
#   Decrease number of Java threads
#   Decrease Java thread stack sizes (-Xss)
#   Set larger code cache with -XX:ReservedCodeCacheSize=
#   JVM is running with Unscaled Compressed Oops mode in which the Java heap is
#     placed in the first 4GB address space. The Java Heap base address is the
#     maximum limit for the native heap growth. Please use -XX:HeapBaseMinAddress
#     to set the Java Heap base and to place the Java Heap above 4GB virtual address.
# This output file may be truncated or incomplete.
#
#  Out of Memory Error (./open/src/hotspot/share/memory/allocation.cpp:44), pid=10612, tid=11280
#
# JRE version: Java(TM) SE Runtime Environment (14.0.2+12) (build 14.0.2+12-46)
# Java VM: Java HotSpot(TM) 64-Bit Server VM (14.0.2+12-46, mixed mode, sharing, tiered, compressed oops, g1 gc, windows-amd64)
# No core dump will be written. Minidumps are not enabled by default on client versions of Windows
#

---------------  S U M M A R Y ------------

Command Line: -XX:MaxMetaspaceSize=256m -XX:+HeapDumpOnOutOfMemoryError -agentlib:jdwp=transport=dt_socket,server=n,suspend=y,address=127.0.0.1:57591 --add-opens=java.base/java.util=ALL-UNNAMED --add-opens=java.base/java.lang=ALL-UNNAMED --add-opens=java.base/java.lang.invoke=ALL-UNNAMED --add-opens=java.base/java.util=ALL-UNNAMED --add-opens=java.prefs/java.util.prefs=ALL-UNNAMED --add-opens=java.prefs/java.util.prefs=ALL-UNNAMED --add-opens=java.base/java.nio.charset=ALL-UNNAMED --add-opens=java.base/java.net=ALL-UNNAMED --add-opens=java.base/java.util.concurrent.atomic=ALL-UNNAMED -Xms256m -Xmx512m -Dfile.encoding=windows-1252 -Duser.country=IN -Duser.language=en -Duser.variant org.gradle.launcher.daemon.bootstrap.GradleDaemon 7.4.1

Host: Intel(R) Core(TM) i5-3360M CPU @ 2.80GHz, 4 cores, 7G,  Windows 10 , 64 bit Build 19041 (10.0.19041.1645)
Time: Tue Apr 26 21:01:44 2022 India Standard Time elapsed time: 19 seconds (0d 0h 0m 19s)

---------------  T H R E A D  ---------------

Current thread (0x000002867f6a6000):  VMThread "VM Thread" [stack: 0x000000f141400000,0x000000f141500000] [id=11280]

Stack: [0x000000f141400000,0x000000f141500000]
[error occurred during error reporting (printing stack bounds), id 0xc0000005, EXCEPTION_ACCESS_VIOLATION (0xc0000005) at pc=0x00000286000010ad]

Native frames: (J=compiled Java code, j=interpreted, Vv=VM code, C=native code)
V  [jvm.dll+0x5f8a9a]
V  [jvm.dll+0x74247a]
V  [jvm.dll+0x743c2f]
V  [jvm.dll+0x7441d5]
V  [jvm.dll+0x74418b]
V  [jvm.dll+0x5f7f6f]
V  [jvm.dll+0x5f8738]
C  [ntdll.dll+0xa20cf]
C  [ntdll.dll+0x51454]
C  [ntdll.dll+0xa0bfe]
C  0x00000286000010ad

VM_Operation (0x000000f142df6db0): CollectForMetadataAllocation, mode: safepoint, requested by thread 0x0000028610f5a800


---------------  P R O C E S S  ---------------

Threads class SMR info:
_java_thread_list=0x00000286113bda70, length=41, elements={
0x0000028673732800, 0x000002867f6a8000, 0x000002867f6aa000, 0x000002867f6c9800,
0x000002867f6ca800, 0x000002867f6cc000, 0x000002867f6ce000, 0x000002867f6d7000,
0x000002867f6db000, 0x000002867f6dc000, 0x000002860f21d000, 0x000002860f23c800,
0x000002860f23e800, 0x000002867f6dc800, 0x000002867f6d9800, 0x000002867f6dd800,
0x000002867f6de000, 0x000002867f6d8800, 0x000002867f6df000, 0x0000028610f5e000,
0x0000028610f5a800, 0x0000028610f5e800, 0x0000028610f59000, 0x0000028610f59800,
0x0000028610f5c000, 0x0000028610f5d000, 0x0000028610f5f800, 0x0000028610f60000,
0x0000028610f61000, 0x0000028610f5b800, 0x0000028610f65000, 0x0000028610f62800,
0x0000028610f66000, 0x0000028610f66800, 0x0000028610f67800, 0x0000028610f63800,
0x0000028610f62000, 0x0000028612ed8800, 0x0000028612ed7800, 0x0000028612ed9000,
0x0000028612ed6000
}

Java Threads: ( => current thread )
  0x0000028673732800 JavaThread "main" [_thread_blocked, id=384, stack(0x000000f140e00000,0x000000f140f00000)]
  0x000002867f6a8000 JavaThread "Reference Handler" daemon [_thread_blocked, id=11660, stack(0x000000f141500000,0x000000f141600000)]
  0x000002867f6aa000 JavaThread "Finalizer" daemon [_thread_blocked, id=7040, stack(0x000000f141600000,0x000000f141700000)]
  0x000002867f6c9800 JavaThread "Signal Dispatcher" daemon [_thread_blocked, id=8160, stack(0x000000f141700000,0x000000f141800000)]
  0x000002867f6ca800 JavaThread "Attach Listener" daemon [_thread_blocked, id=10104, stack(0x000000f141800000,0x000000f141900000)]
  0x000002867f6cc000 JavaThread "Service Thread" daemon [_thread_blocked, id=8140, stack(0x000000f141900000,0x000000f141a00000)]
  0x000002867f6ce000 JavaThread "C2 CompilerThread0" daemon [_thread_blocked, id=1788, stack(0x000000f141a00000,0x000000f141b00000)]
  0x000002867f6d7000 JavaThread "C1 CompilerThread0" daemon [_thread_blocked, id=2624, stack(0x000000f141b00000,0x000000f141c00000)]
  0x000002867f6db000 JavaThread "Sweeper thread" daemon [_thread_blocked, id=11208, stack(0x000000f141c00000,0x000000f141d00000)]
  0x000002867f6dc000 JavaThread "Common-Cleaner" daemon [_thread_blocked, id=9568, stack(0x000000f141d00000,0x000000f141e00000)]
  0x000002860f21d000 JavaThread "JDWP Transport Listener: dt_socket" daemon [_thread_blocked, id=10636, stack(0x000000f141e00000,0x000000f141f00000)]
  0x000002860f23c800 JavaThread "JDWP Event Helper Thread" daemon [_thread_blocked, id=10956, stack(0x000000f141f00000,0x000000f142000000)]
  0x000002860f23e800 JavaThread "JDWP Command Reader" daemon [_thread_in_native, id=6600, stack(0x000000f142000000,0x000000f142100000)]
  0x000002867f6dc800 JavaThread "Notification Thread" daemon [_thread_blocked, id=11536, stack(0x000000f142100000,0x000000f142200000)]
  0x000002867f6d9800 JavaThread "Daemon health stats" [_thread_blocked, id=7740, stack(0x000000f142700000,0x000000f142800000)]
  0x000002867f6dd800 JavaThread "Incoming local TCP Connector on port 57598" [_thread_in_native, id=10568, stack(0x000000f142800000,0x000000f142900000)]
  0x000002867f6de000 JavaThread "Daemon periodic checks" [_thread_blocked, id=1688, stack(0x000000f142900000,0x000000f142a00000)]
  0x000002867f6d8800 JavaThread "Daemon" [_thread_blocked, id=4696, stack(0x000000f142a00000,0x000000f142b00000)]
  0x000002867f6df000 JavaThread "Handler for socket connection from /127.0.0.1:57598 to /127.0.0.1:57599" [_thread_in_native, id=12140, stack(0x000000f142b00000,0x000000f142c00000)]
  0x0000028610f5e000 JavaThread "Cancel handler" [_thread_blocked, id=3324, stack(0x000000f142c00000,0x000000f142d00000)]
  0x0000028610f5a800 JavaThread "Daemon worker" [_thread_blocked, id=11576, stack(0x000000f142d00000,0x000000f142e00000)]
  0x0000028610f5e800 JavaThread "Asynchronous log dispatcher for DefaultDaemonConnection: socket connection from /127.0.0.1:57598 to /127.0.0.1:57599" [_thread_blocked, id=3220, stack(0x000000f142e00000,0x000000f142f00000)]
  0x0000028610f59000 JavaThread "Stdin handler" [_thread_blocked, id=9912, stack(0x000000f142f00000,0x000000f143000000)]
  0x0000028610f59800 JavaThread "Daemon client event forwarder" [_thread_blocked, id=1592, stack(0x000000f143000000,0x000000f143100000)]
  0x0000028610f5c000 JavaThread "Cache worker for journal cache (C:\Users\Vinay Sharma\.gradle\caches\journal-1)" [_thread_blocked, id=10752, stack(0x000000f143100000,0x000000f143200000)]
  0x0000028610f5d000 JavaThread "File lock request listener" [_thread_in_native, id=9712, stack(0x000000f143200000,0x000000f143300000)]
  0x0000028610f5f800 JavaThread "Cache worker for file hash cache (C:\Users\Vinay Sharma\.gradle\caches\7.4.1\fileHashes)" [_thread_blocked, id=8200, stack(0x000000f142300000,0x000000f142400000)]
  0x0000028610f60000 JavaThread "File watcher server" daemon [_thread_in_native, id=8784, stack(0x000000f143400000,0x000000f143500000)]
  0x0000028610f61000 JavaThread "File watcher consumer" daemon [_thread_blocked, id=1368, stack(0x000000f143500000,0x000000f143600000)]
  0x0000028610f5b800 JavaThread "Cache worker for checksums cache (E:\messanger\.gradle\7.4.1\checksums)" [_thread_blocked, id=8696, stack(0x000000f143600000,0x000000f143700000)]
  0x0000028610f65000 JavaThread "Cache worker for cache directory md-rule (C:\Users\Vinay Sharma\.gradle\caches\7.4.1\md-rule)" [_thread_blocked, id=12172, stack(0x000000f143700000,0x000000f143800000)]
  0x0000028610f62800 JavaThread "Cache worker for file hash cache (E:\messanger\.gradle\7.4.1\fileHashes)" [_thread_blocked, id=5764, stack(0x000000f143800000,0x000000f143900000)]
  0x0000028610f66000 JavaThread "Cache worker for cache directory md-supplier (C:\Users\Vinay Sharma\.gradle\caches\7.4.1\md-supplier)" [_thread_blocked, id=8536, stack(0x000000f143900000,0x000000f143a00000)]
  0x0000028610f66800 JavaThread "Cache worker for execution history cache (C:\Users\Vinay Sharma\.gradle\caches\7.4.1\executionHistory)" [_thread_blocked, id=12076, stack(0x000000f143a00000,0x000000f143b00000)]
  0x0000028610f67800 JavaThread "jar transforms" [_thread_blocked, id=10456, stack(0x000000f143300000,0x000000f143400000)]
  0x0000028610f63800 JavaThread "jar transforms Thread 2" [_thread_blocked, id=2712, stack(0x000000f143b00000,0x000000f143c00000)]
  0x0000028610f62000 JavaThread "Cache worker for file content cache (C:\Users\Vinay Sharma\.gradle\caches\7.4.1\fileContent)" [_thread_blocked, id=9776, stack(0x000000f143d00000,0x000000f143e00000)]
  0x0000028612ed8800 JavaThread "jar transforms Thread 3" [_thread_blocked, id=11764, stack(0x000000f143c00000,0x000000f143d00000)]
  0x0000028612ed7800 JavaThread "jar transforms Thread 4" [_thread_blocked, id=8588, stack(0x000000f143e00000,0x000000f143f00000)]
  0x0000028612ed9000 JavaThread "Cache worker for dependencies-accessors (E:\messanger\.gradle\7.4.1\dependencies-accessors)" [_thread_blocked, id=5016, stack(0x000000f144000000,0x000000f144100000)]
  0x0000028612ed6000 JavaThread "Cache worker for Build Output Cleanup Cache (E:\messanger\.gradle\buildOutputCleanup)" [_thread_blocked, id=9560, stack(0x000000f143f00000,0x000000f144000000)]

Other Threads:
=>0x000002867f6a6000 VMThread "VM Thread" [stack: 0x000000f141400000,0x000000f141500000] [id=11280]
  0x000002860f24e800 WatcherThread [stack: 0x000000f142200000,0x000000f142300000] [id=6664]
  0x0000028673758000 GCTaskThread "GC Thread#0" [stack: 0x000000f140f00000,0x000000f141000000] [id=6656]
  0x000002860fbe3800 GCTaskThread "GC Thread#1" [stack: 0x000000f142400000,0x000000f142500000] [id=5392]
  0x000002860fb53000 GCTaskThread "GC Thread#2" [stack: 0x000000f142500000,0x000000f142600000] [id=10684]
  0x000002860f40b000 GCTaskThread "GC Thread#3" [stack: 0x000000f142600000,0x000000f142700000] [id=5840]
  0x000002867375d800 ConcurrentGCThread "G1 Main Marker" [stack: 0x000000f141000000,0x000000f141100000] [id=9156]
  0x000002867375f000 ConcurrentGCThread "G1 Conc#0" [stack: 0x000000f141100000,0x000000f141200000] [id=8196]
  0x000002867380d800 ConcurrentGCThread "G1 Refine#0" [stack: 0x000000f141200000,0x000000f141300000] [id=9892]
  0x000002867380e800 ConcurrentGCThread "G1 Young RemSet Sampling" [stack: 0x000000f141300000,0x000000f141400000] [id=10452]

Threads with active compile tasks:
C2 CompilerThread0    19513 4053       4       jdk.internal.org.objectweb.asm.SymbolTable::addType (81 bytes)
C1 CompilerThread0    19513 4056       3       jdk.internal.org.objectweb.asm.MethodWriter::visitVarInsn (302 bytes)

VM state:at safepoint (normal execution)

VM Mutex/Monitor currently owned by a thread:  ([mutex/lock_event])
[0x000002867372dc60] Threads_lock - owner thread: 0x000002867f6a6000
[0x000002867372d5a0] Heap_lock - owner thread: 0x0000028610f5a800

Heap address: 0x00000000e0000000, size: 512 MB, Compressed Oops mode: 32-bit
Narrow klass base: 0x0000000800000000, Narrow klass shift: 3
Compressed class space size: 260046848 Address: 0x0000000800b30000

Heap:
 garbage-first heap   total 262144K, used 29804K [0x00000000e0000000, 0x0000000100000000)
  region size 1024K, 11 young (11264K), 11 survivors (11264K)
 Metaspace       used 39717K, capacity 40851K, committed 40912K, reserved 290816K
  class space    used 5475K, capacity 5888K, committed 5888K, reserved 253952K
Heap Regions: E=young(eden), S=young(survivor), O=old, HS=humongous(starts), HC=humongous(continues), CS=collection set, F=free, OA=open archive, CA=closed archive, TAMS=top-at-mark-start (previous, next)
|   0|0x00000000e0000000, 0x00000000e0100000, 0x00000000e0100000|100%|HS|  |TAMS 0x00000000e0100000, 0x00000000e0100000| Complete 
|   1|0x00000000e0100000, 0x00000000e0200000, 0x00000000e0200000|100%|HC|  |TAMS 0x00000000e0200000, 0x00000000e0200000| Complete 
|   2|0x00000000e0200000, 0x00000000e0300000, 0x00000000e0300000|100%|HC|  |TAMS 0x00000000e0300000, 0x00000000e0300000| Complete 
|   3|0x00000000e0300000, 0x00000000e0400000, 0x00000000e0400000|100%| O|  |TAMS 0x00000000e0400000, 0x00000000e0400000| Untracked 
|   4|0x00000000e0400000, 0x00000000e0500000, 0x00000000e0500000|100%| O|  |TAMS 0x00000000e0500000, 0x00000000e0500000| Untracked 
|   5|0x00000000e0500000, 0x00000000e0600000, 0x00000000e0600000|100%| O|  |TAMS 0x00000000e0600000, 0x00000000e0600000| Untracked 
|   6|0x00000000e0600000, 0x00000000e0700000, 0x00000000e0700000|100%| O|  |TAMS 0x00000000e0700000, 0x00000000e0700000| Untracked 
|   7|0x00000000e0700000, 0x00000000e0800000, 0x00000000e0800000|100%| O|  |TAMS 0x00000000e0800000, 0x00000000e0800000| Untracked 
|   8|0x00000000e0800000, 0x00000000e0900000, 0x00000000e0900000|100%| O|  |TAMS 0x00000000e0900000, 0x00000000e0900000| Untracked 
|   9|0x00000000e0900000, 0x00000000e0a00000, 0x00000000e0a00000|100%| O|  |TAMS 0x00000000e094f600, 0x00000000e094f600| Untracked 
|  10|0x00000000e0a00000, 0x00000000e0a00000, 0x00000000e0b00000|  0%| F|  |TAMS 0x00000000e0a00000, 0x00000000e0a00000| Untracked 
|  11|0x00000000e0b00000, 0x00000000e0c00000, 0x00000000e0c00000|100%| O|  |TAMS 0x00000000e0b00000, 0x00000000e0b00000| Untracked 
|  12|0x00000000e0c00000, 0x00000000e0d00000, 0x00000000e0d00000|100%| O|  |TAMS 0x00000000e0c00000, 0x00000000e0c00000| Untracked 
|  13|0x00000000e0d00000, 0x00000000e0e00000, 0x00000000e0e00000|100%| O|  |TAMS 0x00000000e0d00000, 0x00000000e0d00000| Untracked 
|  14|0x00000000e0e00000, 0x00000000e0f00000, 0x00000000e0f00000|100%| O|  |TAMS 0x00000000e0e00000, 0x00000000e0e00000| Untracked 
|  15|0x00000000e0f00000, 0x00000000e1000000, 0x00000000e1000000|100%| O|  |TAMS 0x00000000e0f00000, 0x00000000e0f00000| Untracked 
|  16|0x00000000e1000000, 0x00000000e1100000, 0x00000000e1100000|100%| O|  |TAMS 0x00000000e1000000, 0x00000000e1000000| Untracked 
|  17|0x00000000e1100000, 0x00000000e1200000, 0x00000000e1200000|100%| O|  |TAMS 0x00000000e1100000, 0x00000000e1100000| Untracked 
|  18|0x00000000e1200000, 0x00000000e1300000, 0x00000000e1300000|100%| O|  |TAMS 0x00000000e1200000, 0x00000000e1200000| Untracked 
|  19|0x00000000e1300000, 0x00000000e139b200, 0x00000000e1400000| 60%| O|  |TAMS 0x00000000e1300000, 0x00000000e1300000| Untracked 
|  20|0x00000000e1400000, 0x00000000e1400000, 0x00000000e1500000|  0%| F|  |TAMS 0x00000000e1400000, 0x00000000e1400000| Untracked 
|  21|0x00000000e1500000, 0x00000000e1500000, 0x00000000e1600000|  0%| F|  |TAMS 0x00000000e1500000, 0x00000000e1500000| Untracked 
|  22|0x00000000e1600000, 0x00000000e1600000, 0x00000000e1700000|  0%| F|  |TAMS 0x00000000e1600000, 0x00000000e1600000| Untracked 
|  23|0x00000000e1700000, 0x00000000e1700000, 0x00000000e1800000|  0%| F|  |TAMS 0x00000000e1700000, 0x00000000e1700000| Untracked 
|  24|0x00000000e1800000, 0x00000000e1800000, 0x00000000e1900000|  0%| F|  |TAMS 0x00000000e1800000, 0x00000000e1800000| Untracked 
|  25|0x00000000e1900000, 0x00000000e1900000, 0x00000000e1a00000|  0%| F|  |TAMS 0x00000000e1900000, 0x00000000e1900000| Untracked 
|  26|0x00000000e1a00000, 0x00000000e1a00000, 0x00000000e1b00000|  0%| F|  |TAMS 0x00000000e1a00000, 0x00000000e1a00000| Untracked 
|  27|0x00000000e1b00000, 0x00000000e1b00000, 0x00000000e1c00000|  0%| F|  |TAMS 0x00000000e1b00000, 0x00000000e1b00000| Untracked 
|  28|0x00000000e1c00000, 0x00000000e1c00000, 0x00000000e1d00000|  0%| F|  |TAMS 0x00000000e1c00000, 0x00000000e1c00000| Untracked 
|  29|0x00000000e1d00000, 0x00000000e1d00000, 0x00000000e1e00000|  0%| F|  |TAMS 0x00000000e1d00000, 0x00000000e1d00000| Untracked 
|  30|0x00000000e1e00000, 0x00000000e1e00000, 0x00000000e1f00000|  0%| F|  |TAMS 0x00000000e1e00000, 0x00000000e1e00000| Untracked 
|  31|0x00000000e1f00000, 0x00000000e1f00000, 0x00000000e2000000|  0%| F|  |TAMS 0x00000000e1f00000, 0x00000000e1f00000| Untracked 
|  32|0x00000000e2000000, 0x00000000e2000000, 0x00000000e2100000|  0%| F|  |TAMS 0x00000000e2000000, 0x00000000e2000000| Untracked 
|  33|0x00000000e2100000, 0x00000000e2100000, 0x00000000e2200000|  0%| F|  |TAMS 0x00000000e2100000, 0x00000000e2100000| Untracked 
|  34|0x00000000e2200000, 0x00000000e2200000, 0x00000000e2300000|  0%| F|  |TAMS 0x00000000e2200000, 0x00000000e2200000| Untracked 
|  35|0x00000000e2300000, 0x00000000e2300000, 0x00000000e2400000|  0%| F|  |TAMS 0x00000000e2300000, 0x00000000e2300000| Untracked 
|  36|0x00000000e2400000, 0x00000000e2400000, 0x00000000e2500000|  0%| F|  |TAMS 0x00000000e2400000, 0x00000000e2400000| Untracked 
|  37|0x00000000e2500000, 0x00000000e2500000, 0x00000000e2600000|  0%| F|  |TAMS 0x00000000e2500000, 0x00000000e2500000| Untracked 
|  38|0x00000000e2600000, 0x00000000e2600000, 0x00000000e2700000|  0%| F|  |TAMS 0x00000000e2600000, 0x00000000e2600000| Untracked 
|  39|0x00000000e2700000, 0x00000000e2700000, 0x00000000e2800000|  0%| F|  |TAMS 0x00000000e2700000, 0x00000000e2700000| Untracked 
|  40|0x00000000e2800000, 0x00000000e2800000, 0x00000000e2900000|  0%| F|  |TAMS 0x00000000e2800000, 0x00000000e2800000| Untracked 
|  41|0x00000000e2900000, 0x00000000e2900000, 0x00000000e2a00000|  0%| F|  |TAMS 0x00000000e2900000, 0x00000000e2900000| Untracked 
|  42|0x00000000e2a00000, 0x00000000e2a00000, 0x00000000e2b00000|  0%| F|  |TAMS 0x00000000e2a00000, 0x00000000e2a00000| Untracked 
|  43|0x00000000e2b00000, 0x00000000e2b00000, 0x00000000e2c00000|  0%| F|  |TAMS 0x00000000e2b00000, 0x00000000e2b00000| Untracked 
|  44|0x00000000e2c00000, 0x00000000e2c00000, 0x00000000e2d00000|  0%| F|  |TAMS 0x00000000e2c00000, 0x00000000e2c00000| Untracked 
|  45|0x00000000e2d00000, 0x00000000e2d00000, 0x00000000e2e00000|  0%| F|  |TAMS 0x00000000e2d00000, 0x00000000e2d00000| Untracked 
|  46|0x00000000e2e00000, 0x00000000e2e00000, 0x00000000e2f00000|  0%| F|  |TAMS 0x00000000e2e00000, 0x00000000e2e00000| Untracked 
|  47|0x00000000e2f00000, 0x00000000e2f00000, 0x00000000e3000000|  0%| F|  |TAMS 0x00000000e2f00000, 0x00000000e2f00000| Untracked 
|  48|0x00000000e3000000, 0x00000000e3000000, 0x00000000e3100000|  0%| F|  |TAMS 0x00000000e3000000, 0x00000000e3000000| Untracked 
|  49|0x00000000e3100000, 0x00000000e3100000, 0x00000000e3200000|  0%| F|  |TAMS 0x00000000e3100000, 0x00000000e3100000| Untracked 
|  50|0x00000000e3200000, 0x00000000e3200000, 0x00000000e3300000|  0%| F|  |TAMS 0x00000000e3200000, 0x00000000e3200000| Untracked 
|  51|0x00000000e3300000, 0x00000000e3300000, 0x00000000e3400000|  0%| F|  |TAMS 0x00000000e3300000, 0x00000000e3300000| Untracked 
|  52|0x00000000e3400000, 0x00000000e3400000, 0x00000000e3500000|  0%| F|  |TAMS 0x00000000e3400000, 0x00000000e3400000| Untracked 
|  53|0x00000000e3500000, 0x00000000e3500000, 0x00000000e3600000|  0%| F|  |TAMS 0x00000000e3500000, 0x00000000e3500000| Untracked 
|  54|0x00000000e3600000, 0x00000000e3600000, 0x00000000e3700000|  0%| F|  |TAMS 0x00000000e3600000, 0x00000000e3600000| Untracked 
|  55|0x00000000e3700000, 0x00000000e3700000, 0x00000000e3800000|  0%| F|  |TAMS 0x00000000e3700000, 0x00000000e3700000| Untracked 
|  56|0x00000000e3800000, 0x00000000e3800000, 0x00000000e3900000|  0%| F|  |TAMS 0x00000000e3800000, 0x00000000e3800000| Untracked 
|  57|0x00000000e3900000, 0x00000000e3900000, 0x00000000e3a00000|  0%| F|  |TAMS 0x00000000e3900000, 0x00000000e3900000| Untracked 
|  58|0x00000000e3a00000, 0x00000000e3a00000, 0x00000000e3b00000|  0%| F|  |TAMS 0x00000000e3a00000, 0x00000000e3a00000| Untracked 
|  59|0x00000000e3b00000, 0x00000000e3b00000, 0x00000000e3c00000|  0%| F|  |TAMS 0x00000000e3b00000, 0x00000000e3b00000| Untracked 
|  60|0x00000000e3c00000, 0x00000000e3c00000, 0x00000000e3d00000|  0%| F|  |TAMS 0x00000000e3c00000, 0x00000000e3c00000| Untracked 
|  61|0x00000000e3d00000, 0x00000000e3d00000, 0x00000000e3e00000|  0%| F|  |TAMS 0x00000000e3d00000, 0x00000000e3d00000| Untracked 
|  62|0x00000000e3e00000, 0x00000000e3e00000, 0x00000000e3f00000|  0%| F|  |TAMS 0x00000000e3e00000, 0x00000000e3e00000| Untracked 
|  63|0x00000000e3f00000, 0x00000000e3f00000, 0x00000000e4000000|  0%| F|  |TAMS 0x00000000e3f00000, 0x00000000e3f00000| Untracked 
|  64|0x00000000e4000000, 0x00000000e4000000, 0x00000000e4100000|  0%| F|  |TAMS 0x00000000e4000000, 0x00000000e4000000| Untracked 
|  65|0x00000000e4100000, 0x00000000e4100000, 0x00000000e4200000|  0%| F|  |TAMS 0x00000000e4100000, 0x00000000e4100000| Untracked 
|  66|0x00000000e4200000, 0x00000000e4200000, 0x00000000e4300000|  0%| F|  |TAMS 0x00000000e4200000, 0x00000000e4200000| Untracked 
|  67|0x00000000e4300000, 0x00000000e4300000, 0x00000000e4400000|  0%| F|  |TAMS 0x00000000e4300000, 0x00000000e4300000| Untracked 
|  68|0x00000000e4400000, 0x00000000e4400000, 0x00000000e4500000|  0%| F|  |TAMS 0x00000000e4400000, 0x00000000e4400000| Untracked 
|  69|0x00000000e4500000, 0x00000000e4500000, 0x00000000e4600000|  0%| F|  |TAMS 0x00000000e4500000, 0x00000000e4500000| Untracked 
|  70|0x00000000e4600000, 0x00000000e4600000, 0x00000000e4700000|  0%| F|  |TAMS 0x00000000e4600000, 0x00000000e4600000| Untracked 
|  71|0x00000000e4700000, 0x00000000e4700000, 0x00000000e4800000|  0%| F|  |TAMS 0x00000000e4700000, 0x00000000e4700000| Untracked 
|  72|0x00000000e4800000, 0x00000000e4800000, 0x00000000e4900000|  0%| F|  |TAMS 0x00000000e4800000, 0x00000000e4800000| Untracked 
|  73|0x00000000e4900000, 0x00000000e4900000, 0x00000000e4a00000|  0%| F|  |TAMS 0x00000000e4900000, 0x00000000e4900000| Untracked 
|  74|0x00000000e4a00000, 0x00000000e4a00000, 0x00000000e4b00000|  0%| F|  |TAMS 0x00000000e4a00000, 0x00000000e4a00000| Untracked 
|  75|0x00000000e4b00000, 0x00000000e4b00000, 0x00000000e4c00000|  0%| F|  |TAMS 0x00000000e4b00000, 0x00000000e4b00000| Untracked 
|  76|0x00000000e4c00000, 0x00000000e4c00000, 0x00000000e4d00000|  0%| F|  |TAMS 0x00000000e4c00000, 0x00000000e4c00000| Untracked 
|  77|0x00000000e4d00000, 0x00000000e4d00000, 0x00000000e4e00000|  0%| F|  |TAMS 0x00000000e4d00000, 0x00000000e4d00000| Untracked 
|  78|0x00000000e4e00000, 0x00000000e4e00000, 0x00000000e4f00000|  0%| F|  |TAMS 0x00000000e4e00000, 0x00000000e4e00000| Untracked 
|  79|0x00000000e4f00000, 0x00000000e4f00000, 0x00000000e5000000|  0%| F|  |TAMS 0x00000000e4f00000, 0x00000000e4f00000| Untracked 
|  80|0x00000000e5000000, 0x00000000e5000000, 0x00000000e5100000|  0%| F|  |TAMS 0x00000000e5000000, 0x00000000e5000000| Untracked 
|  81|0x00000000e5100000, 0x00000000e5100000, 0x00000000e5200000|  0%| F|  |TAMS 0x00000000e5100000, 0x00000000e5100000| Untracked 
|  82|0x00000000e5200000, 0x00000000e5200000, 0x00000000e5300000|  0%| F|  |TAMS 0x00000000e5200000, 0x00000000e5200000| Untracked 
|  83|0x00000000e5300000, 0x00000000e5300000, 0x00000000e5400000|  0%| F|  |TAMS 0x00000000e5300000, 0x00000000e5300000| Untracked 
|  84|0x00000000e5400000, 0x00000000e5400000, 0x00000000e5500000|  0%| F|  |TAMS 0x00000000e5400000, 0x00000000e5400000| Untracked 
|  85|0x00000000e5500000, 0x00000000e5500000, 0x00000000e5600000|  0%| F|  |TAMS 0x00000000e5500000, 0x00000000e5500000| Untracked 
|  86|0x00000000e5600000, 0x00000000e5600000, 0x00000000e5700000|  0%| F|  |TAMS 0x00000000e5600000, 0x00000000e5600000| Untracked 
|  87|0x00000000e5700000, 0x00000000e5700000, 0x00000000e5800000|  0%| F|  |TAMS 0x00000000e5700000, 0x00000000e5700000| Untracked 
|  88|0x00000000e5800000, 0x00000000e5800000, 0x00000000e5900000|  0%| F|  |TAMS 0x00000000e5800000, 0x00000000e5800000| Untracked 
|  89|0x00000000e5900000, 0x00000000e5900000, 0x00000000e5a00000|  0%| F|  |TAMS 0x00000000e5900000, 0x00000000e5900000| Untracked 
|  90|0x00000000e5a00000, 0x00000000e5a00000, 0x00000000e5b00000|  0%| F|  |TAMS 0x00000000e5a00000, 0x00000000e5a00000| Untracked 
|  91|0x00000000e5b00000, 0x00000000e5b00000, 0x00000000e5c00000|  0%| F|  |TAMS 0x00000000e5b00000, 0x00000000e5b00000| Untracked 
|  92|0x00000000e5c00000, 0x00000000e5c00000, 0x00000000e5d00000|  0%| F|  |TAMS 0x00000000e5c00000, 0x00000000e5c00000| Untracked 
|  93|0x00000000e5d00000, 0x00000000e5d00000, 0x00000000e5e00000|  0%| F|  |TAMS 0x00000000e5d00000, 0x00000000e5d00000| Untracked 
|  94|0x00000000e5e00000, 0x00000000e5e00000, 0x00000000e5f00000|  0%| F|  |TAMS 0x00000000e5e00000, 0x00000000e5e00000| Untracked 
|  95|0x00000000e5f00000, 0x00000000e5f00000, 0x00000000e6000000|  0%| F|  |TAMS 0x00000000e5f00000, 0x00000000e5f00000| Untracked 
|  96|0x00000000e6000000, 0x00000000e6000000, 0x00000000e6100000|  0%| F|  |TAMS 0x00000000e6000000, 0x00000000e6000000| Untracked 
|  97|0x00000000e6100000, 0x00000000e6100000, 0x00000000e6200000|  0%| F|  |TAMS 0x00000000e6100000, 0x00000000e6100000| Untracked 
|  98|0x00000000e6200000, 0x00000000e6200000, 0x00000000e6300000|  0%| F|  |TAMS 0x00000000e6200000, 0x00000000e6200000| Untracked 
|  99|0x00000000e6300000, 0x00000000e6300000, 0x00000000e6400000|  0%| F|  |TAMS 0x00000000e6300000, 0x00000000e6300000| Untracked 
| 100|0x00000000e6400000, 0x00000000e6400000, 0x00000000e6500000|  0%| F|  |TAMS 0x00000000e6400000, 0x00000000e6400000| Untracked 
| 101|0x00000000e6500000, 0x00000000e6500000, 0x00000000e6600000|  0%| F|  |TAMS 0x00000000e6500000, 0x00000000e6500000| Untracked 
| 102|0x00000000e6600000, 0x00000000e6600000, 0x00000000e6700000|  0%| F|  |TAMS 0x00000000e6600000, 0x00000000e6600000| Untracked 
| 103|0x00000000e6700000, 0x00000000e6700000, 0x00000000e6800000|  0%| F|  |TAMS 0x00000000e6700000, 0x00000000e6700000| Untracked 
| 104|0x00000000e6800000, 0x00000000e6800000, 0x00000000e6900000|  0%| F|  |TAMS 0x00000000e6800000, 0x00000000e6800000| Untracked 
| 105|0x00000000e6900000, 0x00000000e6900000, 0x00000000e6a00000|  0%| F|  |TAMS 0x00000000e6900000, 0x00000000e6900000| Untracked 
| 106|0x00000000e6a00000, 0x00000000e6a00000, 0x00000000e6b00000|  0%| F|  |TAMS 0x00000000e6a00000, 0x00000000e6a00000| Untracked 
| 107|0x00000000e6b00000, 0x00000000e6b00000, 0x00000000e6c00000|  0%| F|  |TAMS 0x00000000e6b00000, 0x00000000e6b00000| Untracked 
| 108|0x00000000e6c00000, 0x00000000e6c00000, 0x00000000e6d00000|  0%| F|  |TAMS 0x00000000e6c00000, 0x00000000e6c00000| Untracked 
| 109|0x00000000e6d00000, 0x00000000e6d00000, 0x00000000e6e00000|  0%| F|  |TAMS 0x00000000e6d00000, 0x00000000e6d00000| Untracked 
| 110|0x00000000e6e00000, 0x00000000e6e00000, 0x00000000e6f00000|  0%| F|  |TAMS 0x00000000e6e00000, 0x00000000e6e00000| Untracked 
| 111|0x00000000e6f00000, 0x00000000e6f00000, 0x00000000e7000000|  0%| F|  |TAMS 0x00000000e6f00000, 0x00000000e6f00000| Untracked 
| 112|0x00000000e7000000, 0x00000000e7000000, 0x00000000e7100000|  0%| F|  |TAMS 0x00000000e7000000, 0x00000000e7000000| Untracked 
| 113|0x00000000e7100000, 0x00000000e7100000, 0x00000000e7200000|  0%| F|  |TAMS 0x00000000e7100000, 0x00000000e7100000| Untracked 
| 114|0x00000000e7200000, 0x00000000e7200000, 0x00000000e7300000|  0%| F|  |TAMS 0x00000000e7200000, 0x00000000e7200000| Untracked 
| 115|0x00000000e7300000, 0x00000000e7300000, 0x00000000e7400000|  0%| F|  |TAMS 0x00000000e7300000, 0x00000000e7300000| Untracked 
| 116|0x00000000e7400000, 0x00000000e7400000, 0x00000000e7500000|  0%| F|  |TAMS 0x00000000e7400000, 0x00000000e7400000| Untracked 
| 117|0x00000000e7500000, 0x00000000e7500000, 0x00000000e7600000|  0%| F|  |TAMS 0x00000000e7500000, 0x00000000e7500000| Untracked 
| 118|0x00000000e7600000, 0x00000000e7600000, 0x00000000e7700000|  0%| F|  |TAMS 0x00000000e7600000, 0x00000000e7600000| Untracked 
| 119|0x00000000e7700000, 0x00000000e7700000, 0x00000000e7800000|  0%| F|  |TAMS 0x00000000e7700000, 0x00000000e7700000| Untracked 
| 120|0x00000000e7800000, 0x00000000e7800000, 0x00000000e7900000|  0%| F|  |TAMS 0x00000000e7800000, 0x00000000e7800000| Untracked 
| 121|0x00000000e7900000, 0x00000000e7900000, 0x00000000e7a00000|  0%| F|  |TAMS 0x00000000e7900000, 0x00000000e7900000| Untracked 
| 122|0x00000000e7a00000, 0x00000000e7a00000, 0x00000000e7b00000|  0%| F|  |TAMS 0x00000000e7a00000, 0x00000000e7a00000| Untracked 
| 123|0x00000000e7b00000, 0x00000000e7b00000, 0x00000000e7c00000|  0%| F|  |TAMS 0x00000000e7b00000, 0x00000000e7b00000| Untracked 
| 124|0x00000000e7c00000, 0x00000000e7c00000, 0x00000000e7d00000|  0%| F|  |TAMS 0x00000000e7c00000, 0x00000000e7c00000| Untracked 
| 125|0x00000000e7d00000, 0x00000000e7d00000, 0x00000000e7e00000|  0%| F|  |TAMS 0x00000000e7d00000, 0x00000000e7d00000| Untracked 
| 126|0x00000000e7e00000, 0x00000000e7e00000, 0x00000000e7f00000|  0%| F|  |TAMS 0x00000000e7e00000, 0x00000000e7e00000| Untracked 
| 127|0x00000000e7f00000, 0x00000000e7f00000, 0x00000000e8000000|  0%| F|  |TAMS 0x00000000e7f00000, 0x00000000e7f00000| Untracked 
| 128|0x00000000e8000000, 0x00000000e8000000, 0x00000000e8100000|  0%| F|  |TAMS 0x00000000e8000000, 0x00000000e8000000| Untracked 
| 129|0x00000000e8100000, 0x00000000e8100000, 0x00000000e8200000|  0%| F|  |TAMS 0x00000000e8100000, 0x00000000e8100000| Untracked 
| 130|0x00000000e8200000, 0x00000000e8200000, 0x00000000e8300000|  0%| F|  |TAMS 0x00000000e8200000, 0x00000000e8200000| Untracked 
| 131|0x00000000e8300000, 0x00000000e8300000, 0x00000000e8400000|  0%| F|  |TAMS 0x00000000e8300000, 0x00000000e8300000| Untracked 
| 132|0x00000000e8400000, 0x00000000e8400000, 0x00000000e8500000|  0%| F|  |TAMS 0x00000000e8400000, 0x00000000e8400000| Untracked 
| 133|0x00000000e8500000, 0x00000000e8500000, 0x00000000e8600000|  0%| F|  |TAMS 0x00000000e8500000, 0x00000000e8500000| Untracked 
| 134|0x00000000e8600000, 0x00000000e8600000, 0x00000000e8700000|  0%| F|  |TAMS 0x00000000e8600000, 0x00000000e8600000| Untracked 
| 135|0x00000000e8700000, 0x00000000e8700000, 0x00000000e8800000|  0%| F|  |TAMS 0x00000000e8700000, 0x00000000e8700000| Untracked 
| 136|0x00000000e8800000, 0x00000000e8800000, 0x00000000e8900000|  0%| F|  |TAMS 0x00000000e8800000, 0x00000000e8800000| Untracked 
| 137|0x00000000e8900000, 0x00000000e8900000, 0x00000000e8a00000|  0%| F|  |TAMS 0x00000000e8900000, 0x00000000e8900000| Untracked 
| 138|0x00000000e8a00000, 0x00000000e8a00000, 0x00000000e8b00000|  0%| F|  |TAMS 0x00000000e8a00000, 0x00000000e8a00000| Untracked 
| 139|0x00000000e8b00000, 0x00000000e8b00000, 0x00000000e8c00000|  0%| F|  |TAMS 0x00000000e8b00000, 0x00000000e8b00000| Untracked 
| 140|0x00000000e8c00000, 0x00000000e8c00000, 0x00000000e8d00000|  0%| F|  |TAMS 0x00000000e8c00000, 0x00000000e8c00000| Untracked 
| 141|0x00000000e8d00000, 0x00000000e8d00000, 0x00000000e8e00000|  0%| F|  |TAMS 0x00000000e8d00000, 0x00000000e8d00000| Untracked 
| 142|0x00000000e8e00000, 0x00000000e8e00000, 0x00000000e8f00000|  0%| F|  |TAMS 0x00000000e8e00000, 0x00000000e8e00000| Untracked 
| 143|0x00000000e8f00000, 0x00000000e8f00000, 0x00000000e9000000|  0%| F|  |TAMS 0x00000000e8f00000, 0x00000000e8f00000| Untracked 
| 144|0x00000000e9000000, 0x00000000e9000000, 0x00000000e9100000|  0%| F|  |TAMS 0x00000000e9000000, 0x00000000e9000000| Untracked 
| 145|0x00000000e9100000, 0x00000000e9100000, 0x00000000e9200000|  0%| F|  |TAMS 0x00000000e9100000, 0x00000000e9100000| Untracked 
| 146|0x00000000e9200000, 0x00000000e9200000, 0x00000000e9300000|  0%| F|  |TAMS 0x00000000e9200000, 0x00000000e9200000| Untracked 
| 147|0x00000000e9300000, 0x00000000e9300000, 0x00000000e9400000|  0%| F|  |TAMS 0x00000000e9300000, 0x00000000e9300000| Untracked 
| 148|0x00000000e9400000, 0x00000000e9400000, 0x00000000e9500000|  0%| F|  |TAMS 0x00000000e9400000, 0x00000000e9400000| Untracked 
| 149|0x00000000e9500000, 0x00000000e9500000, 0x00000000e9600000|  0%| F|  |TAMS 0x00000000e9500000, 0x00000000e9500000| Untracked 
| 150|0x00000000e9600000, 0x00000000e9600000, 0x00000000e9700000|  0%| F|  |TAMS 0x00000000e9600000, 0x00000000e9600000| Untracked 
| 151|0x00000000e9700000, 0x00000000e9700000, 0x00000000e9800000|  0%| F|  |TAMS 0x00000000e9700000, 0x00000000e9700000| Untracked 
| 152|0x00000000e9800000, 0x00000000e9800000, 0x00000000e9900000|  0%| F|  |TAMS 0x00000000e9800000, 0x00000000e9800000| Untracked 
| 153|0x00000000e9900000, 0x00000000e9900000, 0x00000000e9a00000|  0%| F|  |TAMS 0x00000000e9900000, 0x00000000e9900000| Untracked 
| 154|0x00000000e9a00000, 0x00000000e9a00000, 0x00000000e9b00000|  0%| F|  |TAMS 0x00000000e9a00000, 0x00000000e9a00000| Untracked 
| 155|0x00000000e9b00000, 0x00000000e9b00000, 0x00000000e9c00000|  0%| F|  |TAMS 0x00000000e9b00000, 0x00000000e9b00000| Untracked 
| 156|0x00000000e9c00000, 0x00000000e9c00000, 0x00000000e9d00000|  0%| F|  |TAMS 0x00000000e9c00000, 0x00000000e9c00000| Untracked 
| 157|0x00000000e9d00000, 0x00000000e9d00000, 0x00000000e9e00000|  0%| F|  |TAMS 0x00000000e9d00000, 0x00000000e9d00000| Untracked 
| 158|0x00000000e9e00000, 0x00000000e9e00000, 0x00000000e9f00000|  0%| F|  |TAMS 0x00000000e9e00000, 0x00000000e9e00000| Untracked 
| 159|0x00000000e9f00000, 0x00000000e9f00000, 0x00000000ea000000|  0%| F|  |TAMS 0x00000000e9f00000, 0x00000000e9f00000| Untracked 
| 160|0x00000000ea000000, 0x00000000ea000000, 0x00000000ea100000|  0%| F|  |TAMS 0x00000000ea000000, 0x00000000ea000000| Untracked 
| 161|0x00000000ea100000, 0x00000000ea100000, 0x00000000ea200000|  0%| F|  |TAMS 0x00000000ea100000, 0x00000000ea100000| Untracked 
| 162|0x00000000ea200000, 0x00000000ea200000, 0x00000000ea300000|  0%| F|  |TAMS 0x00000000ea200000, 0x00000000ea200000| Untracked 
| 163|0x00000000ea300000, 0x00000000ea300000, 0x00000000ea400000|  0%| F|  |TAMS 0x00000000ea300000, 0x00000000ea300000| Untracked 
| 164|0x00000000ea400000, 0x00000000ea400000, 0x00000000ea500000|  0%| F|  |TAMS 0x00000000ea400000, 0x00000000ea400000| Untracked 
| 165|0x00000000ea500000, 0x00000000ea500000, 0x00000000ea600000|  0%| F|  |TAMS 0x00000000ea500000, 0x00000000ea500000| Untracked 
| 166|0x00000000ea600000, 0x00000000ea600000, 0x00000000ea700000|  0%| F|  |TAMS 0x00000000ea600000, 0x00000000ea600000| Untracked 
| 167|0x00000000ea700000, 0x00000000ea700000, 0x00000000ea800000|  0%| F|  |TAMS 0x00000000ea700000, 0x00000000ea700000| Untracked 
| 168|0x00000000ea800000, 0x00000000ea800000, 0x00000000ea900000|  0%| F|  |TAMS 0x00000000ea800000, 0x00000000ea800000| Untracked 
| 169|0x00000000ea900000, 0x00000000ea900000, 0x00000000eaa00000|  0%| F|  |TAMS 0x00000000ea900000, 0x00000000ea900000| Untracked 
| 170|0x00000000eaa00000, 0x00000000eaa00000, 0x00000000eab00000|  0%| F|  |TAMS 0x00000000eaa00000, 0x00000000eaa00000| Untracked 
| 171|0x00000000eab00000, 0x00000000eab00000, 0x00000000eac00000|  0%| F|  |TAMS 0x00000000eab00000, 0x00000000eab00000| Untracked 
| 172|0x00000000eac00000, 0x00000000eac00000, 0x00000000ead00000|  0%| F|  |TAMS 0x00000000eac00000, 0x00000000eac00000| Untracked 
| 173|0x00000000ead00000, 0x00000000ead00000, 0x00000000eae00000|  0%| F|  |TAMS 0x00000000ead00000, 0x00000000ead00000| Untracked 
| 174|0x00000000eae00000, 0x00000000eae00000, 0x00000000eaf00000|  0%| F|  |TAMS 0x00000000eae00000, 0x00000000eae00000| Untracked 
| 175|0x00000000eaf00000, 0x00000000eaf00000, 0x00000000eb000000|  0%| F|  |TAMS 0x00000000eaf00000, 0x00000000eaf00000| Untracked 
| 176|0x00000000eb000000, 0x00000000eb000000, 0x00000000eb100000|  0%| F|  |TAMS 0x00000000eb000000, 0x00000000eb000000| Untracked 
| 177|0x00000000eb100000, 0x00000000eb100000, 0x00000000eb200000|  0%| F|  |TAMS 0x00000000eb100000, 0x00000000eb100000| Untracked 
| 178|0x00000000eb200000, 0x00000000eb200000, 0x00000000eb300000|  0%| F|  |TAMS 0x00000000eb200000, 0x00000000eb200000| Untracked 
| 179|0x00000000eb300000, 0x00000000eb300000, 0x00000000eb400000|  0%| F|  |TAMS 0x00000000eb300000, 0x00000000eb300000| Untracked 
| 180|0x00000000eb400000, 0x00000000eb400000, 0x00000000eb500000|  0%| F|  |TAMS 0x00000000eb400000, 0x00000000eb400000| Untracked 
| 181|0x00000000eb500000, 0x00000000eb500000, 0x00000000eb600000|  0%| F|  |TAMS 0x00000000eb500000, 0x00000000eb500000| Untracked 
| 182|0x00000000eb600000, 0x00000000eb600000, 0x00000000eb700000|  0%| F|  |TAMS 0x00000000eb600000, 0x00000000eb600000| Untracked 
| 183|0x00000000eb700000, 0x00000000eb700000, 0x00000000eb800000|  0%| F|  |TAMS 0x00000000eb700000, 0x00000000eb700000| Untracked 
| 184|0x00000000eb800000, 0x00000000eb800000, 0x00000000eb900000|  0%| F|  |TAMS 0x00000000eb800000, 0x00000000eb800000| Untracked 
| 185|0x00000000eb900000, 0x00000000eb900000, 0x00000000eba00000|  0%| F|  |TAMS 0x00000000eb900000, 0x00000000eb900000| Untracked 
| 186|0x00000000eba00000, 0x00000000eba00000, 0x00000000ebb00000|  0%| F|  |TAMS 0x00000000eba00000, 0x00000000eba00000| Untracked 
| 187|0x00000000ebb00000, 0x00000000ebb00000, 0x00000000ebc00000|  0%| F|  |TAMS 0x00000000ebb00000, 0x00000000ebb00000| Untracked 
| 188|0x00000000ebc00000, 0x00000000ebc80000, 0x00000000ebd00000| 50%| S|CS|TAMS 0x00000000ebc00000, 0x00000000ebc00000| Complete 
| 189|0x00000000ebd00000, 0x00000000ebe00000, 0x00000000ebe00000|100%| S|CS|TAMS 0x00000000ebd00000, 0x00000000ebd00000| Complete 
| 190|0x00000000ebe00000, 0x00000000ebf00000, 0x00000000ebf00000|100%| S|CS|TAMS 0x00000000ebe00000, 0x00000000ebe00000| Complete 
| 191|0x00000000ebf00000, 0x00000000ec000000, 0x00000000ec000000|100%| S|CS|TAMS 0x00000000ebf00000, 0x00000000ebf00000| Complete 
| 192|0x00000000ec000000, 0x00000000ec100000, 0x00000000ec100000|100%| S|CS|TAMS 0x00000000ec000000, 0x00000000ec000000| Complete 
| 193|0x00000000ec100000, 0x00000000ec200000, 0x00000000ec200000|100%| S|CS|TAMS 0x00000000ec100000, 0x00000000ec100000| Complete 
| 194|0x00000000ec200000, 0x00000000ec300000, 0x00000000ec300000|100%| S|CS|TAMS 0x00000000ec200000, 0x00000000ec200000| Complete 
| 195|0x00000000ec300000, 0x00000000ec400000, 0x00000000ec400000|100%| S|CS|TAMS 0x00000000ec300000, 0x00000000ec300000| Complete 
| 196|0x00000000ec400000, 0x00000000ec500000, 0x00000000ec500000|100%| S|CS|TAMS 0x00000000ec400000, 0x00000000ec400000| Complete 
| 197|0x00000000ec500000, 0x00000000ec600000, 0x00000000ec600000|100%| S|CS|TAMS 0x00000000ec500000, 0x00000000ec500000| Complete 
| 198|0x00000000ec600000, 0x00000000ec700000, 0x00000000ec700000|100%| S|CS|TAMS 0x00000000ec600000, 0x00000000ec600000| Complete 
| 199|0x00000000ec700000, 0x00000000ec700000, 0x00000000ec800000|  0%| F|  |TAMS 0x00000000ec700000, 0x00000000ec700000| Untracked 
| 200|0x00000000ec800000, 0x00000000ec800000, 0x00000000ec900000|  0%| F|  |TAMS 0x00000000ec800000, 0x00000000ec800000| Untracked 
| 201|0x00000000ec900000, 0x00000000ec900000, 0x00000000eca00000|  0%| F|  |TAMS 0x00000000ec900000, 0x00000000ec900000| Untracked 
| 202|0x00000000eca00000, 0x00000000eca00000, 0x00000000ecb00000|  0%| F|  |TAMS 0x00000000eca00000, 0x00000000eca00000| Untracked 
| 203|0x00000000ecb00000, 0x00000000ecb00000, 0x00000000ecc00000|  0%| F|  |TAMS 0x00000000ecb00000, 0x00000000ecb00000| Untracked 
| 204|0x00000000ecc00000, 0x00000000ecc00000, 0x00000000ecd00000|  0%| F|  |TAMS 0x00000000ecc00000, 0x00000000ecc00000| Untracked 
| 205|0x00000000ecd00000, 0x00000000ecd00000, 0x00000000ece00000|  0%| F|  |TAMS 0x00000000ecd00000, 0x00000000ecd00000| Untracked 
| 206|0x00000000ece00000, 0x00000000ece00000, 0x00000000ecf00000|  0%| F|  |TAMS 0x00000000ece00000, 0x00000000ece00000| Untracked 
| 207|0x00000000ecf00000, 0x00000000ecf00000, 0x00000000ed000000|  0%| F|  |TAMS 0x00000000ecf00000, 0x00000000ecf00000| Untracked 
| 208|0x00000000ed000000, 0x00000000ed000000, 0x00000000ed100000|  0%| F|  |TAMS 0x00000000ed000000, 0x00000000ed000000| Untracked 
| 209|0x00000000ed100000, 0x00000000ed100000, 0x00000000ed200000|  0%| F|  |TAMS 0x00000000ed100000, 0x00000000ed100000| Untracked 
| 210|0x00000000ed200000, 0x00000000ed200000, 0x00000000ed300000|  0%| F|  |TAMS 0x00000000ed200000, 0x00000000ed200000| Untracked 
| 211|0x00000000ed300000, 0x00000000ed300000, 0x00000000ed400000|  0%| F|  |TAMS 0x00000000ed300000, 0x00000000ed300000| Untracked 
| 212|0x00000000ed400000, 0x00000000ed400000, 0x00000000ed500000|  0%| F|  |TAMS 0x00000000ed400000, 0x00000000ed400000| Untracked 
| 213|0x00000000ed500000, 0x00000000ed500000, 0x00000000ed600000|  0%| F|  |TAMS 0x00000000ed500000, 0x00000000ed500000| Untracked 
| 214|0x00000000ed600000, 0x00000000ed600000, 0x00000000ed700000|  0%| F|  |TAMS 0x00000000ed600000, 0x00000000ed600000| Untracked 
| 215|0x00000000ed700000, 0x00000000ed700000, 0x00000000ed800000|  0%| F|  |TAMS 0x00000000ed700000, 0x00000000ed700000| Untracked 
| 216|0x00000000ed800000, 0x00000000ed800000, 0x00000000ed900000|  0%| F|  |TAMS 0x00000000ed800000, 0x00000000ed800000| Untracked 
| 217|0x00000000ed900000, 0x00000000ed900000, 0x00000000eda00000|  0%| F|  |TAMS 0x00000000ed900000, 0x00000000ed900000| Untracked 
| 218|0x00000000eda00000, 0x00000000eda00000, 0x00000000edb00000|  0%| F|  |TAMS 0x00000000eda00000, 0x00000000eda00000| Untracked 
| 219|0x00000000edb00000, 0x00000000edb00000, 0x00000000edc00000|  0%| F|  |TAMS 0x00000000edb00000, 0x00000000edb00000| Untracked 
| 220|0x00000000edc00000, 0x00000000edc00000, 0x00000000edd00000|  0%| F|  |TAMS 0x00000000edc00000, 0x00000000edc00000| Untracked 
| 221|0x00000000edd00000, 0x00000000edd00000, 0x00000000ede00000|  0%| F|  |TAMS 0x00000000edd00000, 0x00000000edd00000| Untracked 
| 222|0x00000000ede00000, 0x00000000ede00000, 0x00000000edf00000|  0%| F|  |TAMS 0x00000000ede00000, 0x00000000ede00000| Untracked 
| 223|0x00000000edf00000, 0x00000000edf00000, 0x00000000ee000000|  0%| F|  |TAMS 0x00000000edf00000, 0x00000000edf00000| Untracked 
| 224|0x00000000ee000000, 0x00000000ee000000, 0x00000000ee100000|  0%| F|  |TAMS 0x00000000ee000000, 0x00000000ee000000| Untracked 
| 225|0x00000000ee100000, 0x00000000ee100000, 0x00000000ee200000|  0%| F|  |TAMS 0x00000000ee100000, 0x00000000ee100000| Untracked 
| 226|0x00000000ee200000, 0x00000000ee200000, 0x00000000ee300000|  0%| F|  |TAMS 0x00000000ee200000, 0x00000000ee200000| Untracked 
| 227|0x00000000ee300000, 0x00000000ee300000, 0x00000000ee400000|  0%| F|  |TAMS 0x00000000ee300000, 0x00000000ee300000| Untracked 
| 228|0x00000000ee400000, 0x00000000ee400000, 0x00000000ee500000|  0%| F|  |TAMS 0x00000000ee400000, 0x00000000ee400000| Untracked 
| 229|0x00000000ee500000, 0x00000000ee500000, 0x00000000ee600000|  0%| F|  |TAMS 0x00000000ee500000, 0x00000000ee500000| Untracked 
| 230|0x00000000ee600000, 0x00000000ee600000, 0x00000000ee700000|  0%| F|  |TAMS 0x00000000ee600000, 0x00000000ee600000| Untracked 
| 231|0x00000000ee700000, 0x00000000ee700000, 0x00000000ee800000|  0%| F|  |TAMS 0x00000000ee700000, 0x00000000ee700000| Untracked 
| 232|0x00000000ee800000, 0x00000000ee800000, 0x00000000ee900000|  0%| F|  |TAMS 0x00000000ee800000, 0x00000000ee800000| Untracked 
| 233|0x00000000ee900000, 0x00000000ee900000, 0x00000000eea00000|  0%| F|  |TAMS 0x00000000ee900000, 0x00000000ee900000| Untracked 
| 234|0x00000000eea00000, 0x00000000eea00000, 0x00000000eeb00000|  0%| F|  |TAMS 0x00000000eea00000, 0x00000000eea00000| Untracked 
| 235|0x00000000eeb00000, 0x00000000eeb00000, 0x00000000eec00000|  0%| F|  |TAMS 0x00000000eeb00000, 0x00000000eeb00000| Untracked 
| 236|0x00000000eec00000, 0x00000000eec00000, 0x00000000eed00000|  0%| F|  |TAMS 0x00000000eec00000, 0x00000000eec00000| Untracked 
| 237|0x00000000eed00000, 0x00000000eed00000, 0x00000000eee00000|  0%| F|  |TAMS 0x00000000eed00000, 0x00000000eed00000| Untracked 
| 238|0x00000000eee00000, 0x00000000eee00000, 0x00000000eef00000|  0%| F|  |TAMS 0x00000000eee00000, 0x00000000eee00000| Untracked 
| 239|0x00000000eef00000, 0x00000000eef00000, 0x00000000ef000000|  0%| F|  |TAMS 0x00000000eef00000, 0x00000000eef00000| Untracked 
| 240|0x00000000ef000000, 0x00000000ef000000, 0x00000000ef100000|  0%| F|  |TAMS 0x00000000ef000000, 0x00000000ef000000| Untracked 
| 241|0x00000000ef100000, 0x00000000ef100000, 0x00000000ef200000|  0%| F|  |TAMS 0x00000000ef100000, 0x00000000ef100000| Untracked 
| 242|0x00000000ef200000, 0x00000000ef200000, 0x00000000ef300000|  0%| F|  |TAMS 0x00000000ef200000, 0x00000000ef200000| Untracked 
| 243|0x00000000ef300000, 0x00000000ef300000, 0x00000000ef400000|  0%| F|  |TAMS 0x00000000ef300000, 0x00000000ef300000| Untracked 
| 244|0x00000000ef400000, 0x00000000ef400000, 0x00000000ef500000|  0%| F|  |TAMS 0x00000000ef400000, 0x00000000ef400000| Untracked 
| 245|0x00000000ef500000, 0x00000000ef500000, 0x00000000ef600000|  0%| F|  |TAMS 0x00000000ef500000, 0x00000000ef500000| Untracked 
| 246|0x00000000ef600000, 0x00000000ef600000, 0x00000000ef700000|  0%| F|  |TAMS 0x00000000ef600000, 0x00000000ef600000| Untracked 
| 247|0x00000000ef700000, 0x00000000ef700000, 0x00000000ef800000|  0%| F|  |TAMS 0x00000000ef700000, 0x00000000ef700000| Untracked 
| 248|0x00000000ef800000, 0x00000000ef800000, 0x00000000ef900000|  0%| F|  |TAMS 0x00000000ef800000, 0x00000000ef800000| Untracked 
| 249|0x00000000ef900000, 0x00000000ef900000, 0x00000000efa00000|  0%| F|  |TAMS 0x00000000ef900000, 0x00000000ef900000| Untracked 
| 250|0x00000000efa00000, 0x00000000efa00000, 0x00000000efb00000|  0%| F|  |TAMS 0x00000000efa00000, 0x00000000efa00000| Untracked 
| 251|0x00000000efb00000, 0x00000000efb00000, 0x00000000efc00000|  0%| F|  |TAMS 0x00000000efb00000, 0x00000000efb00000| Untracked 
| 252|0x00000000efc00000, 0x00000000efc00000, 0x00000000efd00000|  0%| F|  |TAMS 0x00000000efc00000, 0x00000000efc00000| Untracked 
| 253|0x00000000efd00000, 0x00000000efd00000, 0x00000000efe00000|  0%| F|  |TAMS 0x00000000efd00000, 0x00000000efd00000| Untracked 
| 254|0x00000000efe00000, 0x00000000efe00000, 0x00000000eff00000|  0%| F|  |TAMS 0x00000000efe00000, 0x00000000efe00000| Untracked 
| 255|0x00000000eff00000, 0x00000000eff00000, 0x00000000f0000000|  0%| F|  |TAMS 0x00000000eff00000, 0x00000000eff00000| Untracked 

Card table byte_map: [0x000002867bee0000,0x000002867bfe0000] _byte_map_base: 0x000002867b7e0000

Marking Bits (Prev, Next): (CMBitMap*) 0x0000028673758ac8, (CMBitMap*) 0x0000028673758b08
 Prev Bits: [0x000002867c0e0000, 0x000002867c8e0000)
 Next Bits: [0x000002867c8e0000, 0x000002867d0e0000)

Polling page: 0x00000286715f0000

Metaspace:

Usage:
  Non-class:     34.14 MB capacity,    33.44 MB ( 98%) used,   609.88 KB (  2%) free+waste,   112.00 KB ( <1%) overhead. 
      Class:      5.75 MB capacity,     5.35 MB ( 93%) used,   357.29 KB (  6%) free+waste,    54.75 KB ( <1%) overhead. 
       Both:     39.89 MB capacity,    38.79 MB ( 97%) used,   967.17 KB (  2%) free+waste,   166.75 KB ( <1%) overhead. 

Virtual space:
  Non-class space:       36.00 MB reserved,      34.20 MB ( 95%) committed 
      Class space:      248.00 MB reserved,       5.75 MB (  2%) committed 
             Both:      284.00 MB reserved,      39.95 MB ( 14%) committed 

Chunk freelists:
   Non-Class:  0 bytes
       Class:  0 bytes
        Both:  0 bytes

MaxMetaspaceSize: 256.00 MB
CompressedClassSpaceSize: 248.00 MB

CodeHeap 'non-profiled nmethods': size=120000Kb used=3369Kb max_used=3369Kb free=116630Kb
 bounds [0x0000028607ad0000, 0x0000028607e20000, 0x000002860f000000]
CodeHeap 'profiled nmethods': size=120000Kb used=9147Kb max_used=9147Kb free=110852Kb
 bounds [0x00000286005a0000, 0x0000028600e90000, 0x0000028607ad0000]
CodeHeap 'non-nmethods': size=5760Kb used=2413Kb max_used=2462Kb free=3346Kb
 bounds [0x0000028600000000, 0x0000028600270000, 0x00000286005a0000]
 total_blobs=4851 nmethods=4051 adapters=712
 compilation: enabled
              stopped_count=0, restarted_count=0
 full_count=0

Compilation events (20 events):
Event: 19.407 Thread 0x000002867f6ce000 nmethod 4037 0x0000028607e18a10 code [0x0000028607e18bc0, 0x0000028607e18cf8]
Event: 19.407 Thread 0x000002867f6d7000 nmethod 4040 0x0000028600e89f10 code [0x0000028600e8a0c0, 0x0000028600e8a308]
Event: 19.407 Thread 0x000002867f6d7000 4041       3       java.lang.invoke.LambdaFormEditor::bindArgumentForm (269 bytes)
Event: 19.408 Thread 0x000002867f6ce000 4044       4       java.util.ImmutableCollections$ListN::size (6 bytes)
Event: 19.409 Thread 0x000002867f6d7000 nmethod 4041 0x0000028600e8a410 code [0x0000028600e8a7e0, 0x0000028600e8c248]
Event: 19.409 Thread 0x000002867f6ce000 nmethod 4044 0x0000028607e19390 code [0x0000028607e19520, 0x0000028607e195f8]
Event: 19.409 Thread 0x000002867f6d7000 4043       3       java.lang.invoke.MethodHandleNatives::refKindIsGetter (32 bytes)
Event: 19.409 Thread 0x000002867f6d7000 nmethod 4043 0x0000028600e8cd90 code [0x0000028600e8cf20, 0x0000028600e8d078]
Event: 19.411 Thread 0x000002867f6d7000 4047       3       java.lang.invoke.LambdaForm$NamedFunction::<init> (82 bytes)
Event: 19.411 Thread 0x000002867f6d7000 nmethod 4047 0x0000028600e8d110 code [0x0000028600e8d2c0, 0x0000028600e8d558]
Event: 19.411 Thread 0x000002867f6d7000 4049       3       java.lang.invoke.InvokerBytecodeGenerator::assertStaticType (58 bytes)
Event: 19.412 Thread 0x000002867f6d7000 nmethod 4049 0x0000028600e8d610 code [0x0000028600e8d7e0, 0x0000028600e8dd18]
Event: 19.412 Thread 0x000002867f6d7000 4050       3       java.lang.invoke.BoundMethodHandle::bindArgumentL (11 bytes)
Event: 19.412 Thread 0x000002867f6d7000 nmethod 4050 0x0000028600e8df90 code [0x0000028600e8e180, 0x0000028600e8e698]
Event: 19.412 Thread 0x000002867f6d7000 4051       3       java.lang.invoke.LambdaFormEditor::bindArgumentL (59 bytes)
Event: 19.412 Thread 0x000002867f6d7000 nmethod 4051 0x0000028600e8e890 code [0x0000028600e8ea60, 0x0000028600e8ed28]
Event: 19.412 Thread 0x000002867f6d7000 4052       1       java.lang.invoke.LambdaForm$BasicType::basicTypeChar (5 bytes)
Event: 19.412 Thread 0x000002867f6d7000 nmethod 4052 0x0000028607e19c90 code [0x0000028607e19e20, 0x0000028607e19ef8]
Event: 19.413 Thread 0x000002867f6ce000 4053       4       jdk.internal.org.objectweb.asm.SymbolTable::addType (81 bytes)
Event: 19.415 Thread 0x000002867f6d7000 4056       3       jdk.internal.org.objectweb.asm.MethodWriter::visitVarInsn (302 bytes)

GC Heap History (14 events):
Event: 0.607 GC heap before
{Heap before GC invocations=0 (full 0):
 garbage-first heap   total 262144K, used 15360K [0x00000000e0000000, 0x0000000100000000)
  region size 1024K, 13 young (13312K), 0 survivors (0K)
 Metaspace       used 1160K, capacity 4891K, committed 5120K, reserved 262144K
  class space    used 98K, capacity 480K, committed 512K, reserved 253952K
}
Event: 0.612 GC heap after
{Heap after GC invocations=1 (full 0):
 garbage-first heap   total 262144K, used 3471K [0x00000000e0000000, 0x0000000100000000)
  region size 1024K, 2 young (2048K), 2 survivors (2048K)
 Metaspace       used 1160K, capacity 4891K, committed 5120K, reserved 262144K
  class space    used 98K, capacity 480K, committed 512K, reserved 253952K
}
Event: 1.096 GC heap before
{Heap before GC invocations=1 (full 0):
 garbage-first heap   total 262144K, used 20879K [0x00000000e0000000, 0x0000000100000000)
  region size 1024K, 16 young (16384K), 2 survivors (2048K)
 Metaspace       used 3463K, capacity 6249K, committed 6400K, reserved 262144K
  class space    used 449K, capacity 744K, committed 768K, reserved 253952K
}
Event: 1.103 GC heap after
{Heap after GC invocations=2 (full 0):
 garbage-first heap   total 262144K, used 9612K [0x00000000e0000000, 0x0000000100000000)
  region size 1024K, 2 young (2048K), 2 survivors (2048K)
 Metaspace       used 3463K, capacity 6249K, committed 6400K, reserved 262144K
  class space    used 449K, capacity 744K, committed 768K, reserved 253952K
}
Event: 1.636 GC heap before
{Heap before GC invocations=2 (full 0):
 garbage-first heap   total 262144K, used 33164K [0x00000000e0000000, 0x0000000100000000)
  region size 1024K, 25 young (25600K), 2 survivors (2048K)
 Metaspace       used 4400K, capacity 6853K, committed 7040K, reserved 262144K
  class space    used 547K, capacity 817K, committed 896K, reserved 253952K
}
Event: 1.639 GC heap after
{Heap after GC invocations=3 (full 0):
 garbage-first heap   total 262144K, used 10176K [0x00000000e0000000, 0x0000000100000000)
  region size 1024K, 3 young (3072K), 3 survivors (3072K)
 Metaspace       used 4400K, capacity 6853K, committed 7040K, reserved 262144K
  class space    used 547K, capacity 817K, committed 896K, reserved 253952K
}
Event: 6.306 GC heap before
{Heap before GC invocations=3 (full 0):
 garbage-first heap   total 262144K, used 163776K [0x00000000e0000000, 0x0000000100000000)
  region size 1024K, 153 young (156672K), 3 survivors (3072K)
 Metaspace       used 19878K, capacity 20501K, committed 20608K, reserved 272384K
  class space    used 2945K, capacity 3162K, committed 3200K, reserved 253952K
}
Event: 6.323 GC heap after
{Heap after GC invocations=4 (full 0):
 garbage-first heap   total 262144K, used 19610K [0x00000000e0000000, 0x0000000100000000)
  region size 1024K, 12 young (12288K), 12 survivors (12288K)
 Metaspace       used 19878K, capacity 20501K, committed 20608K, reserved 272384K
  class space    used 2945K, capacity 3162K, committed 3200K, reserved 253952K
}
Event: 6.789 GC heap before
{Heap before GC invocations=4 (full 0):
 garbage-first heap   total 262144K, used 26778K [0x00000000e0000000, 0x0000000100000000)
  region size 1024K, 20 young (20480K), 12 survivors (12288K)
 Metaspace       used 20682K, capacity 21214K, committed 21296K, reserved 272384K
  class space    used 3068K, capacity 3293K, committed 3328K, reserved 253952K
}
Event: 6.800 GC heap after
{Heap after GC invocations=5 (full 0):
 garbage-first heap   total 262144K, used 20109K [0x00000000e0000000, 0x0000000100000000)
  region size 1024K, 11 young (11264K), 11 survivors (11264K)
 Metaspace       used 20682K, capacity 21214K, committed 21296K, reserved 272384K
  class space    used 3068K, capacity 3293K, committed 3328K, reserved 253952K
}
Event: 16.911 GC heap before
{Heap before GC invocations=6 (full 0):
 garbage-first heap   total 262144K, used 154253K [0x00000000e0000000, 0x0000000100000000)
  region size 1024K, 141 young (144384K), 11 survivors (11264K)
 Metaspace       used 34783K, capacity 35739K, committed 35920K, reserved 284672K
  class space    used 4811K, capacity 5144K, committed 5248K, reserved 253952K
}
Event: 16.934 GC heap after
{Heap after GC invocations=7 (full 0):
 garbage-first heap   total 262144K, used 29820K [0x00000000e0000000, 0x0000000100000000)
  region size 1024K, 20 young (20480K), 20 survivors (20480K)
 Metaspace       used 34783K, capacity 35739K, committed 35920K, reserved 284672K
  class space    used 4811K, capacity 5144K, committed 5248K, reserved 253952K
}
Event: 19.416 GC heap before
{Heap before GC invocations=8 (full 0):
 garbage-first heap   total 262144K, used 87164K [0x00000000e0000000, 0x0000000100000000)
  region size 1024K, 77 young (78848K), 20 survivors (20480K)
 Metaspace       used 39717K, capacity 40851K, committed 40912K, reserved 290816K
  class space    used 5475K, capacity 5888K, committed 5888K, reserved 253952K
}
Event: 19.447 GC heap after
{Heap after GC invocations=9 (full 0):
 garbage-first heap   total 262144K, used 29804K [0x00000000e0000000, 0x0000000100000000)
  region size 1024K, 11 young (11264K), 11 survivors (11264K)
 Metaspace       used 39717K, capacity 40851K, committed 40912K, reserved 290816K
  class space    used 5475K, capacity 5888K, committed 5888K, reserved 253952K
}

Deoptimization events (20 events):
Event: 19.276 Thread 0x0000028610f5a800 DEOPT PACKING pc=0x0000028600b8502c sp=0x000000f142df67e0
Event: 19.276 Thread 0x0000028610f5a800 DEOPT UNPACKING pc=0x000002860004964e sp=0x000000f142df5d78 mode 1
Event: 19.276 Thread 0x0000028610f5a800 DEOPT PACKING pc=0x0000028600b8368c sp=0x000000f142df67b0
Event: 19.276 Thread 0x0000028610f5a800 DEOPT UNPACKING pc=0x000002860004964e sp=0x000000f142df5cf8 mode 1
Event: 19.276 Thread 0x0000028610f5a800 DEOPT PACKING pc=0x0000028600b8502c sp=0x000000f142df6970
Event: 19.276 Thread 0x0000028610f5a800 DEOPT UNPACKING pc=0x000002860004964e sp=0x000000f142df5f08 mode 1
Event: 19.278 Thread 0x0000028610f5a800 DEOPT PACKING pc=0x0000028600b8502c sp=0x000000f142df67d0
Event: 19.278 Thread 0x0000028610f5a800 DEOPT UNPACKING pc=0x000002860004964e sp=0x000000f142df5d68 mode 1
Event: 19.279 Thread 0x0000028610f5a800 DEOPT PACKING pc=0x0000028600b8368c sp=0x000000f142df67a0
Event: 19.279 Thread 0x0000028610f5a800 DEOPT UNPACKING pc=0x000002860004964e sp=0x000000f142df5ce8 mode 1
Event: 19.279 Thread 0x0000028610f5a800 DEOPT PACKING pc=0x0000028600b8502c sp=0x000000f142df6960
Event: 19.279 Thread 0x0000028610f5a800 DEOPT UNPACKING pc=0x000002860004964e sp=0x000000f142df5ef8 mode 1
Event: 19.319 Thread 0x0000028610f5a800 Uncommon trap: trap_request=0xffffff45 fr.pc=0x0000028607ca3438 relative=0x0000000000001818
Event: 19.320 Thread 0x0000028610f5a800 Uncommon trap: reason=unstable_if action=reinterpret pc=0x0000028607ca3438 method=jdk.internal.org.objectweb.asm.Frame.execute(IILjdk/internal/org/objectweb/asm/Symbol;Ljdk/internal/org/objectweb/asm/SymbolTable;)V @ 1 c2
Event: 19.320 Thread 0x0000028610f5a800 DEOPT PACKING pc=0x0000028607ca3438 sp=0x000000f142df75e0
Event: 19.320 Thread 0x0000028610f5a800 DEOPT UNPACKING pc=0x000002860004912f sp=0x000000f142df75e0 mode 2
Event: 19.413 Thread 0x0000028610f5a800 Uncommon trap: trap_request=0xffffff45 fr.pc=0x0000028607e16d78 relative=0x00000000000005f8
Event: 19.413 Thread 0x0000028610f5a800 Uncommon trap: reason=unstable_if action=reinterpret pc=0x0000028607e16d78 method=jdk.internal.org.objectweb.asm.MethodWriter.visitVarInsn(II)V @ 230 c2
Event: 19.413 Thread 0x0000028610f5a800 DEOPT PACKING pc=0x0000028607e16d78 sp=0x000000f142df7770
Event: 19.413 Thread 0x0000028610f5a800 DEOPT UNPACKING pc=0x000002860004912f sp=0x000000f142df7730 mode 2

Classes unloaded (0 events):
No events

Classes redefined (0 events):
No events

Internal exceptions (20 events):
Event: 16.788 Thread 0x0000028610f5a800 Exception <a 'java/lang/ClassNotFoundException'{0x00000000e7418f68}: org/gradle/initialization/DefaultProjectDescriptorBeanInfo> (0x00000000e7418f68) 
thrown [./open/src/hotspot/share/classfile/systemDictionary.cpp, line 226]
Event: 16.791 Thread 0x0000028610f5a800 Exception <a 'java/lang/ClassNotFoundException'{0x00000000e7443d98}: org/gradle/initialization/DefaultProjectDescriptorCustomizer> (0x00000000e7443d98) 
thrown [./open/src/hotspot/share/classfile/systemDictionary.cpp, line 226]
Event: 16.908 Thread 0x0000028610f5a800 Implicit null exception at 0x0000028607cd8012 to 0x0000028607cd80ec
Event: 17.861 Thread 0x0000028610f5a800 Implicit null exception at 0x0000028607b1ffe8 to 0x0000028607b2007a
Event: 18.104 Thread 0x0000028610f5a800 Exception <a 'java/lang/ClassNotFoundException'{0x00000000ee0113e8}: build_an6c592v1wn4x7swmq42o5cpfBeanInfo> (0x00000000ee0113e8) 
thrown [./open/src/hotspot/share/classfile/systemDictionary.cpp, line 226]
Event: 18.105 Thread 0x0000028610f5a800 Exception <a 'java/lang/ClassNotFoundException'{0x00000000ee02a788}: org/gradle/api/internal/project/ProjectScriptBeanInfo> (0x00000000ee02a788) 
thrown [./open/src/hotspot/share/classfile/systemDictionary.cpp, line 226]
Event: 18.107 Thread 0x0000028610f5a800 Exception <a 'java/lang/ClassNotFoundException'{0x00000000ee043e78}: org/gradle/api/internal/project/ProjectScriptCustomizer> (0x00000000ee043e78) 
thrown [./open/src/hotspot/share/classfile/systemDictionary.cpp, line 226]
Event: 18.109 Thread 0x0000028610f5a800 Exception <a 'java/lang/ClassNotFoundException'{0x00000000ee060e38}: build_an6c592v1wn4x7swmq42o5cpfCustomizer> (0x00000000ee060e38) 
thrown [./open/src/hotspot/share/classfile/systemDictionary.cpp, line 226]
Event: 18.125 Thread 0x0000028610f5a800 Exception <a 'java/lang/ClassNotFoundException'{0x00000000ee0f43c0}: org/gradle/plugin/use/internal/PluginRequestCollector$PluginDependenciesSpecImplBeanInfo> (0x00000000ee0f43c0) 
thrown [./open/src/hotspot/share/classfile/systemDictionary.cpp, line 226]
Event: 18.127 Thread 0x0000028610f5a800 Exception <a 'java/lang/ClassNotFoundException'{0x00000000edf29bc0}: org/gradle/plugin/use/internal/PluginRequestCollector$PluginDependenciesSpecImplCustomizer> (0x00000000edf29bc0) 
thrown [./open/src/hotspot/share/classfile/systemDictionary.cpp, line 226]
Event: 18.135 Thread 0x0000028610f5a800 Exception <a 'java/lang/ClassNotFoundException'{0x00000000edf925d8}: org/gradle/plugin/use/internal/PluginRequestCollector$PluginDependencySpecImplBeanInfo> (0x00000000edf925d8) 
thrown [./open/src/hotspot/share/classfile/systemDictionary.cpp, line 226]
Event: 18.136 Thread 0x0000028610f5a800 Exception <a 'java/lang/ClassNotFoundException'{0x00000000edfc6b98}: org/gradle/plugin/use/internal/PluginRequestCollector$PluginDependencySpecImplCustomizer> (0x00000000edfc6b98) 
thrown [./open/src/hotspot/share/classfile/systemDictionary.cpp, line 226]
Event: 18.297 Thread 0x0000028610f5a800 Exception <a 'java/lang/NoSuchMethodError'{0x00000000edb9ed48}: 'void java.lang.invoke.DirectMethodHandle$Holder.invokeInterface(java.lang.Object, java.lang.Object)'> (0x00000000edb9ed48) 
thrown [./open/src/hotspot/share/interpreter/linkResolver.cpp, line 766]
Event: 19.151 Thread 0x0000028610f5a800 Exception <a 'java/lang/NoSuchMethodError'{0x00000000ecaf7a88}: 'void java.lang.invoke.DirectMethodHandle$Holder.invokeStatic(java.lang.Object, java.lang.Object, java.lang.Object, int, java.lang.Object)'> (0x00000000ecaf7a88) 
thrown [./open/src/hotspot/share/interpreter/linkResolver.cpp, line 766]
Event: 19.315 Thread 0x0000028610f5a800 Exception <a 'java/lang/NoSuchMethodError'{0x00000000ec8cddb0}: 'java.lang.Object java.lang.invoke.DelegatingMethodHandle$Holder.reinvoke_L(java.lang.Object, java.lang.Object, java.lang.Object, java.lang.Object, java.lang.Object, java.lang.Object, java.lang.Object, java.lang.Object, java.lang.Object, java.lang.Object, java.lang.Object, java.lang.Object, java.lang.Object, java.lang.Object, java.lang.Object, java.lang.Object, java.lang.Object, java.lang.Object, java.lang.Object, java.lang.Object, java.lang.O
Event: 19.317 Thread 0x0000028610f5a800 Exception <a 'java/lang/NoSuchMethodError'{0x00000000ec8d7d98}: 'java.lang.Object java.lang.invoke.Invokers$Holder.invoker(java.lang.Object, java.lang.Object, java.lang.Object, java.lang.Object, java.lang.Object, java.lang.Object, java.lang.Object, java.lang.Object, java.lang.Object, java.lang.Object, java.lang.Object, java.lang.Object, java.lang.Object, java.lang.Object, java.lang.Object, java.lang.Object, java.lang.Object, java.lang.Object, java.lang.Object, java.lang.Object, java.lang.Object)'> (0x00000
Event: 19.317 Thread 0x0000028610f5a800 Exception <a 'java/lang/NoSuchMethodError'{0x00000000ec8de2d0}: 'java.lang.Object java.lang.invoke.DelegatingMethodHandle$Holder.delegate(java.lang.Object, java.lang.Object, java.lang.Object, java.lang.Object, java.lang.Object, java.lang.Object, java.lang.Object, java.lang.Object, java.lang.Object, java.lang.Object, java.lang.Object, java.lang.Object, java.lang.Object, java.lang.Object, java.lang.Object, java.lang.Object, java.lang.Object, java.lang.Object, java.lang.Object, java.lang.Object, java.lang.Obj
Event: 19.408 Thread 0x0000028610f5a800 Exception <a 'java/lang/NoSuchMethodError'{0x00000000ec7213d8}: 'java.lang.Object java.lang.invoke.DirectMethodHandle$Holder.invokeStatic(java.lang.Object, java.lang.Object, java.lang.Object, java.lang.Object, java.lang.Object, java.lang.Object, java.lang.Object, java.lang.Object, java.lang.Object, java.lang.Object, java.lang.Object, java.lang.Object, java.lang.Object, java.lang.Object, java.lang.Object)'> (0x00000000ec7213d8) 
thrown [./open/src/hotspot/share/interpreter/linkResolver.cpp, line 766]
Event: 19.410 Thread 0x0000028610f5a800 Exception <a 'java/lang/NoSuchMethodError'{0x00000000ec72f9e0}: 'java.lang.Object java.lang.invoke.DirectMethodHandle$Holder.invokeStatic(java.lang.Object, java.lang.Object, java.lang.Object, java.lang.Object, java.lang.Object, java.lang.Object, java.lang.Object, java.lang.Object, java.lang.Object, java.lang.Object, java.lang.Object, java.lang.Object, java.lang.Object, java.lang.Object, java.lang.Object, java.lang.Object)'> (0x00000000ec72f9e0) 
thrown [./open/src/hotspot/share/interpreter/linkResolver.cpp
Event: 19.414 Thread 0x0000028610f5a800 Exception <a 'java/lang/NoSuchMethodError'{0x00000000ec756f48}: 'java.lang.Object java.lang.invoke.DirectMethodHandle$Holder.invokeStatic(java.lang.Object, java.lang.Object, java.lang.Object, java.lang.Object, java.lang.Object, java.lang.Object, java.lang.Object, java.lang.Object, java.lang.Object, java.lang.Object, java.lang.Object, java.lang.Object, java.lang.Object, java.lang.Object, java.lang.Object, java.lang.Object, java.lang.Object)'> (0x00000000ec756f48) 
thrown [./open/src/hotspot/share/interprete

Events (20 events):
Event: 19.280 Thread 0x0000028612ed6000 Thread added: 0x0000028612ed6000
Event: 19.328 loading class java/lang/invoke/BoundMethodHandle$Species_LLLLLLLL
Event: 19.343 Executing VM operation: HandshakeAllThreads
Event: 19.371 loading class java/lang/invoke/BoundMethodHandle$Species_LLLLLLLL done
Event: 19.371 Executing VM operation: HandshakeAllThreads done
Event: 19.373 loading class java/lang/invoke/BoundMethodHandle$Species_LLLLLLLLL
Event: 19.373 loading class java/lang/invoke/BoundMethodHandle$Species_LLLLLLLLL done
Event: 19.375 loading class java/lang/invoke/BoundMethodHandle$Species_LLLLLLLLLL
Event: 19.375 loading class java/lang/invoke/BoundMethodHandle$Species_LLLLLLLLLL done
Event: 19.376 loading class java/lang/invoke/BoundMethodHandle$Species_LLLLLLLLLLL
Event: 19.378 Executing VM operation: HandshakeAllThreads
Event: 19.405 loading class java/lang/invoke/BoundMethodHandle$Species_LLLLLLLLLLL done
Event: 19.405 Executing VM operation: HandshakeAllThreads done
Event: 19.407 loading class java/lang/invoke/BoundMethodHandle$Species_LLLLLLLLLLLL
Event: 19.407 loading class java/lang/invoke/BoundMethodHandle$Species_LLLLLLLLLLLL done
Event: 19.410 loading class java/lang/invoke/BoundMethodHandle$Species_LLLLLLLLLLLLL
Event: 19.410 loading class java/lang/invoke/BoundMethodHandle$Species_LLLLLLLLLLLLL done
Event: 19.412 loading class java/lang/invoke/BoundMethodHandle$Species_LLLLLLLLLLLLLL
Event: 19.412 loading class java/lang/invoke/BoundMethodHandle$Species_LLLLLLLLLLLLLL done
Event: 19.416 Executing VM operation: CollectForMetadataAllocation


Dynamic libraries:
0x00007ff6526c0000 - 0x00007ff6526cf000 	C:\Program Files\java\jdk-14.0.2_windows-x64_bin\jdk-14.0.2\bin\java.exe
0x00007ffc79370000 - 0x00007ffc79565000 	C:\WINDOWS\SYSTEM32\ntdll.dll
0x00007ffc78ff0000 - 0x00007ffc790ae000 	C:\WINDOWS\System32\KERNEL32.DLL
0x00007ffc76e30000 - 0x00007ffc770f8000 	C:\WINDOWS\System32\KERNELBASE.dll
0x00007ffc771e0000 - 0x00007ffc772e0000 	C:\WINDOWS\System32\ucrtbase.dll
0x00007ffc6a290000 - 0x00007ffc6a2a8000 	C:\Program Files\java\jdk-14.0.2_windows-x64_bin\jdk-14.0.2\bin\jli.dll
0x00007ffc70860000 - 0x00007ffc70875000 	C:\Program Files\java\jdk-14.0.2_windows-x64_bin\jdk-14.0.2\bin\VCRUNTIME140.dll
0x00007ffc79220000 - 0x00007ffc792ce000 	C:\WINDOWS\System32\ADVAPI32.dll
0x00007ffc77dd0000 - 0x00007ffc77e6e000 	C:\WINDOWS\System32\msvcrt.dll
0x00007ffc78f50000 - 0x00007ffc78fec000 	C:\WINDOWS\System32\sechost.dll
0x00007ffc780c0000 - 0x00007ffc781e5000 	C:\WINDOWS\System32\RPCRT4.dll
0x00007ffc77570000 - 0x00007ffc77710000 	C:\WINDOWS\System32\USER32.dll
0x00007ffc66360000 - 0x00007ffc665fa000 	C:\WINDOWS\WinSxS\amd64_microsoft.windows.common-controls_6595b64144ccf1df_6.0.19041.1110_none_60b5254171f9507e\COMCTL32.dll
0x00007ffc76e00000 - 0x00007ffc76e22000 	C:\WINDOWS\System32\win32u.dll
0x00007ffc78ca0000 - 0x00007ffc78cca000 	C:\WINDOWS\System32\GDI32.dll
0x00007ffc76bf0000 - 0x00007ffc76cfb000 	C:\WINDOWS\System32\gdi32full.dll
0x00007ffc772e0000 - 0x00007ffc7737d000 	C:\WINDOWS\System32\msvcp_win.dll
0x00007ffc6d5f0000 - 0x00007ffc6d5fa000 	C:\WINDOWS\SYSTEM32\VERSION.dll
0x00007ffc790b0000 - 0x00007ffc790e0000 	C:\WINDOWS\System32\IMM32.DLL
0x00007ffc60040000 - 0x00007ffc600db000 	C:\Program Files\java\jdk-14.0.2_windows-x64_bin\jdk-14.0.2\bin\msvcp140.dll
0x00007ffc29020000 - 0x00007ffc29b3e000 	C:\Program Files\java\jdk-14.0.2_windows-x64_bin\jdk-14.0.2\bin\server\jvm.dll
0x00007ffc78cd0000 - 0x00007ffc78cd8000 	C:\WINDOWS\System32\PSAPI.DLL
0x00007ffc6d6a0000 - 0x00007ffc6d6a9000 	C:\WINDOWS\SYSTEM32\WSOCK32.dll
0x00007ffc68100000 - 0x00007ffc68127000 	C:\WINDOWS\SYSTEM32\WINMM.dll
0x00007ffc78050000 - 0x00007ffc780bb000 	C:\WINDOWS\System32\WS2_32.dll
0x00007ffc74970000 - 0x00007ffc74982000 	C:\WINDOWS\SYSTEM32\kernel.appcore.dll
0x00007ffc6a270000 - 0x00007ffc6a27a000 	C:\Program Files\java\jdk-14.0.2_windows-x64_bin\jdk-14.0.2\bin\jimage.dll
0x00007ffc611f0000 - 0x00007ffc613d4000 	C:\WINDOWS\SYSTEM32\DBGHELP.DLL
0x00007ffc611c0000 - 0x00007ffc611ec000 	C:\WINDOWS\SYSTEM32\dbgcore.DLL
0x00007ffc76d70000 - 0x00007ffc76df2000 	C:\WINDOWS\System32\bcryptPrimitives.dll
0x00007ffc62950000 - 0x00007ffc62988000 	C:\Program Files\java\jdk-14.0.2_windows-x64_bin\jdk-14.0.2\bin\jdwp.dll
0x00007ffc5ff80000 - 0x00007ffc5ffa5000 	C:\Program Files\java\jdk-14.0.2_windows-x64_bin\jdk-14.0.2\bin\java.dll
0x00007ffc62a70000 - 0x00007ffc62a86000 	C:\Program Files\java\jdk-14.0.2_windows-x64_bin\jdk-14.0.2\bin\zip.dll
0x00007ffc781f0000 - 0x00007ffc78934000 	C:\WINDOWS\System32\SHELL32.dll
0x00007ffc74b70000 - 0x00007ffc75304000 	C:\WINDOWS\SYSTEM32\windows.storage.dll
0x00007ffc78940000 - 0x00007ffc78c94000 	C:\WINDOWS\System32\combase.dll
0x00007ffc76420000 - 0x00007ffc7644c000 	C:\WINDOWS\SYSTEM32\Wldp.dll
0x00007ffc773d0000 - 0x00007ffc7747d000 	C:\WINDOWS\System32\SHCORE.dll
0x00007ffc791a0000 - 0x00007ffc791f5000 	C:\WINDOWS\System32\shlwapi.dll
0x00007ffc769d0000 - 0x00007ffc769ef000 	C:\WINDOWS\SYSTEM32\profapi.dll
0x00007ffc6a240000 - 0x00007ffc6a24b000 	C:\Program Files\java\jdk-14.0.2_windows-x64_bin\jdk-14.0.2\bin\dt_socket.dll
0x00007ffc75ec0000 - 0x00007ffc75efb000 	C:\WINDOWS\SYSTEM32\IPHLPAPI.DLL
0x00007ffc76200000 - 0x00007ffc7626a000 	C:\WINDOWS\system32\mswsock.dll
0x00007ffc62930000 - 0x00007ffc62949000 	C:\Program Files\java\jdk-14.0.2_windows-x64_bin\jdk-14.0.2\bin\net.dll
0x00007ffc691c0000 - 0x00007ffc692ca000 	C:\WINDOWS\SYSTEM32\WINHTTP.dll
0x00007ffc608c0000 - 0x00007ffc608d2000 	C:\Program Files\java\jdk-14.0.2_windows-x64_bin\jdk-14.0.2\bin\nio.dll
0x00007ffc61ed0000 - 0x00007ffc61ee0000 	C:\Program Files\java\jdk-14.0.2_windows-x64_bin\jdk-14.0.2\bin\verify.dll
0x00007ffc58e30000 - 0x00007ffc58e57000 	C:\Users\Vinay Sharma\.gradle\native\e1d6ef7f7dcc3fd88c89a11ec53ec762bb8ba0a96d01ffa2cd45eb1d1d8dd5c5\windows-amd64\native-platform.dll
0x00007ffc5fe30000 - 0x00007ffc5ff74000 	C:\Users\Vinay Sharma\.gradle\native\0d407fdbe67a94daf76414ababcb853783967236a71b16ec16e742cd7a986fd3\windows-amd64\native-platform-file-events.dll
0x00007ffc60760000 - 0x00007ffc60769000 	C:\Program Files\java\jdk-14.0.2_windows-x64_bin\jdk-14.0.2\bin\management.dll
0x00007ffc60750000 - 0x00007ffc6075b000 	C:\Program Files\java\jdk-14.0.2_windows-x64_bin\jdk-14.0.2\bin\management_ext.dll
0x00007ffc765f0000 - 0x00007ffc76608000 	C:\WINDOWS\SYSTEM32\CRYPTSP.dll
0x00007ffc75b30000 - 0x00007ffc75b64000 	C:\WINDOWS\system32\rsaenh.dll
0x00007ffc771b0000 - 0x00007ffc771d7000 	C:\WINDOWS\System32\bcrypt.dll
0x00007ffc76990000 - 0x00007ffc769be000 	C:\WINDOWS\SYSTEM32\USERENV.dll
0x00007ffc76390000 - 0x00007ffc7639c000 	C:\WINDOWS\SYSTEM32\CRYPTBASE.dll
0x00007ffc77560000 - 0x00007ffc77568000 	C:\WINDOWS\System32\NSI.dll
0x00007ffc6f930000 - 0x00007ffc6f947000 	C:\WINDOWS\SYSTEM32\dhcpcsvc6.DLL
0x00007ffc6f910000 - 0x00007ffc6f92d000 	C:\WINDOWS\SYSTEM32\dhcpcsvc.DLL
0x00007ffc75f10000 - 0x00007ffc75fdb000 	C:\WINDOWS\SYSTEM32\DNSAPI.dll

dbghelp: loaded successfully - version: 4.0.5 - missing functions: none
symbol engine: initialized successfully - sym options: 0x614 - pdb path: .;C:\Program Files\java\jdk-14.0.2_windows-x64_bin\jdk-14.0.2\bin;C:\WINDOWS\SYSTEM32;C:\WINDOWS\WinSxS\amd64_microsoft.windows.common-controls_6595b64144ccf1df_6.0.19041.1110_none_60b5254171f9507e;C:\Program Files\java\jdk-14.0.2_windows-x64_bin\jdk-14.0.2\bin\server;C:\Users\Vinay Sharma\.gradle\native\e1d6ef7f7dcc3fd88c89a11ec53ec762bb8ba0a96d01ffa2cd45eb1d1d8dd5c5\windows-amd64;C:\Users\Vinay Sharma\.gradle\native\0d407fdbe67a94daf76414ababcb853783967236a71b16ec16e742cd7a986fd3\windows-amd64

VM Arguments:
jvm_args: -XX:MaxMetaspaceSize=256m -XX:+HeapDumpOnOutOfMemoryError -agentlib:jdwp=transport=dt_socket,server=n,suspend=y,address=127.0.0.1:57591 --add-opens=java.base/java.util=ALL-UNNAMED --add-opens=java.base/java.lang=ALL-UNNAMED --add-opens=java.base/java.lang.invoke=ALL-UNNAMED --add-opens=java.base/java.util=ALL-UNNAMED --add-opens=java.prefs/java.util.prefs=ALL-UNNAMED --add-opens=java.prefs/java.util.prefs=ALL-UNNAMED --add-opens=java.base/java.nio.charset=ALL-UNNAMED --add-opens=java.base/java.net=ALL-UNNAMED --add-opens=java.base/java.util.concurrent.atomic=ALL-UNNAMED -Xms256m -Xmx512m -Dfile.encoding=windows-1252 -Duser.country=IN -Duser.language=en -Duser.variant 
java_command: org.gradle.launcher.daemon.bootstrap.GradleDaemon 7.4.1
java_class_path (initial): C:\Users\Vinay Sharma\.gradle\wrapper\dists\gradle-7.4.1-bin\58kw26xllvsiedyf3nujyarhn\gradle-7.4.1\lib\gradle-launcher-7.4.1.jar
Launcher Type: SUN_STANDARD

[Global flags]
     intx CICompilerCount                          = 3                                         {product} {ergonomic}
   size_t CompressedClassSpaceSize                 = 260046848                                 {product} {ergonomic}
     uint ConcGCThreads                            = 1                                         {product} {ergonomic}
     uint G1ConcRefinementThreads                  = 4                                         {product} {ergonomic}
   size_t G1HeapRegionSize                         = 1048576                                   {product} {ergonomic}
    uintx GCDrainStackTargetSize                   = 64                                        {product} {ergonomic}
     bool HeapDumpOnOutOfMemoryError               = true                                   {manageable} {command line}
   size_t InitialHeapSize                          = 268435456                                 {product} {command line}
   size_t MarkStackSize                            = 4194304                                   {product} {ergonomic}
   size_t MaxHeapSize                              = 536870912                                 {product} {command line}
   size_t MaxMetaspaceSize                         = 268435456                                 {product} {command line}
   size_t MaxNewSize                               = 321912832                                 {product} {ergonomic}
   size_t MinHeapDeltaBytes                        = 1048576                                   {product} {ergonomic}
   size_t MinHeapSize                              = 268435456                                 {product} {command line}
    uintx NonNMethodCodeHeapSize                   = 5832780                                {pd product} {ergonomic}
    uintx NonProfiledCodeHeapSize                  = 122912730                              {pd product} {ergonomic}
    uintx ProfiledCodeHeapSize                     = 122912730                              {pd product} {ergonomic}
    uintx ReservedCodeCacheSize                    = 251658240                              {pd product} {ergonomic}
     bool SegmentedCodeCache                       = true                                      {product} {ergonomic}
   size_t SoftMaxHeapSize                          = 536870912                              {manageable} {ergonomic}
     bool UseCompressedClassPointers               = true                                 {lp64_product} {ergonomic}
     bool UseCompressedOops                        = true                                 {lp64_product} {ergonomic}
     bool UseG1GC                                  = true                                      {product} {ergonomic}
     bool UseLargePagesIndividualAllocation        = false                                  {pd product} {ergonomic}

Logging:
Log output configuration:
 #0: stdout all=warning uptime,level,tags
 #1: stderr all=off uptime,level,tags

Environment Variables:
JAVA_HOME=C:\Program Files\java\jdk-14.0.2_windows-x64_bin\jdk-14.0.2
PATH=C:\Python39\Scripts\;C:\Python39\;C:\Program Files (x86)\Intel\iCLS Client\;C:\Program Files\Intel\iCLS Client\;C:\Windows\system32;C:\Windows;C:\Windows\System32\Wbem;C:\Windows\System32\WindowsPowerShell\v1.0\;C:\Windows\System32\OpenSSH\;E:\;C:\Program Files (x86)\Intel\Intel(R) Management Engine Components\DAL;C:\Program Files\Intel\Intel(R) Management Engine Components\DAL;C:\Program Files (x86)\Intel\Intel(R) Management Engine Components\IPT;C:\Program Files\Intel\Intel(R) Management Engine Components\IPT;C:\WINDOWS\system32;C:\WINDOWS;C:\WINDOWS\System32\Wbem;C:\WINDOWS\System32\WindowsPowerShell\v1.0\;C:\WINDOWS\System32\OpenSSH\;C:\ProgramData\chocolatey\bin;C:\Program Files\Microsoft SQL Server\Client SDK\ODBC\170\Tools\Binn\;C:\Program Files (x86)\Microsoft SQL Server\150\Tools\Binn\;C:\Program Files\Microsoft SQL Server\150\Tools\Binn\;C:\Program Files\Microsoft SQL Server\150\DTS\Binn\;C:\Program Files (x86)\Microsoft SQL Server\150\DTS\Binn\;C:\Program Files\Git\cmd;C:\Program Files\nodejs\;C:\Users\Vinay Sharma\AppData\Local\Microsoft\WindowsApps;F:\IntelliJ IDEA Community Edition 2020.2\bin;;E:\;C:\Program Files\Azure Data Studio\bin;C:\Users\Vinay Sharma\AppData\Local\Programs\Microsoft VS Code\bin;C:\Users\Vinay Sharma\AppData\Roaming\npm;C:\Program Files\java\openjdk-11+28_windows-x64_bin\jdk-11\bin;
USERNAME=Vinay Sharma
OS=Windows_NT
PROCESSOR_IDENTIFIER=Intel64 Family 6 Model 58 Stepping 9, GenuineIntel



---------------  S Y S T E M  ---------------

OS: Windows 10 , 64 bit Build 19041 (10.0.19041.1645)
OS uptime: 0 days 4:15 hours
HyperV virtualization detected

CPU:total 4 (initial active 4) (2 cores per cpu, 2 threads per core) family 6 model 58 stepping 9, cmov, cx8, fxsr, mmx, sse, sse2, sse3, ssse3, sse4.1, sse4.2, popcnt, avx, aes, clmul, erms, ht, tsc, tscinvbit, tscinv

Memory: 4k page, system-wide physical 8096M (547M free)
TotalPageFile size 8096M (AvailPageFile size 4M)
current process WorkingSet (physical memory assigned to process): 350M, peak: 350M
current process commit charge ("private bytes"): 453M, peak: 469M

vm_info: Java HotSpot(TM) 64-Bit Server VM (14.0.2+12-46) for windows-amd64 JRE (14.0.2+12-46), built on Jul  9 2020 00:35:52 by "mach5one" with MS VC++ 15.9 (VS2017)

END.
