#
# There is insufficient memory for the Java Runtime Environment to continue.
# Native memory allocation (malloc) failed to allocate 172976 bytes for Chunk::new
# Possible reasons:
#   The system is out of physical RAM or swap space
#   The process is running with CompressedOops enabled, and the Java Heap may be blocking the growth of the native heap
# Possible solutions:
#   Reduce memory load on the system
#   Increase physical memory or swap space
#   Check if swap backing store is full
#   Decrease Java heap size (-Xmx/-Xms)
#   Decrease number of Java threads
#   Decrease Java thread stack sizes (-Xss)
#   Set larger code cache with -XX:ReservedCodeCacheSize=
#   JVM is running with Unscaled Compressed Oops mode in which the Java heap is
#     placed in the first 4GB address space. The Java Heap base address is the
#     maximum limit for the native heap growth. Please use -XX:HeapBaseMinAddress
#     to set the Java Heap base and to place the Java Heap above 4GB virtual address.
# This output file may be truncated or incomplete.
#
#  Out of Memory Error (./open/src/hotspot/share/memory/arena.cpp:195), pid=1220, tid=8768
#
# JRE version: Java(TM) SE Runtime Environment (14.0.2+12) (build 14.0.2+12-46)
# Java VM: Java HotSpot(TM) 64-Bit Server VM (14.0.2+12-46, mixed mode, sharing, tiered, compressed oops, g1 gc, windows-amd64)
# No core dump will be written. Minidumps are not enabled by default on client versions of Windows
#

---------------  S U M M A R Y ------------

Command Line: -XX:MaxMetaspaceSize=256m -XX:+HeapDumpOnOutOfMemoryError -agentlib:jdwp=transport=dt_socket,server=n,suspend=y,address=127.0.0.1:53177 --add-opens=java.base/java.util=ALL-UNNAMED --add-opens=java.base/java.lang=ALL-UNNAMED --add-opens=java.base/java.lang.invoke=ALL-UNNAMED --add-opens=java.base/java.util=ALL-UNNAMED --add-opens=java.prefs/java.util.prefs=ALL-UNNAMED --add-opens=java.prefs/java.util.prefs=ALL-UNNAMED --add-opens=java.base/java.nio.charset=ALL-UNNAMED --add-opens=java.base/java.net=ALL-UNNAMED --add-opens=java.base/java.util.concurrent.atomic=ALL-UNNAMED -Xms256m -Xmx512m -Dfile.encoding=windows-1252 -Duser.country=IN -Duser.language=en -Duser.variant org.gradle.launcher.daemon.bootstrap.GradleDaemon 7.4.1

Host: Intel(R) Core(TM) i5-3360M CPU @ 2.80GHz, 4 cores, 7G,  Windows 10 , 64 bit Build 19041 (10.0.19041.1645)
Time: Tue Apr 26 20:57:15 2022 India Standard Time elapsed time: 1242 seconds (0d 0h 20m 42s)

---------------  T H R E A D  ---------------

Current thread (0x00000169f0870000):  JavaThread "C2 CompilerThread0" daemon [_thread_in_native, id=8768, stack(0x0000004933d00000,0x0000004933e00000)]


Current CompileTask:
C2:1242598 8413       4       java.io.File::<init> (111 bytes)

Stack: [0x0000004933d00000,0x0000004933e00000]
Native frames: (J=compiled Java code, j=interpreted, Vv=VM code, C=native code)
V  [jvm.dll+0x5f8a9a]
V  [jvm.dll+0x74247a]
V  [jvm.dll+0x743c2f]
V  [jvm.dll+0x744273]
V  [jvm.dll+0x20d288]
V  [jvm.dll+0xabb07]
V  [jvm.dll+0xac1fc]
V  [jvm.dll+0x276db4]
V  [jvm.dll+0x50cffa]
V  [jvm.dll+0x1ee1da]
V  [jvm.dll+0x1e7cfb]
V  [jvm.dll+0x1e4f98]
V  [jvm.dll+0x1779cc]
V  [jvm.dll+0x1f4105]
V  [jvm.dll+0x1f22eb]
V  [jvm.dll+0x7070cd]
V  [jvm.dll+0x6ffeda]
V  [jvm.dll+0x5f78f6]
C  [ucrtbase.dll+0x21bb2]
C  [KERNEL32.DLL+0x17034]
C  [ntdll.dll+0x52651]


---------------  P R O C E S S  ---------------

Threads class SMR info:
_java_thread_list=0x00000169f8a1e5d0, length=90, elements={
0x00000169d58c1000, 0x00000169f0849800, 0x00000169f084b800, 0x00000169f086b000,
0x00000169f086c000, 0x00000169f086d800, 0x00000169f0870000, 0x00000169f0878800,
0x00000169f0882000, 0x00000169f12ce000, 0x00000169f1302800, 0x00000169f1304800,
0x00000169f1321000, 0x00000169f1330800, 0x00000169f267f000, 0x00000169f2cab800,
0x00000169f2d7c800, 0x00000169f225e000, 0x00000169f308f800, 0x00000169f248c800,
0x00000169f29e8800, 0x00000169f2475000, 0x00000169f087a000, 0x00000169f087b000,
0x00000169f087b800, 0x00000169f0879800, 0x00000169f0876000, 0x00000169f0877000,
0x00000169f0877800, 0x00000169f749e800, 0x00000169f749f000, 0x00000169f74a1800,
0x00000169f74a2800, 0x00000169f74a5000, 0x00000169f74a5800, 0x00000169f74a0000,
0x00000169f74a8000, 0x00000169f74aa800, 0x00000169f74a6800, 0x00000169f74ad000,
0x00000169f74a9000, 0x00000169f74a7000, 0x00000169f74ab800, 0x00000169f74ac000,
0x00000169f7889800, 0x00000169f788a800, 0x00000169f788b800, 0x00000169f7888000,
0x00000169f7889000, 0x00000169f7886800, 0x00000169f788c000, 0x00000169f788d000,
0x00000169f7887000, 0x00000169f788e800, 0x00000169f788f800, 0x00000169f7893800,
0x00000169f7891000, 0x00000169f788e000, 0x00000169f7890000, 0x00000169f7894800,
0x00000169f7895000, 0x00000169f7892000, 0x00000169f7892800, 0x00000169f74a0800,
0x00000169f1425000, 0x00000169f1420800, 0x00000169f1426800, 0x00000169f1427800,
0x00000169f1421800, 0x00000169f1422800, 0x00000169f1428000, 0x00000169f1429000,
0x00000169f1423000, 0x00000169f1424000, 0x00000169f1429800, 0x00000169f142a800,
0x00000169f142b800, 0x00000169f1425800, 0x00000169f142d000, 0x00000169f142c000,
0x00000169f142e000, 0x00000169f142e800, 0x00000169f142f800, 0x00000169f8025800,
0x00000169f8028000, 0x00000169f8024800, 0x00000169f8023000, 0x00000169f8026800,
0x00000169f8029000, 0x00000169f8029800
}

Java Threads: ( => current thread )
  0x00000169d58c1000 JavaThread "main" [_thread_blocked, id=10716, stack(0x0000004933100000,0x0000004933200000)]
  0x00000169f0849800 JavaThread "Reference Handler" daemon [_thread_blocked, id=11604, stack(0x0000004933800000,0x0000004933900000)]
  0x00000169f084b800 JavaThread "Finalizer" daemon [_thread_blocked, id=1032, stack(0x0000004933900000,0x0000004933a00000)]
  0x00000169f086b000 JavaThread "Signal Dispatcher" daemon [_thread_blocked, id=11304, stack(0x0000004933a00000,0x0000004933b00000)]
  0x00000169f086c000 JavaThread "Attach Listener" daemon [_thread_blocked, id=10816, stack(0x0000004933b00000,0x0000004933c00000)]
  0x00000169f086d800 JavaThread "Service Thread" daemon [_thread_blocked, id=12232, stack(0x0000004933c00000,0x0000004933d00000)]
=>0x00000169f0870000 JavaThread "C2 CompilerThread0" daemon [_thread_in_native, id=8768, stack(0x0000004933d00000,0x0000004933e00000)]
  0x00000169f0878800 JavaThread "C1 CompilerThread0" daemon [_thread_blocked, id=2060, stack(0x0000004933e00000,0x0000004933f00000)]
  0x00000169f0882000 JavaThread "Sweeper thread" daemon [_thread_blocked, id=9796, stack(0x0000004933f00000,0x0000004934000000)]
  0x00000169f12ce000 JavaThread "Common-Cleaner" daemon [_thread_blocked, id=1248, stack(0x0000004934000000,0x0000004934100000)]
  0x00000169f1302800 JavaThread "JDWP Transport Listener: dt_socket" daemon [_thread_blocked, id=11320, stack(0x0000004934100000,0x0000004934200000)]
  0x00000169f1304800 JavaThread "JDWP Event Helper Thread" daemon [_thread_blocked, id=2784, stack(0x0000004934200000,0x0000004934300000)]
  0x00000169f1321000 JavaThread "JDWP Command Reader" daemon [_thread_in_native, id=9316, stack(0x0000004934300000,0x0000004934400000)]
  0x00000169f1330800 JavaThread "Notification Thread" daemon [_thread_blocked, id=11408, stack(0x0000004934400000,0x0000004934500000)]
  0x00000169f267f000 JavaThread "Daemon health stats" [_thread_blocked, id=9780, stack(0x0000004934a00000,0x0000004934b00000)]
  0x00000169f2cab800 JavaThread "Incoming local TCP Connector on port 53185" [_thread_in_native, id=2716, stack(0x0000004934600000,0x0000004934700000)]
  0x00000169f2d7c800 JavaThread "Daemon periodic checks" [_thread_blocked, id=10976, stack(0x0000004934b00000,0x0000004934c00000)]
  0x00000169f225e000 JavaThread "Daemon" [_thread_blocked, id=2336, stack(0x0000004934d00000,0x0000004934e00000)]
  0x00000169f308f800 JavaThread "Handler for socket connection from /127.0.0.1:53185 to /127.0.0.1:53186" [_thread_in_native, id=10204, stack(0x0000004934e00000,0x0000004934f00000)]
  0x00000169f248c800 JavaThread "Cancel handler" [_thread_blocked, id=12116, stack(0x0000004934f00000,0x0000004935000000)]
  0x00000169f29e8800 JavaThread "Daemon worker" [_thread_blocked, id=11516, stack(0x0000004935000000,0x0000004935100000)]
  0x00000169f2475000 JavaThread "Asynchronous log dispatcher for DefaultDaemonConnection: socket connection from /127.0.0.1:53185 to /127.0.0.1:53186" [_thread_blocked, id=2104, stack(0x0000004935100000,0x0000004935200000)]
  0x00000169f087a000 JavaThread "Stdin handler" [_thread_blocked, id=9548, stack(0x0000004935200000,0x0000004935300000)]
  0x00000169f087b000 JavaThread "Daemon client event forwarder" [_thread_blocked, id=3588, stack(0x0000004935300000,0x0000004935400000)]
  0x00000169f087b800 JavaThread "Cache worker for journal cache (C:\Users\Vinay Sharma\.gradle\caches\journal-1)" [_thread_blocked, id=9000, stack(0x0000004934c00000,0x0000004934d00000)]
  0x00000169f0879800 JavaThread "File lock request listener" [_thread_in_native, id=11480, stack(0x0000004935400000,0x0000004935500000)]
  0x00000169f0876000 JavaThread "Cache worker for file hash cache (C:\Users\Vinay Sharma\.gradle\caches\7.4.1\fileHashes)" [_thread_blocked, id=4264, stack(0x0000004935500000,0x0000004935600000)]
  0x00000169f0877000 JavaThread "File watcher server" daemon [_thread_in_native, id=12156, stack(0x0000004935700000,0x0000004935800000)]
  0x00000169f0877800 JavaThread "File watcher consumer" daemon [_thread_blocked, id=1956, stack(0x0000004935800000,0x0000004935900000)]
  0x00000169f749e800 JavaThread "Cache worker for checksums cache (E:\messanger\.gradle\7.4.1\checksums)" [_thread_blocked, id=11292, stack(0x0000004935900000,0x0000004935a00000)]
  0x00000169f749f000 JavaThread "Cache worker for cache directory md-rule (C:\Users\Vinay Sharma\.gradle\caches\7.4.1\md-rule)" [_thread_blocked, id=8684, stack(0x0000004935a00000,0x0000004935b00000)]
  0x00000169f74a1800 JavaThread "Cache worker for file hash cache (E:\messanger\.gradle\7.4.1\fileHashes)" [_thread_blocked, id=10212, stack(0x0000004935b00000,0x0000004935c00000)]
  0x00000169f74a2800 JavaThread "Cache worker for cache directory md-supplier (C:\Users\Vinay Sharma\.gradle\caches\7.4.1\md-supplier)" [_thread_blocked, id=4848, stack(0x0000004935c00000,0x0000004935d00000)]
  0x00000169f74a5000 JavaThread "Cache worker for execution history cache (C:\Users\Vinay Sharma\.gradle\caches\7.4.1\executionHistory)" [_thread_blocked, id=9996, stack(0x0000004935d00000,0x0000004935e00000)]
  0x00000169f74a5800 JavaThread "jar transforms" [_thread_blocked, id=11300, stack(0x0000004935e00000,0x0000004935f00000)]
  0x00000169f74a0000 JavaThread "jar transforms Thread 2" [_thread_blocked, id=9304, stack(0x0000004935f00000,0x0000004936000000)]
  0x00000169f74a8000 JavaThread "Cache worker for file content cache (C:\Users\Vinay Sharma\.gradle\caches\7.4.1\fileContent)" [_thread_blocked, id=10448, stack(0x0000004936000000,0x0000004936100000)]
  0x00000169f74aa800 JavaThread "jar transforms Thread 3" [_thread_blocked, id=2028, stack(0x0000004936100000,0x0000004936200000)]
  0x00000169f74a6800 JavaThread "jar transforms Thread 4" [_thread_blocked, id=6892, stack(0x0000004936200000,0x0000004936300000)]
  0x00000169f74ad000 JavaThread "Cache worker for dependencies-accessors (E:\messanger\.gradle\7.4.1\dependencies-accessors)" [_thread_blocked, id=2792, stack(0x0000004936300000,0x0000004936400000)]
  0x00000169f74a9000 JavaThread "Cache worker for Build Output Cleanup Cache (E:\messanger\.gradle\buildOutputCleanup)" [_thread_blocked, id=9436, stack(0x0000004936400000,0x0000004936500000)]
  0x00000169f74a7000 JavaThread "Unconstrained build operations" [_thread_blocked, id=9576, stack(0x0000004936500000,0x0000004936600000)]
  0x00000169f74ab800 JavaThread "Unconstrained build operations Thread 2" [_thread_blocked, id=488, stack(0x0000004936600000,0x0000004936700000)]
  0x00000169f74ac000 JavaThread "Unconstrained build operations Thread 3" [_thread_blocked, id=11432, stack(0x0000004936700000,0x0000004936800000)]
  0x00000169f7889800 JavaThread "Unconstrained build operations Thread 4" [_thread_blocked, id=8688, stack(0x0000004936800000,0x0000004936900000)]
  0x00000169f788a800 JavaThread "Unconstrained build operations Thread 5" [_thread_blocked, id=9784, stack(0x0000004936900000,0x0000004936a00000)]
  0x00000169f788b800 JavaThread "Unconstrained build operations Thread 6" [_thread_blocked, id=11296, stack(0x0000004936a00000,0x0000004936b00000)]
  0x00000169f7888000 JavaThread "Unconstrained build operations Thread 7" [_thread_blocked, id=7156, stack(0x0000004936b00000,0x0000004936c00000)]
  0x00000169f7889000 JavaThread "Unconstrained build operations Thread 8" [_thread_blocked, id=10608, stack(0x0000004936c00000,0x0000004936d00000)]
  0x00000169f7886800 JavaThread "Unconstrained build operations Thread 9" [_thread_blocked, id=7096, stack(0x0000004936d00000,0x0000004936e00000)]
  0x00000169f788c000 JavaThread "Unconstrained build operations Thread 10" [_thread_blocked, id=6564, stack(0x0000004936e00000,0x0000004936f00000)]
  0x00000169f788d000 JavaThread "Unconstrained build operations Thread 11" [_thread_blocked, id=11784, stack(0x0000004936f00000,0x0000004937000000)]
  0x00000169f7887000 JavaThread "Unconstrained build operations Thread 12" [_thread_blocked, id=10188, stack(0x0000004937000000,0x0000004937100000)]
  0x00000169f788e800 JavaThread "Unconstrained build operations Thread 13" [_thread_blocked, id=5168, stack(0x0000004937100000,0x0000004937200000)]
  0x00000169f788f800 JavaThread "Unconstrained build operations Thread 14" [_thread_blocked, id=2348, stack(0x0000004937200000,0x0000004937300000)]
  0x00000169f7893800 JavaThread "Unconstrained build operations Thread 15" [_thread_blocked, id=7184, stack(0x0000004937300000,0x0000004937400000)]
  0x00000169f7891000 JavaThread "Unconstrained build operations Thread 16" [_thread_blocked, id=1596, stack(0x0000004937400000,0x0000004937500000)]
  0x00000169f788e000 JavaThread "Unconstrained build operations Thread 17" [_thread_blocked, id=5352, stack(0x0000004937500000,0x0000004937600000)]
  0x00000169f7890000 JavaThread "Unconstrained build operations Thread 18" [_thread_blocked, id=8420, stack(0x0000004937600000,0x0000004937700000)]
  0x00000169f7894800 JavaThread "Unconstrained build operations Thread 19" [_thread_blocked, id=8252, stack(0x0000004937700000,0x0000004937800000)]
  0x00000169f7895000 JavaThread "Memory manager" [_thread_blocked, id=11064, stack(0x0000004937800000,0x0000004937900000)]
  0x00000169f7892000 JavaThread "included builds" [_thread_blocked, id=6304, stack(0x0000004937a00000,0x0000004937b00000)]
  0x00000169f7892800 JavaThread "Execution worker for ':'" [_thread_blocked, id=9244, stack(0x0000004937b00000,0x0000004937c00000)]
  0x00000169f74a0800 JavaThread "Execution worker for ':' Thread 2" [_thread_blocked, id=5688, stack(0x0000004937c00000,0x0000004937d00000)]
  0x00000169f1425000 JavaThread "Execution worker for ':' Thread 3" [_thread_blocked, id=10552, stack(0x0000004937d00000,0x0000004937e00000)]
  0x00000169f1420800 JavaThread "Cache worker for execution history cache (E:\messanger\.gradle\7.4.1\executionHistory)" [_thread_blocked, id=10588, stack(0x0000004937e00000,0x0000004937f00000)]
  0x00000169f1426800 JavaThread "Unconstrained build operations Thread 20" [_thread_blocked, id=9624, stack(0x0000004937f00000,0x0000004938000000)]
  0x00000169f1427800 JavaThread "Unconstrained build operations Thread 21" [_thread_blocked, id=5316, stack(0x0000004938000000,0x0000004938100000)]
  0x00000169f1421800 JavaThread "Unconstrained build operations Thread 22" [_thread_blocked, id=11528, stack(0x0000004938100000,0x0000004938200000)]
  0x00000169f1422800 JavaThread "Unconstrained build operations Thread 23" [_thread_blocked, id=9452, stack(0x0000004938200000,0x0000004938300000)]
  0x00000169f1428000 JavaThread "Unconstrained build operations Thread 24" [_thread_blocked, id=12220, stack(0x0000004938300000,0x0000004938400000)]
  0x00000169f1429000 JavaThread "Unconstrained build operations Thread 25" [_thread_blocked, id=5880, stack(0x0000004938400000,0x0000004938500000)]
  0x00000169f1423000 JavaThread "Unconstrained build operations Thread 26" [_thread_blocked, id=12192, stack(0x0000004938500000,0x0000004938600000)]
  0x00000169f1424000 JavaThread "Unconstrained build operations Thread 27" [_thread_blocked, id=1180, stack(0x0000004938600000,0x0000004938700000)]
  0x00000169f1429800 JavaThread "Unconstrained build operations Thread 28" [_thread_blocked, id=7972, stack(0x0000004938700000,0x0000004938800000)]
  0x00000169f142a800 JavaThread "Unconstrained build operations Thread 29" [_thread_blocked, id=9864, stack(0x0000004938800000,0x0000004938900000)]
  0x00000169f142b800 JavaThread "Unconstrained build operations Thread 30" [_thread_blocked, id=376, stack(0x0000004938900000,0x0000004938a00000)]
  0x00000169f1425800 JavaThread "Unconstrained build operations Thread 31" [_thread_blocked, id=9968, stack(0x0000004938a00000,0x0000004938b00000)]
  0x00000169f142d000 JavaThread "Unconstrained build operations Thread 32" [_thread_blocked, id=12048, stack(0x0000004938b00000,0x0000004938c00000)]
  0x00000169f142c000 JavaThread "Unconstrained build operations Thread 33" [_thread_blocked, id=9940, stack(0x0000004938c00000,0x0000004938d00000)]
  0x00000169f142e000 JavaThread "Unconstrained build operations Thread 34" [_thread_blocked, id=9108, stack(0x0000004938d00000,0x0000004938e00000)]
  0x00000169f142e800 JavaThread "Unconstrained build operations Thread 35" [_thread_blocked, id=9844, stack(0x0000004938e00000,0x0000004938f00000)]
  0x00000169f142f800 JavaThread "Unconstrained build operations Thread 36" [_thread_blocked, id=10352, stack(0x0000004938f00000,0x0000004939000000)]
  0x00000169f8025800 JavaThread "Unconstrained build operations Thread 37" [_thread_blocked, id=6704, stack(0x0000004939000000,0x0000004939100000)]
  0x00000169f8028000 JavaThread "Unconstrained build operations Thread 38" [_thread_blocked, id=7540, stack(0x0000004939100000,0x0000004939200000)]
  0x00000169f8024800 JavaThread "Unconstrained build operations Thread 39" [_thread_blocked, id=3468, stack(0x0000004939200000,0x0000004939300000)]
  0x00000169f8023000 JavaThread "Unconstrained build operations Thread 40" [_thread_blocked, id=9120, stack(0x0000004939300000,0x0000004939400000)]
  0x00000169f8026800 JavaThread "Exec process" [_thread_in_native, id=9572, stack(0x0000004939400000,0x0000004939500000)]
  0x00000169f8029000 JavaThread "Exec process Thread 2" [_thread_in_native, id=5488, stack(0x0000004939500000,0x0000004939600000)]
  0x00000169f8029800 JavaThread "Exec process Thread 3" [_thread_in_native, id=11216, stack(0x0000004939600000,0x0000004939700000)]

Other Threads:
  0x00000169f0847000 VMThread "VM Thread" [stack: 0x0000004933700000,0x0000004933800000] [id=10220]
  0x00000169f132d800 WatcherThread [stack: 0x0000004934500000,0x0000004934600000] [id=10032]
  0x00000169d58e7800 GCTaskThread "GC Thread#0" [stack: 0x0000004933200000,0x0000004933300000] [id=1904]
  0x00000169f18f7000 GCTaskThread "GC Thread#1" [stack: 0x0000004934700000,0x0000004934800000] [id=10008]
  0x00000169f18f7800 GCTaskThread "GC Thread#2" [stack: 0x0000004934800000,0x0000004934900000] [id=11872]
  0x00000169f14bb800 GCTaskThread "GC Thread#3" [stack: 0x0000004934900000,0x0000004934a00000] [id=5028]
  0x00000169d58ed800 ConcurrentGCThread "G1 Main Marker" [stack: 0x0000004933300000,0x0000004933400000] [id=9668]
  0x00000169d58ef000 ConcurrentGCThread "G1 Conc#0" [stack: 0x0000004933400000,0x0000004933500000] [id=12240]
  0x00000169d599d000 ConcurrentGCThread "G1 Refine#0" [stack: 0x0000004933500000,0x0000004933600000] [id=10508]
  0x00000169f1a23800 ConcurrentGCThread "G1 Refine#1" [stack: 0x0000004937900000,0x0000004937a00000] [id=11572]
  0x00000169d599e000 ConcurrentGCThread "G1 Young RemSet Sampling" [stack: 0x0000004933600000,0x0000004933700000] [id=3884]

Threads with active compile tasks:
C2 CompilerThread0  1242637 8413       4       java.io.File::<init> (111 bytes)

VM state:not at safepoint (normal execution)

VM Mutex/Monitor currently owned by a thread: None

Heap address: 0x00000000e0000000, size: 512 MB, Compressed Oops mode: 32-bit
Narrow klass base: 0x0000000800000000, Narrow klass shift: 3
Compressed class space size: 260046848 Address: 0x0000000800b30000

Heap:
 garbage-first heap   total 262144K, used 122196K [0x00000000e0000000, 0x0000000100000000)
  region size 1024K, 77 young (78848K), 3 survivors (3072K)
 Metaspace       used 52897K, capacity 54716K, committed 54912K, reserved 301056K
  class space    used 7219K, capacity 7940K, committed 8064K, reserved 253952K
Heap Regions: E=young(eden), S=young(survivor), O=old, HS=humongous(starts), HC=humongous(continues), CS=collection set, F=free, OA=open archive, CA=closed archive, TAMS=top-at-mark-start (previous, next)
|   0|0x00000000e0000000, 0x00000000e0100000, 0x00000000e0100000|100%|HS|  |TAMS 0x00000000e0100000, 0x00000000e0000000| Complete 
|   1|0x00000000e0100000, 0x00000000e0200000, 0x00000000e0200000|100%|HC|  |TAMS 0x00000000e0200000, 0x00000000e0100000| Complete 
|   2|0x00000000e0200000, 0x00000000e0300000, 0x00000000e0300000|100%|HC|  |TAMS 0x00000000e0300000, 0x00000000e0200000| Complete 
|   3|0x00000000e0300000, 0x00000000e0400000, 0x00000000e0400000|100%| O|  |TAMS 0x00000000e0400000, 0x00000000e0300000| Untracked 
|   4|0x00000000e0400000, 0x00000000e0500000, 0x00000000e0500000|100%| O|  |TAMS 0x00000000e0500000, 0x00000000e0400000| Untracked 
|   5|0x00000000e0500000, 0x00000000e0600000, 0x00000000e0600000|100%| O|  |TAMS 0x00000000e0600000, 0x00000000e0500000| Untracked 
|   6|0x00000000e0600000, 0x00000000e0700000, 0x00000000e0700000|100%| O|  |TAMS 0x00000000e0700000, 0x00000000e0600000| Untracked 
|   7|0x00000000e0700000, 0x00000000e0800000, 0x00000000e0800000|100%| O|  |TAMS 0x00000000e0800000, 0x00000000e0700000| Untracked 
|   8|0x00000000e0800000, 0x00000000e0900000, 0x00000000e0900000|100%| O|  |TAMS 0x00000000e0900000, 0x00000000e0800000| Untracked 
|   9|0x00000000e0900000, 0x00000000e0a00000, 0x00000000e0a00000|100%| O|  |TAMS 0x00000000e090dc00, 0x00000000e0900000| Untracked 
|  10|0x00000000e0a00000, 0x00000000e0b00000, 0x00000000e0b00000|100%| O|  |TAMS 0x00000000e0a00000, 0x00000000e0a00000| Untracked 
|  11|0x00000000e0b00000, 0x00000000e0c00000, 0x00000000e0c00000|100%| O|  |TAMS 0x00000000e0b00000, 0x00000000e0b00000| Untracked 
|  12|0x00000000e0c00000, 0x00000000e0d00000, 0x00000000e0d00000|100%| O|  |TAMS 0x00000000e0c00000, 0x00000000e0c00000| Untracked 
|  13|0x00000000e0d00000, 0x00000000e0e00000, 0x00000000e0e00000|100%| O|  |TAMS 0x00000000e0d00000, 0x00000000e0d00000| Untracked 
|  14|0x00000000e0e00000, 0x00000000e0f00000, 0x00000000e0f00000|100%| O|  |TAMS 0x00000000e0e00000, 0x00000000e0e00000| Untracked 
|  15|0x00000000e0f00000, 0x00000000e1000000, 0x00000000e1000000|100%| O|  |TAMS 0x00000000e0f00000, 0x00000000e0f00000| Untracked 
|  16|0x00000000e1000000, 0x00000000e1100000, 0x00000000e1100000|100%| O|  |TAMS 0x00000000e1000000, 0x00000000e1000000| Untracked 
|  17|0x00000000e1100000, 0x00000000e1200000, 0x00000000e1200000|100%| O|  |TAMS 0x00000000e1100000, 0x00000000e1100000| Untracked 
|  18|0x00000000e1200000, 0x00000000e1300000, 0x00000000e1300000|100%| O|  |TAMS 0x00000000e1200000, 0x00000000e1200000| Untracked 
|  19|0x00000000e1300000, 0x00000000e1400000, 0x00000000e1400000|100%| O|  |TAMS 0x00000000e1300000, 0x00000000e1300000| Untracked 
|  20|0x00000000e1400000, 0x00000000e1500000, 0x00000000e1500000|100%| O|  |TAMS 0x00000000e1400000, 0x00000000e1400000| Untracked 
|  21|0x00000000e1500000, 0x00000000e1600000, 0x00000000e1600000|100%| O|  |TAMS 0x00000000e1500000, 0x00000000e1500000| Untracked 
|  22|0x00000000e1600000, 0x00000000e1700000, 0x00000000e1700000|100%| O|  |TAMS 0x00000000e1600000, 0x00000000e1600000| Untracked 
|  23|0x00000000e1700000, 0x00000000e1800000, 0x00000000e1800000|100%| O|  |TAMS 0x00000000e1700000, 0x00000000e1700000| Untracked 
|  24|0x00000000e1800000, 0x00000000e1900000, 0x00000000e1900000|100%| O|  |TAMS 0x00000000e1800000, 0x00000000e1800000| Untracked 
|  25|0x00000000e1900000, 0x00000000e1a00000, 0x00000000e1a00000|100%| O|  |TAMS 0x00000000e1900000, 0x00000000e1900000| Untracked 
|  26|0x00000000e1a00000, 0x00000000e1b00000, 0x00000000e1b00000|100%| O|  |TAMS 0x00000000e1a00000, 0x00000000e1a00000| Untracked 
|  27|0x00000000e1b00000, 0x00000000e1b00000, 0x00000000e1c00000|  0%| F|  |TAMS 0x00000000e1b00000, 0x00000000e1b00000| Untracked 
|  28|0x00000000e1c00000, 0x00000000e1c00000, 0x00000000e1d00000|  0%| F|  |TAMS 0x00000000e1c00000, 0x00000000e1c00000| Untracked 
|  29|0x00000000e1d00000, 0x00000000e1e00000, 0x00000000e1e00000|100%| O|  |TAMS 0x00000000e1d00000, 0x00000000e1d00000| Untracked 
|  30|0x00000000e1e00000, 0x00000000e1f00000, 0x00000000e1f00000|100%| O|  |TAMS 0x00000000e1e00000, 0x00000000e1e00000| Untracked 
|  31|0x00000000e1f00000, 0x00000000e2000000, 0x00000000e2000000|100%| O|  |TAMS 0x00000000e1f00000, 0x00000000e1f00000| Untracked 
|  32|0x00000000e2000000, 0x00000000e2100000, 0x00000000e2100000|100%| O|  |TAMS 0x00000000e2000000, 0x00000000e2000000| Untracked 
|  33|0x00000000e2100000, 0x00000000e2200000, 0x00000000e2200000|100%| O|  |TAMS 0x00000000e2100000, 0x00000000e2100000| Untracked 
|  34|0x00000000e2200000, 0x00000000e2300000, 0x00000000e2300000|100%| O|  |TAMS 0x00000000e2200000, 0x00000000e2200000| Untracked 
|  35|0x00000000e2300000, 0x00000000e2400000, 0x00000000e2400000|100%| O|  |TAMS 0x00000000e2300000, 0x00000000e2300000| Untracked 
|  36|0x00000000e2400000, 0x00000000e2500000, 0x00000000e2500000|100%| O|  |TAMS 0x00000000e2400000, 0x00000000e2400000| Untracked 
|  37|0x00000000e2500000, 0x00000000e2500000, 0x00000000e2600000|  0%| F|  |TAMS 0x00000000e2500000, 0x00000000e2500000| Untracked 
|  38|0x00000000e2600000, 0x00000000e2700000, 0x00000000e2700000|100%|HS|  |TAMS 0x00000000e2600000, 0x00000000e2600000| Complete 
|  39|0x00000000e2700000, 0x00000000e2800000, 0x00000000e2800000|100%| O|  |TAMS 0x00000000e2700000, 0x00000000e2700000| Untracked 
|  40|0x00000000e2800000, 0x00000000e2900000, 0x00000000e2900000|100%| O|  |TAMS 0x00000000e2800000, 0x00000000e2800000| Untracked 
|  41|0x00000000e2900000, 0x00000000e2a00000, 0x00000000e2a00000|100%| O|  |TAMS 0x00000000e2900000, 0x00000000e2900000| Untracked 
|  42|0x00000000e2a00000, 0x00000000e2b00000, 0x00000000e2b00000|100%| O|  |TAMS 0x00000000e2a00000, 0x00000000e2a00000| Untracked 
|  43|0x00000000e2b00000, 0x00000000e2c00000, 0x00000000e2c00000|100%| O|  |TAMS 0x00000000e2b00000, 0x00000000e2b00000| Untracked 
|  44|0x00000000e2c00000, 0x00000000e2d00000, 0x00000000e2d00000|100%| O|  |TAMS 0x00000000e2c00000, 0x00000000e2c00000| Untracked 
|  45|0x00000000e2d00000, 0x00000000e2e00000, 0x00000000e2e00000|100%| O|  |TAMS 0x00000000e2d00000, 0x00000000e2d00000| Untracked 
|  46|0x00000000e2e00000, 0x00000000e2f00000, 0x00000000e2f00000|100%| O|  |TAMS 0x00000000e2e00000, 0x00000000e2e00000| Untracked 
|  47|0x00000000e2f00000, 0x00000000e2f55000, 0x00000000e3000000| 33%| O|  |TAMS 0x00000000e2f00000, 0x00000000e2f00000| Untracked 
|  48|0x00000000e3000000, 0x00000000e3000000, 0x00000000e3100000|  0%| F|  |TAMS 0x00000000e3000000, 0x00000000e3000000| Untracked 
|  49|0x00000000e3100000, 0x00000000e3100000, 0x00000000e3200000|  0%| F|  |TAMS 0x00000000e3100000, 0x00000000e3100000| Untracked 
|  50|0x00000000e3200000, 0x00000000e3200000, 0x00000000e3300000|  0%| F|  |TAMS 0x00000000e3200000, 0x00000000e3200000| Untracked 
|  51|0x00000000e3300000, 0x00000000e3300000, 0x00000000e3400000|  0%| F|  |TAMS 0x00000000e3300000, 0x00000000e3300000| Untracked 
|  52|0x00000000e3400000, 0x00000000e3400000, 0x00000000e3500000|  0%| F|  |TAMS 0x00000000e3400000, 0x00000000e3400000| Untracked 
|  53|0x00000000e3500000, 0x00000000e3500000, 0x00000000e3600000|  0%| F|  |TAMS 0x00000000e3500000, 0x00000000e3500000| Untracked 
|  54|0x00000000e3600000, 0x00000000e3600000, 0x00000000e3700000|  0%| F|  |TAMS 0x00000000e3600000, 0x00000000e3600000| Untracked 
|  55|0x00000000e3700000, 0x00000000e3700000, 0x00000000e3800000|  0%| F|  |TAMS 0x00000000e3700000, 0x00000000e3700000| Untracked 
|  56|0x00000000e3800000, 0x00000000e3800000, 0x00000000e3900000|  0%| F|  |TAMS 0x00000000e3800000, 0x00000000e3800000| Untracked 
|  57|0x00000000e3900000, 0x00000000e3900000, 0x00000000e3a00000|  0%| F|  |TAMS 0x00000000e3900000, 0x00000000e3900000| Untracked 
|  58|0x00000000e3a00000, 0x00000000e3a00000, 0x00000000e3b00000|  0%| F|  |TAMS 0x00000000e3a00000, 0x00000000e3a00000| Untracked 
|  59|0x00000000e3b00000, 0x00000000e3b00000, 0x00000000e3c00000|  0%| F|  |TAMS 0x00000000e3b00000, 0x00000000e3b00000| Untracked 
|  60|0x00000000e3c00000, 0x00000000e3c00000, 0x00000000e3d00000|  0%| F|  |TAMS 0x00000000e3c00000, 0x00000000e3c00000| Untracked 
|  61|0x00000000e3d00000, 0x00000000e3d00000, 0x00000000e3e00000|  0%| F|  |TAMS 0x00000000e3d00000, 0x00000000e3d00000| Untracked 
|  62|0x00000000e3e00000, 0x00000000e3e00000, 0x00000000e3f00000|  0%| F|  |TAMS 0x00000000e3e00000, 0x00000000e3e00000| Untracked 
|  63|0x00000000e3f00000, 0x00000000e3f00000, 0x00000000e4000000|  0%| F|  |TAMS 0x00000000e3f00000, 0x00000000e3f00000| Untracked 
|  64|0x00000000e4000000, 0x00000000e4000000, 0x00000000e4100000|  0%| F|  |TAMS 0x00000000e4000000, 0x00000000e4000000| Untracked 
|  65|0x00000000e4100000, 0x00000000e4100000, 0x00000000e4200000|  0%| F|  |TAMS 0x00000000e4100000, 0x00000000e4100000| Untracked 
|  66|0x00000000e4200000, 0x00000000e4200000, 0x00000000e4300000|  0%| F|  |TAMS 0x00000000e4200000, 0x00000000e4200000| Untracked 
|  67|0x00000000e4300000, 0x00000000e4300000, 0x00000000e4400000|  0%| F|  |TAMS 0x00000000e4300000, 0x00000000e4300000| Untracked 
|  68|0x00000000e4400000, 0x00000000e4400000, 0x00000000e4500000|  0%| F|  |TAMS 0x00000000e4400000, 0x00000000e4400000| Untracked 
|  69|0x00000000e4500000, 0x00000000e4500000, 0x00000000e4600000|  0%| F|  |TAMS 0x00000000e4500000, 0x00000000e4500000| Untracked 
|  70|0x00000000e4600000, 0x00000000e4600000, 0x00000000e4700000|  0%| F|  |TAMS 0x00000000e4600000, 0x00000000e4600000| Untracked 
|  71|0x00000000e4700000, 0x00000000e4700000, 0x00000000e4800000|  0%| F|  |TAMS 0x00000000e4700000, 0x00000000e4700000| Untracked 
|  72|0x00000000e4800000, 0x00000000e4800000, 0x00000000e4900000|  0%| F|  |TAMS 0x00000000e4800000, 0x00000000e4800000| Untracked 
|  73|0x00000000e4900000, 0x00000000e4900000, 0x00000000e4a00000|  0%| F|  |TAMS 0x00000000e4900000, 0x00000000e4900000| Untracked 
|  74|0x00000000e4a00000, 0x00000000e4a00000, 0x00000000e4b00000|  0%| F|  |TAMS 0x00000000e4a00000, 0x00000000e4a00000| Untracked 
|  75|0x00000000e4b00000, 0x00000000e4b00000, 0x00000000e4c00000|  0%| F|  |TAMS 0x00000000e4b00000, 0x00000000e4b00000| Untracked 
|  76|0x00000000e4c00000, 0x00000000e4c00000, 0x00000000e4d00000|  0%| F|  |TAMS 0x00000000e4c00000, 0x00000000e4c00000| Untracked 
|  77|0x00000000e4d00000, 0x00000000e4d00000, 0x00000000e4e00000|  0%| F|  |TAMS 0x00000000e4d00000, 0x00000000e4d00000| Untracked 
|  78|0x00000000e4e00000, 0x00000000e4e00000, 0x00000000e4f00000|  0%| F|  |TAMS 0x00000000e4e00000, 0x00000000e4e00000| Untracked 
|  79|0x00000000e4f00000, 0x00000000e4f00000, 0x00000000e5000000|  0%| F|  |TAMS 0x00000000e4f00000, 0x00000000e4f00000| Untracked 
|  80|0x00000000e5000000, 0x00000000e5000000, 0x00000000e5100000|  0%| F|  |TAMS 0x00000000e5000000, 0x00000000e5000000| Untracked 
|  81|0x00000000e5100000, 0x00000000e5100000, 0x00000000e5200000|  0%| F|  |TAMS 0x00000000e5100000, 0x00000000e5100000| Untracked 
|  82|0x00000000e5200000, 0x00000000e5200000, 0x00000000e5300000|  0%| F|  |TAMS 0x00000000e5200000, 0x00000000e5200000| Untracked 
|  83|0x00000000e5300000, 0x00000000e5300000, 0x00000000e5400000|  0%| F|  |TAMS 0x00000000e5300000, 0x00000000e5300000| Untracked 
|  84|0x00000000e5400000, 0x00000000e5400000, 0x00000000e5500000|  0%| F|  |TAMS 0x00000000e5400000, 0x00000000e5400000| Untracked 
|  85|0x00000000e5500000, 0x00000000e5500000, 0x00000000e5600000|  0%| F|  |TAMS 0x00000000e5500000, 0x00000000e5500000| Untracked 
|  86|0x00000000e5600000, 0x00000000e5600000, 0x00000000e5700000|  0%| F|  |TAMS 0x00000000e5600000, 0x00000000e5600000| Untracked 
|  87|0x00000000e5700000, 0x00000000e5700000, 0x00000000e5800000|  0%| F|  |TAMS 0x00000000e5700000, 0x00000000e5700000| Untracked 
|  88|0x00000000e5800000, 0x00000000e5800000, 0x00000000e5900000|  0%| F|  |TAMS 0x00000000e5800000, 0x00000000e5800000| Untracked 
|  89|0x00000000e5900000, 0x00000000e5900000, 0x00000000e5a00000|  0%| F|  |TAMS 0x00000000e5900000, 0x00000000e5900000| Untracked 
|  90|0x00000000e5a00000, 0x00000000e5a00000, 0x00000000e5b00000|  0%| F|  |TAMS 0x00000000e5a00000, 0x00000000e5a00000| Untracked 
|  91|0x00000000e5b00000, 0x00000000e5b00000, 0x00000000e5c00000|  0%| F|  |TAMS 0x00000000e5b00000, 0x00000000e5b00000| Untracked 
|  92|0x00000000e5c00000, 0x00000000e5c00000, 0x00000000e5d00000|  0%| F|  |TAMS 0x00000000e5c00000, 0x00000000e5c00000| Untracked 
|  93|0x00000000e5d00000, 0x00000000e5d00000, 0x00000000e5e00000|  0%| F|  |TAMS 0x00000000e5d00000, 0x00000000e5d00000| Untracked 
|  94|0x00000000e5e00000, 0x00000000e5e00000, 0x00000000e5f00000|  0%| F|  |TAMS 0x00000000e5e00000, 0x00000000e5e00000| Untracked 
|  95|0x00000000e5f00000, 0x00000000e5f00000, 0x00000000e6000000|  0%| F|  |TAMS 0x00000000e5f00000, 0x00000000e5f00000| Untracked 
|  96|0x00000000e6000000, 0x00000000e6000000, 0x00000000e6100000|  0%| F|  |TAMS 0x00000000e6000000, 0x00000000e6000000| Untracked 
|  97|0x00000000e6100000, 0x00000000e6100000, 0x00000000e6200000|  0%| F|  |TAMS 0x00000000e6100000, 0x00000000e6100000| Untracked 
|  98|0x00000000e6200000, 0x00000000e6200000, 0x00000000e6300000|  0%| F|  |TAMS 0x00000000e6200000, 0x00000000e6200000| Untracked 
|  99|0x00000000e6300000, 0x00000000e6300000, 0x00000000e6400000|  0%| F|  |TAMS 0x00000000e6300000, 0x00000000e6300000| Untracked 
| 100|0x00000000e6400000, 0x00000000e6400000, 0x00000000e6500000|  0%| F|  |TAMS 0x00000000e6400000, 0x00000000e6400000| Untracked 
| 101|0x00000000e6500000, 0x00000000e6500000, 0x00000000e6600000|  0%| F|  |TAMS 0x00000000e6500000, 0x00000000e6500000| Untracked 
| 102|0x00000000e6600000, 0x00000000e6600000, 0x00000000e6700000|  0%| F|  |TAMS 0x00000000e6600000, 0x00000000e6600000| Untracked 
| 103|0x00000000e6700000, 0x00000000e6700000, 0x00000000e6800000|  0%| F|  |TAMS 0x00000000e6700000, 0x00000000e6700000| Untracked 
| 104|0x00000000e6800000, 0x00000000e6900000, 0x00000000e6900000|100%| S|CS|TAMS 0x00000000e6800000, 0x00000000e6800000| Complete 
| 105|0x00000000e6900000, 0x00000000e6a00000, 0x00000000e6a00000|100%| S|CS|TAMS 0x00000000e6900000, 0x00000000e6900000| Complete 
| 106|0x00000000e6a00000, 0x00000000e6b00000, 0x00000000e6b00000|100%| S|CS|TAMS 0x00000000e6a00000, 0x00000000e6a00000| Complete 
| 107|0x00000000e6b00000, 0x00000000e6b00000, 0x00000000e6c00000|  0%| F|  |TAMS 0x00000000e6b00000, 0x00000000e6b00000| Untracked 
| 108|0x00000000e6c00000, 0x00000000e6c00000, 0x00000000e6d00000|  0%| F|  |TAMS 0x00000000e6c00000, 0x00000000e6c00000| Untracked 
| 109|0x00000000e6d00000, 0x00000000e6d00000, 0x00000000e6e00000|  0%| F|  |TAMS 0x00000000e6d00000, 0x00000000e6d00000| Untracked 
| 110|0x00000000e6e00000, 0x00000000e6e00000, 0x00000000e6f00000|  0%| F|  |TAMS 0x00000000e6e00000, 0x00000000e6e00000| Untracked 
| 111|0x00000000e6f00000, 0x00000000e6f00000, 0x00000000e7000000|  0%| F|  |TAMS 0x00000000e6f00000, 0x00000000e6f00000| Untracked 
| 112|0x00000000e7000000, 0x00000000e7000000, 0x00000000e7100000|  0%| F|  |TAMS 0x00000000e7000000, 0x00000000e7000000| Untracked 
| 113|0x00000000e7100000, 0x00000000e7100000, 0x00000000e7200000|  0%| F|  |TAMS 0x00000000e7100000, 0x00000000e7100000| Untracked 
| 114|0x00000000e7200000, 0x00000000e7200000, 0x00000000e7300000|  0%| F|  |TAMS 0x00000000e7200000, 0x00000000e7200000| Untracked 
| 115|0x00000000e7300000, 0x00000000e7300000, 0x00000000e7400000|  0%| F|  |TAMS 0x00000000e7300000, 0x00000000e7300000| Untracked 
| 116|0x00000000e7400000, 0x00000000e7400000, 0x00000000e7500000|  0%| F|  |TAMS 0x00000000e7400000, 0x00000000e7400000| Untracked 
| 117|0x00000000e7500000, 0x00000000e7500000, 0x00000000e7600000|  0%| F|  |TAMS 0x00000000e7500000, 0x00000000e7500000| Untracked 
| 118|0x00000000e7600000, 0x00000000e7600000, 0x00000000e7700000|  0%| F|  |TAMS 0x00000000e7600000, 0x00000000e7600000| Untracked 
| 119|0x00000000e7700000, 0x00000000e7700000, 0x00000000e7800000|  0%| F|  |TAMS 0x00000000e7700000, 0x00000000e7700000| Untracked 
| 120|0x00000000e7800000, 0x00000000e7800000, 0x00000000e7900000|  0%| F|  |TAMS 0x00000000e7800000, 0x00000000e7800000| Untracked 
| 121|0x00000000e7900000, 0x00000000e7900000, 0x00000000e7a00000|  0%| F|  |TAMS 0x00000000e7900000, 0x00000000e7900000| Untracked 
| 122|0x00000000e7a00000, 0x00000000e7a00000, 0x00000000e7b00000|  0%| F|  |TAMS 0x00000000e7a00000, 0x00000000e7a00000| Untracked 
| 123|0x00000000e7b00000, 0x00000000e7b00000, 0x00000000e7c00000|  0%| F|  |TAMS 0x00000000e7b00000, 0x00000000e7b00000| Untracked 
| 124|0x00000000e7c00000, 0x00000000e7c00000, 0x00000000e7d00000|  0%| F|  |TAMS 0x00000000e7c00000, 0x00000000e7c00000| Untracked 
| 125|0x00000000e7d00000, 0x00000000e7d00000, 0x00000000e7e00000|  0%| F|  |TAMS 0x00000000e7d00000, 0x00000000e7d00000| Untracked 
| 126|0x00000000e7e00000, 0x00000000e7e00000, 0x00000000e7f00000|  0%| F|  |TAMS 0x00000000e7e00000, 0x00000000e7e00000| Untracked 
| 127|0x00000000e7f00000, 0x00000000e7f00000, 0x00000000e8000000|  0%| F|  |TAMS 0x00000000e7f00000, 0x00000000e7f00000| Untracked 
| 128|0x00000000e8000000, 0x00000000e8000000, 0x00000000e8100000|  0%| F|  |TAMS 0x00000000e8000000, 0x00000000e8000000| Untracked 
| 129|0x00000000e8100000, 0x00000000e8100000, 0x00000000e8200000|  0%| F|  |TAMS 0x00000000e8100000, 0x00000000e8100000| Untracked 
| 130|0x00000000e8200000, 0x00000000e8200000, 0x00000000e8300000|  0%| F|  |TAMS 0x00000000e8200000, 0x00000000e8200000| Untracked 
| 131|0x00000000e8300000, 0x00000000e8300000, 0x00000000e8400000|  0%| F|  |TAMS 0x00000000e8300000, 0x00000000e8300000| Untracked 
| 132|0x00000000e8400000, 0x00000000e8400000, 0x00000000e8500000|  0%| F|  |TAMS 0x00000000e8400000, 0x00000000e8400000| Untracked 
| 133|0x00000000e8500000, 0x00000000e8500000, 0x00000000e8600000|  0%| F|  |TAMS 0x00000000e8500000, 0x00000000e8500000| Untracked 
| 134|0x00000000e8600000, 0x00000000e8600000, 0x00000000e8700000|  0%| F|  |TAMS 0x00000000e8600000, 0x00000000e8600000| Untracked 
| 135|0x00000000e8700000, 0x00000000e8700000, 0x00000000e8800000|  0%| F|  |TAMS 0x00000000e8700000, 0x00000000e8700000| Untracked 
| 136|0x00000000e8800000, 0x00000000e8800000, 0x00000000e8900000|  0%| F|  |TAMS 0x00000000e8800000, 0x00000000e8800000| Untracked 
| 137|0x00000000e8900000, 0x00000000e8900000, 0x00000000e8a00000|  0%| F|  |TAMS 0x00000000e8900000, 0x00000000e8900000| Untracked 
| 138|0x00000000e8a00000, 0x00000000e8a00000, 0x00000000e8b00000|  0%| F|  |TAMS 0x00000000e8a00000, 0x00000000e8a00000| Untracked 
| 139|0x00000000e8b00000, 0x00000000e8b00000, 0x00000000e8c00000|  0%| F|  |TAMS 0x00000000e8b00000, 0x00000000e8b00000| Untracked 
| 140|0x00000000e8c00000, 0x00000000e8c00000, 0x00000000e8d00000|  0%| F|  |TAMS 0x00000000e8c00000, 0x00000000e8c00000| Untracked 
| 141|0x00000000e8d00000, 0x00000000e8d00000, 0x00000000e8e00000|  0%| F|  |TAMS 0x00000000e8d00000, 0x00000000e8d00000| Untracked 
| 142|0x00000000e8e00000, 0x00000000e8e00000, 0x00000000e8f00000|  0%| F|  |TAMS 0x00000000e8e00000, 0x00000000e8e00000| Untracked 
| 143|0x00000000e8f00000, 0x00000000e8f00000, 0x00000000e9000000|  0%| F|  |TAMS 0x00000000e8f00000, 0x00000000e8f00000| Untracked 
| 144|0x00000000e9000000, 0x00000000e9000000, 0x00000000e9100000|  0%| F|  |TAMS 0x00000000e9000000, 0x00000000e9000000| Untracked 
| 145|0x00000000e9100000, 0x00000000e9100000, 0x00000000e9200000|  0%| F|  |TAMS 0x00000000e9100000, 0x00000000e9100000| Untracked 
| 146|0x00000000e9200000, 0x00000000e9200000, 0x00000000e9300000|  0%| F|  |TAMS 0x00000000e9200000, 0x00000000e9200000| Untracked 
| 147|0x00000000e9300000, 0x00000000e9300000, 0x00000000e9400000|  0%| F|  |TAMS 0x00000000e9300000, 0x00000000e9300000| Untracked 
| 148|0x00000000e9400000, 0x00000000e9400000, 0x00000000e9500000|  0%| F|  |TAMS 0x00000000e9400000, 0x00000000e9400000| Untracked 
| 149|0x00000000e9500000, 0x00000000e9500000, 0x00000000e9600000|  0%| F|  |TAMS 0x00000000e9500000, 0x00000000e9500000| Untracked 
| 150|0x00000000e9600000, 0x00000000e9600000, 0x00000000e9700000|  0%| F|  |TAMS 0x00000000e9600000, 0x00000000e9600000| Untracked 
| 151|0x00000000e9700000, 0x00000000e9700000, 0x00000000e9800000|  0%| F|  |TAMS 0x00000000e9700000, 0x00000000e9700000| Untracked 
| 152|0x00000000e9800000, 0x00000000e9800000, 0x00000000e9900000|  0%| F|  |TAMS 0x00000000e9800000, 0x00000000e9800000| Untracked 
| 153|0x00000000e9900000, 0x00000000e9900000, 0x00000000e9a00000|  0%| F|  |TAMS 0x00000000e9900000, 0x00000000e9900000| Untracked 
| 154|0x00000000e9a00000, 0x00000000e9a00000, 0x00000000e9b00000|  0%| F|  |TAMS 0x00000000e9a00000, 0x00000000e9a00000| Untracked 
| 155|0x00000000e9b00000, 0x00000000e9b00000, 0x00000000e9c00000|  0%| F|  |TAMS 0x00000000e9b00000, 0x00000000e9b00000| Untracked 
| 156|0x00000000e9c00000, 0x00000000e9c00000, 0x00000000e9d00000|  0%| F|  |TAMS 0x00000000e9c00000, 0x00000000e9c00000| Untracked 
| 157|0x00000000e9d00000, 0x00000000e9d00000, 0x00000000e9e00000|  0%| F|  |TAMS 0x00000000e9d00000, 0x00000000e9d00000| Untracked 
| 158|0x00000000e9e00000, 0x00000000e9e00000, 0x00000000e9f00000|  0%| F|  |TAMS 0x00000000e9e00000, 0x00000000e9e00000| Untracked 
| 159|0x00000000e9f00000, 0x00000000e9f00000, 0x00000000ea000000|  0%| F|  |TAMS 0x00000000e9f00000, 0x00000000e9f00000| Untracked 
| 160|0x00000000ea000000, 0x00000000ea000000, 0x00000000ea100000|  0%| F|  |TAMS 0x00000000ea000000, 0x00000000ea000000| Untracked 
| 161|0x00000000ea100000, 0x00000000ea100000, 0x00000000ea200000|  0%| F|  |TAMS 0x00000000ea100000, 0x00000000ea100000| Untracked 
| 162|0x00000000ea200000, 0x00000000ea200000, 0x00000000ea300000|  0%| F|  |TAMS 0x00000000ea200000, 0x00000000ea200000| Untracked 
| 163|0x00000000ea300000, 0x00000000ea300000, 0x00000000ea400000|  0%| F|  |TAMS 0x00000000ea300000, 0x00000000ea300000| Untracked 
| 164|0x00000000ea400000, 0x00000000ea400000, 0x00000000ea500000|  0%| F|  |TAMS 0x00000000ea400000, 0x00000000ea400000| Untracked 
| 165|0x00000000ea500000, 0x00000000ea500000, 0x00000000ea600000|  0%| F|  |TAMS 0x00000000ea500000, 0x00000000ea500000| Untracked 
| 166|0x00000000ea600000, 0x00000000ea600000, 0x00000000ea700000|  0%| F|  |TAMS 0x00000000ea600000, 0x00000000ea600000| Untracked 
| 167|0x00000000ea700000, 0x00000000ea700000, 0x00000000ea800000|  0%| F|  |TAMS 0x00000000ea700000, 0x00000000ea700000| Untracked 
| 168|0x00000000ea800000, 0x00000000ea800000, 0x00000000ea900000|  0%| F|  |TAMS 0x00000000ea800000, 0x00000000ea800000| Untracked 
| 169|0x00000000ea900000, 0x00000000ea900000, 0x00000000eaa00000|  0%| F|  |TAMS 0x00000000ea900000, 0x00000000ea900000| Untracked 
| 170|0x00000000eaa00000, 0x00000000eaa00000, 0x00000000eab00000|  0%| F|  |TAMS 0x00000000eaa00000, 0x00000000eaa00000| Untracked 
| 171|0x00000000eab00000, 0x00000000eab00000, 0x00000000eac00000|  0%| F|  |TAMS 0x00000000eab00000, 0x00000000eab00000| Untracked 
| 172|0x00000000eac00000, 0x00000000eac00000, 0x00000000ead00000|  0%| F|  |TAMS 0x00000000eac00000, 0x00000000eac00000| Untracked 
| 173|0x00000000ead00000, 0x00000000ead00000, 0x00000000eae00000|  0%| F|  |TAMS 0x00000000ead00000, 0x00000000ead00000| Untracked 
| 174|0x00000000eae00000, 0x00000000eae00000, 0x00000000eaf00000|  0%| F|  |TAMS 0x00000000eae00000, 0x00000000eae00000| Untracked 
| 175|0x00000000eaf00000, 0x00000000eaf00000, 0x00000000eb000000|  0%| F|  |TAMS 0x00000000eaf00000, 0x00000000eaf00000| Untracked 
| 176|0x00000000eb000000, 0x00000000eb000000, 0x00000000eb100000|  0%| F|  |TAMS 0x00000000eb000000, 0x00000000eb000000| Untracked 
| 177|0x00000000eb100000, 0x00000000eb100000, 0x00000000eb200000|  0%| F|  |TAMS 0x00000000eb100000, 0x00000000eb100000| Untracked 
| 178|0x00000000eb200000, 0x00000000eb200000, 0x00000000eb300000|  0%| F|  |TAMS 0x00000000eb200000, 0x00000000eb200000| Untracked 
| 179|0x00000000eb300000, 0x00000000eb300000, 0x00000000eb400000|  0%| F|  |TAMS 0x00000000eb300000, 0x00000000eb300000| Untracked 
| 180|0x00000000eb400000, 0x00000000eb400000, 0x00000000eb500000|  0%| F|  |TAMS 0x00000000eb400000, 0x00000000eb400000| Untracked 
| 181|0x00000000eb500000, 0x00000000eb500000, 0x00000000eb600000|  0%| F|  |TAMS 0x00000000eb500000, 0x00000000eb500000| Untracked 
| 182|0x00000000eb600000, 0x00000000eb69fac8, 0x00000000eb700000| 62%| E|  |TAMS 0x00000000eb600000, 0x00000000eb600000| Complete 
| 183|0x00000000eb700000, 0x00000000eb800000, 0x00000000eb800000|100%| E|CS|TAMS 0x00000000eb700000, 0x00000000eb700000| Complete 
| 184|0x00000000eb800000, 0x00000000eb900000, 0x00000000eb900000|100%| E|CS|TAMS 0x00000000eb800000, 0x00000000eb800000| Complete 
| 185|0x00000000eb900000, 0x00000000eba00000, 0x00000000eba00000|100%| E|CS|TAMS 0x00000000eb900000, 0x00000000eb900000| Complete 
| 186|0x00000000eba00000, 0x00000000ebb00000, 0x00000000ebb00000|100%| E|CS|TAMS 0x00000000eba00000, 0x00000000eba00000| Complete 
| 187|0x00000000ebb00000, 0x00000000ebc00000, 0x00000000ebc00000|100%| E|CS|TAMS 0x00000000ebb00000, 0x00000000ebb00000| Complete 
| 188|0x00000000ebc00000, 0x00000000ebd00000, 0x00000000ebd00000|100%| E|CS|TAMS 0x00000000ebc00000, 0x00000000ebc00000| Complete 
| 189|0x00000000ebd00000, 0x00000000ebe00000, 0x00000000ebe00000|100%| E|CS|TAMS 0x00000000ebd00000, 0x00000000ebd00000| Complete 
| 190|0x00000000ebe00000, 0x00000000ebf00000, 0x00000000ebf00000|100%| E|CS|TAMS 0x00000000ebe00000, 0x00000000ebe00000| Complete 
| 191|0x00000000ebf00000, 0x00000000ec000000, 0x00000000ec000000|100%| E|CS|TAMS 0x00000000ebf00000, 0x00000000ebf00000| Complete 
| 192|0x00000000ec000000, 0x00000000ec100000, 0x00000000ec100000|100%| E|CS|TAMS 0x00000000ec000000, 0x00000000ec000000| Complete 
| 193|0x00000000ec100000, 0x00000000ec200000, 0x00000000ec200000|100%| E|CS|TAMS 0x00000000ec100000, 0x00000000ec100000| Complete 
| 194|0x00000000ec200000, 0x00000000ec300000, 0x00000000ec300000|100%| E|CS|TAMS 0x00000000ec200000, 0x00000000ec200000| Complete 
| 195|0x00000000ec300000, 0x00000000ec400000, 0x00000000ec400000|100%| E|CS|TAMS 0x00000000ec300000, 0x00000000ec300000| Complete 
| 196|0x00000000ec400000, 0x00000000ec500000, 0x00000000ec500000|100%| E|CS|TAMS 0x00000000ec400000, 0x00000000ec400000| Complete 
| 197|0x00000000ec500000, 0x00000000ec600000, 0x00000000ec600000|100%| E|CS|TAMS 0x00000000ec500000, 0x00000000ec500000| Complete 
| 198|0x00000000ec600000, 0x00000000ec700000, 0x00000000ec700000|100%| E|CS|TAMS 0x00000000ec600000, 0x00000000ec600000| Complete 
| 199|0x00000000ec700000, 0x00000000ec800000, 0x00000000ec800000|100%| E|CS|TAMS 0x00000000ec700000, 0x00000000ec700000| Complete 
| 200|0x00000000ec800000, 0x00000000ec900000, 0x00000000ec900000|100%| E|CS|TAMS 0x00000000ec800000, 0x00000000ec800000| Complete 
| 201|0x00000000ec900000, 0x00000000eca00000, 0x00000000eca00000|100%| E|CS|TAMS 0x00000000ec900000, 0x00000000ec900000| Complete 
| 202|0x00000000eca00000, 0x00000000ecb00000, 0x00000000ecb00000|100%| E|CS|TAMS 0x00000000eca00000, 0x00000000eca00000| Complete 
| 203|0x00000000ecb00000, 0x00000000ecc00000, 0x00000000ecc00000|100%| E|CS|TAMS 0x00000000ecb00000, 0x00000000ecb00000| Complete 
| 204|0x00000000ecc00000, 0x00000000ecd00000, 0x00000000ecd00000|100%| E|CS|TAMS 0x00000000ecc00000, 0x00000000ecc00000| Complete 
| 205|0x00000000ecd00000, 0x00000000ece00000, 0x00000000ece00000|100%| E|CS|TAMS 0x00000000ecd00000, 0x00000000ecd00000| Complete 
| 206|0x00000000ece00000, 0x00000000ecf00000, 0x00000000ecf00000|100%| E|CS|TAMS 0x00000000ece00000, 0x00000000ece00000| Complete 
| 207|0x00000000ecf00000, 0x00000000ed000000, 0x00000000ed000000|100%| E|CS|TAMS 0x00000000ecf00000, 0x00000000ecf00000| Complete 
| 208|0x00000000ed000000, 0x00000000ed100000, 0x00000000ed100000|100%| E|CS|TAMS 0x00000000ed000000, 0x00000000ed000000| Complete 
| 209|0x00000000ed100000, 0x00000000ed200000, 0x00000000ed200000|100%| E|CS|TAMS 0x00000000ed100000, 0x00000000ed100000| Complete 
| 210|0x00000000ed200000, 0x00000000ed300000, 0x00000000ed300000|100%| E|CS|TAMS 0x00000000ed200000, 0x00000000ed200000| Complete 
| 211|0x00000000ed300000, 0x00000000ed400000, 0x00000000ed400000|100%| E|CS|TAMS 0x00000000ed300000, 0x00000000ed300000| Complete 
| 212|0x00000000ed400000, 0x00000000ed500000, 0x00000000ed500000|100%| E|CS|TAMS 0x00000000ed400000, 0x00000000ed400000| Complete 
| 213|0x00000000ed500000, 0x00000000ed600000, 0x00000000ed600000|100%| E|CS|TAMS 0x00000000ed500000, 0x00000000ed500000| Complete 
| 214|0x00000000ed600000, 0x00000000ed700000, 0x00000000ed700000|100%| E|CS|TAMS 0x00000000ed600000, 0x00000000ed600000| Complete 
| 215|0x00000000ed700000, 0x00000000ed800000, 0x00000000ed800000|100%| E|CS|TAMS 0x00000000ed700000, 0x00000000ed700000| Complete 
| 216|0x00000000ed800000, 0x00000000ed900000, 0x00000000ed900000|100%| E|CS|TAMS 0x00000000ed800000, 0x00000000ed800000| Complete 
| 217|0x00000000ed900000, 0x00000000eda00000, 0x00000000eda00000|100%| E|CS|TAMS 0x00000000ed900000, 0x00000000ed900000| Complete 
| 218|0x00000000eda00000, 0x00000000edb00000, 0x00000000edb00000|100%| E|CS|TAMS 0x00000000eda00000, 0x00000000eda00000| Complete 
| 219|0x00000000edb00000, 0x00000000edc00000, 0x00000000edc00000|100%| E|CS|TAMS 0x00000000edb00000, 0x00000000edb00000| Complete 
| 220|0x00000000edc00000, 0x00000000edd00000, 0x00000000edd00000|100%| E|CS|TAMS 0x00000000edc00000, 0x00000000edc00000| Complete 
| 221|0x00000000edd00000, 0x00000000ede00000, 0x00000000ede00000|100%| E|CS|TAMS 0x00000000edd00000, 0x00000000edd00000| Complete 
| 222|0x00000000ede00000, 0x00000000edf00000, 0x00000000edf00000|100%| E|CS|TAMS 0x00000000ede00000, 0x00000000ede00000| Complete 
| 223|0x00000000edf00000, 0x00000000ee000000, 0x00000000ee000000|100%| E|CS|TAMS 0x00000000edf00000, 0x00000000edf00000| Complete 
| 224|0x00000000ee000000, 0x00000000ee100000, 0x00000000ee100000|100%| E|CS|TAMS 0x00000000ee000000, 0x00000000ee000000| Complete 
| 225|0x00000000ee100000, 0x00000000ee200000, 0x00000000ee200000|100%| E|CS|TAMS 0x00000000ee100000, 0x00000000ee100000| Complete 
| 226|0x00000000ee200000, 0x00000000ee300000, 0x00000000ee300000|100%| E|CS|TAMS 0x00000000ee200000, 0x00000000ee200000| Complete 
| 227|0x00000000ee300000, 0x00000000ee400000, 0x00000000ee400000|100%| E|CS|TAMS 0x00000000ee300000, 0x00000000ee300000| Complete 
| 228|0x00000000ee400000, 0x00000000ee500000, 0x00000000ee500000|100%| E|CS|TAMS 0x00000000ee400000, 0x00000000ee400000| Complete 
| 229|0x00000000ee500000, 0x00000000ee600000, 0x00000000ee600000|100%| E|CS|TAMS 0x00000000ee500000, 0x00000000ee500000| Complete 
| 230|0x00000000ee600000, 0x00000000ee700000, 0x00000000ee700000|100%| E|CS|TAMS 0x00000000ee600000, 0x00000000ee600000| Complete 
| 231|0x00000000ee700000, 0x00000000ee800000, 0x00000000ee800000|100%| E|CS|TAMS 0x00000000ee700000, 0x00000000ee700000| Complete 
| 232|0x00000000ee800000, 0x00000000ee900000, 0x00000000ee900000|100%| E|CS|TAMS 0x00000000ee800000, 0x00000000ee800000| Complete 
| 233|0x00000000ee900000, 0x00000000eea00000, 0x00000000eea00000|100%| E|CS|TAMS 0x00000000ee900000, 0x00000000ee900000| Complete 
| 234|0x00000000eea00000, 0x00000000eeb00000, 0x00000000eeb00000|100%| E|CS|TAMS 0x00000000eea00000, 0x00000000eea00000| Complete 
| 235|0x00000000eeb00000, 0x00000000eec00000, 0x00000000eec00000|100%| E|CS|TAMS 0x00000000eeb00000, 0x00000000eeb00000| Complete 
| 236|0x00000000eec00000, 0x00000000eed00000, 0x00000000eed00000|100%| E|CS|TAMS 0x00000000eec00000, 0x00000000eec00000| Complete 
| 237|0x00000000eed00000, 0x00000000eee00000, 0x00000000eee00000|100%| E|CS|TAMS 0x00000000eed00000, 0x00000000eed00000| Complete 
| 238|0x00000000eee00000, 0x00000000eef00000, 0x00000000eef00000|100%| E|CS|TAMS 0x00000000eee00000, 0x00000000eee00000| Complete 
| 239|0x00000000eef00000, 0x00000000ef000000, 0x00000000ef000000|100%| E|CS|TAMS 0x00000000eef00000, 0x00000000eef00000| Complete 
| 240|0x00000000ef000000, 0x00000000ef100000, 0x00000000ef100000|100%| E|CS|TAMS 0x00000000ef000000, 0x00000000ef000000| Complete 
| 241|0x00000000ef100000, 0x00000000ef200000, 0x00000000ef200000|100%| E|CS|TAMS 0x00000000ef100000, 0x00000000ef100000| Complete 
| 242|0x00000000ef200000, 0x00000000ef300000, 0x00000000ef300000|100%| E|CS|TAMS 0x00000000ef200000, 0x00000000ef200000| Complete 
| 243|0x00000000ef300000, 0x00000000ef400000, 0x00000000ef400000|100%| E|CS|TAMS 0x00000000ef300000, 0x00000000ef300000| Complete 
| 244|0x00000000ef400000, 0x00000000ef500000, 0x00000000ef500000|100%| E|CS|TAMS 0x00000000ef400000, 0x00000000ef400000| Complete 
| 245|0x00000000ef500000, 0x00000000ef600000, 0x00000000ef600000|100%| E|CS|TAMS 0x00000000ef500000, 0x00000000ef500000| Complete 
| 246|0x00000000ef600000, 0x00000000ef700000, 0x00000000ef700000|100%| E|CS|TAMS 0x00000000ef600000, 0x00000000ef600000| Complete 
| 247|0x00000000ef700000, 0x00000000ef800000, 0x00000000ef800000|100%| E|CS|TAMS 0x00000000ef700000, 0x00000000ef700000| Complete 
| 248|0x00000000ef800000, 0x00000000ef900000, 0x00000000ef900000|100%| E|CS|TAMS 0x00000000ef800000, 0x00000000ef800000| Complete 
| 249|0x00000000ef900000, 0x00000000efa00000, 0x00000000efa00000|100%| E|CS|TAMS 0x00000000ef900000, 0x00000000ef900000| Complete 
| 250|0x00000000efa00000, 0x00000000efb00000, 0x00000000efb00000|100%| E|CS|TAMS 0x00000000efa00000, 0x00000000efa00000| Complete 
| 251|0x00000000efb00000, 0x00000000efc00000, 0x00000000efc00000|100%| E|CS|TAMS 0x00000000efb00000, 0x00000000efb00000| Complete 
| 252|0x00000000efc00000, 0x00000000efd00000, 0x00000000efd00000|100%| E|CS|TAMS 0x00000000efc00000, 0x00000000efc00000| Complete 
| 253|0x00000000efd00000, 0x00000000efe00000, 0x00000000efe00000|100%| E|CS|TAMS 0x00000000efd00000, 0x00000000efd00000| Complete 
| 254|0x00000000efe00000, 0x00000000eff00000, 0x00000000eff00000|100%| E|  |TAMS 0x00000000efe00000, 0x00000000efe00000| Complete 
| 255|0x00000000eff00000, 0x00000000f0000000, 0x00000000f0000000|100%| E|CS|TAMS 0x00000000eff00000, 0x00000000eff00000| Complete 

Card table byte_map: [0x00000169ed070000,0x00000169ed170000] _byte_map_base: 0x00000169ec970000

Marking Bits (Prev, Next): (CMBitMap*) 0x00000169d58e8d38, (CMBitMap*) 0x00000169d58e8d78
 Prev Bits: [0x00000169ed270000, 0x00000169eda70000)
 Next Bits: [0x00000169eda70000, 0x00000169ee270000)

Polling page: 0x00000169d36e0000

Metaspace:

Usage:
  Non-class:     45.68 MB capacity,    44.61 MB ( 98%) used,   900.83 KB (  2%) free+waste,   197.44 KB ( <1%) overhead. 
      Class:      7.75 MB capacity,     7.05 MB ( 91%) used,   625.77 KB (  8%) free+waste,    94.69 KB (  1%) overhead. 
       Both:     53.43 MB capacity,    51.66 MB ( 97%) used,     1.49 MB (  3%) free+waste,   292.13 KB ( <1%) overhead. 

Virtual space:
  Non-class space:       46.00 MB reserved,      45.75 MB (>99%) committed 
      Class space:      248.00 MB reserved,       7.88 MB (  3%) committed 
             Both:      294.00 MB reserved,      53.63 MB ( 18%) committed 

Chunk freelists:
   Non-Class:  8.00 KB
       Class:  0 bytes
        Both:  8.00 KB

MaxMetaspaceSize: 256.00 MB
CompressedClassSpaceSize: 248.00 MB

CodeHeap 'non-profiled nmethods': size=120000Kb used=5639Kb max_used=5639Kb free=114360Kb
 bounds [0x00000169e5b40000, 0x00000169e60d0000, 0x00000169ed070000]
CodeHeap 'profiled nmethods': size=120000Kb used=16653Kb max_used=16653Kb free=103346Kb
 bounds [0x00000169de610000, 0x00000169df660000, 0x00000169e5b40000]
CodeHeap 'non-nmethods': size=5760Kb used=2437Kb max_used=2517Kb free=3322Kb
 bounds [0x00000169de070000, 0x00000169de300000, 0x00000169de610000]
 total_blobs=8551 nmethods=7720 adapters=743
 compilation: enabled
              stopped_count=0, restarted_count=0
 full_count=0

Compilation events (20 events):
Event: 1222.574 Thread 0x00000169f0878800 nmethod 8404 0x00000169df650a90 code [0x00000169df650c60, 0x00000169df650f98]
Event: 1232.582 Thread 0x00000169f0870000 8405       4       java.util.stream.IntPipeline::forEachWithCancel (37 bytes)
Event: 1232.585 Thread 0x00000169f0878800 8408       3       org.gradle.cache.internal.DefaultFileLockManager::lock (10 bytes)
Event: 1232.585 Thread 0x00000169f0878800 nmethod 8408 0x00000169df651110 code [0x00000169df6512c0, 0x00000169df6514e8]
Event: 1232.585 Thread 0x00000169f0878800 8409       3       org.gradle.cache.internal.DefaultFileLockManager::lock (11 bytes)
Event: 1232.585 Thread 0x00000169f0878800 nmethod 8409 0x00000169df651610 code [0x00000169df6517c0, 0x00000169df651968]
Event: 1232.587 Thread 0x00000169f0878800 8410       3       org.gradle.cache.internal.DefaultFileLockManager$DefaultFileLock$1::<init> (10 bytes)
Event: 1232.588 Thread 0x00000169f0878800 nmethod 8410 0x00000169df651a10 code [0x00000169df651ba0, 0x00000169df651d78]
Event: 1232.588 Thread 0x00000169f0878800 8411       3       org.gradle.cache.internal.DefaultFileLockManager$DefaultFileLock$2::<init> (10 bytes)
Event: 1232.588 Thread 0x00000169f0878800 nmethod 8411 0x00000169df651e10 code [0x00000169df651fa0, 0x00000169df652178]
Event: 1232.588 Thread 0x00000169f0878800 8412   !   3       org.gradle.cache.internal.DefaultFileLockManager$DefaultFileLock$2::stop (61 bytes)
Event: 1232.589 Thread 0x00000169f0878800 nmethod 8412 0x00000169df652210 code [0x00000169df652480, 0x00000169df652e68]
Event: 1232.612 Thread 0x00000169f0870000 nmethod 8405 0x00000169e60be590 code [0x00000169e60bea20, 0x00000169e60c0258]
Event: 1232.612 Thread 0x00000169f0870000 8406       4       java.util.stream.IntPipeline::adapt (37 bytes)
Event: 1232.612 Thread 0x00000169f0870000 nmethod 8406 0x00000169e60c0e10 code [0x00000169e60c0fa0, 0x00000169e60c1038]
Event: 1232.613 Thread 0x00000169f0870000 8407       4       java.util.stream.IntPipeline$9$1::accept (27 bytes)
Event: 1232.617 Thread 0x00000169f0870000 nmethod 8407 0x00000169e60c1110 code [0x00000169e60c1380, 0x00000169e60c1a58]
Event: 1242.580 Thread 0x00000169f0870000 8413       4       java.io.File::<init> (111 bytes)
Event: 1242.593 Thread 0x00000169f0878800 8414       3       org.gradle.cache.internal.filelock.LockFileAccess::readLockState (12 bytes)
Event: 1242.594 Thread 0x00000169f0878800 nmethod 8414 0x00000169df653390 code [0x00000169df653540, 0x00000169df6536a8]

GC Heap History (20 events):
Event: 0.551 GC heap before
{Heap before GC invocations=0 (full 0):
 garbage-first heap   total 262144K, used 15360K [0x00000000e0000000, 0x0000000100000000)
  region size 1024K, 13 young (13312K), 0 survivors (0K)
 Metaspace       used 1166K, capacity 4891K, committed 5120K, reserved 262144K
  class space    used 98K, capacity 480K, committed 512K, reserved 253952K
}
Event: 0.554 GC heap after
{Heap after GC invocations=1 (full 0):
 garbage-first heap   total 262144K, used 3258K [0x00000000e0000000, 0x0000000100000000)
  region size 1024K, 2 young (2048K), 2 survivors (2048K)
 Metaspace       used 1166K, capacity 4891K, committed 5120K, reserved 262144K
  class space    used 98K, capacity 480K, committed 512K, reserved 253952K
}
Event: 1.027 GC heap before
{Heap before GC invocations=1 (full 0):
 garbage-first heap   total 262144K, used 20666K [0x00000000e0000000, 0x0000000100000000)
  region size 1024K, 16 young (16384K), 2 survivors (2048K)
 Metaspace       used 3467K, capacity 6249K, committed 6400K, reserved 262144K
  class space    used 449K, capacity 744K, committed 768K, reserved 253952K
}
Event: 1.036 GC heap after
{Heap after GC invocations=2 (full 0):
 garbage-first heap   total 262144K, used 9313K [0x00000000e0000000, 0x0000000100000000)
  region size 1024K, 2 young (2048K), 2 survivors (2048K)
 Metaspace       used 3467K, capacity 6249K, committed 6400K, reserved 262144K
  class space    used 449K, capacity 744K, committed 768K, reserved 253952K
}
Event: 1.514 GC heap before
{Heap before GC invocations=2 (full 0):
 garbage-first heap   total 262144K, used 32865K [0x00000000e0000000, 0x0000000100000000)
  region size 1024K, 25 young (25600K), 2 survivors (2048K)
 Metaspace       used 4400K, capacity 6853K, committed 7040K, reserved 262144K
  class space    used 547K, capacity 817K, committed 896K, reserved 253952K
}
Event: 1.517 GC heap after
{Heap after GC invocations=3 (full 0):
 garbage-first heap   total 262144K, used 9903K [0x00000000e0000000, 0x0000000100000000)
  region size 1024K, 3 young (3072K), 3 survivors (3072K)
 Metaspace       used 4400K, capacity 6853K, committed 7040K, reserved 262144K
  class space    used 547K, capacity 817K, committed 896K, reserved 253952K
}
Event: 5.225 GC heap before
{Heap before GC invocations=3 (full 0):
 garbage-first heap   total 262144K, used 163503K [0x00000000e0000000, 0x0000000100000000)
  region size 1024K, 153 young (156672K), 3 survivors (3072K)
 Metaspace       used 19912K, capacity 20501K, committed 20608K, reserved 272384K
  class space    used 2948K, capacity 3162K, committed 3200K, reserved 253952K
}
Event: 5.245 GC heap after
{Heap after GC invocations=4 (full 0):
 garbage-first heap   total 262144K, used 19149K [0x00000000e0000000, 0x0000000100000000)
  region size 1024K, 12 young (12288K), 12 survivors (12288K)
 Metaspace       used 19912K, capacity 20501K, committed 20608K, reserved 272384K
  class space    used 2948K, capacity 3162K, committed 3200K, reserved 253952K
}
Event: 5.447 GC heap before
{Heap before GC invocations=4 (full 0):
 garbage-first heap   total 262144K, used 25293K [0x00000000e0000000, 0x0000000100000000)
  region size 1024K, 19 young (19456K), 12 survivors (12288K)
 Metaspace       used 20675K, capacity 21211K, committed 21248K, reserved 272384K
  class space    used 3063K, capacity 3292K, committed 3328K, reserved 253952K
}
Event: 5.457 GC heap after
{Heap after GC invocations=5 (full 0):
 garbage-first heap   total 262144K, used 20101K [0x00000000e0000000, 0x0000000100000000)
  region size 1024K, 11 young (11264K), 11 survivors (11264K)
 Metaspace       used 20675K, capacity 21211K, committed 21248K, reserved 272384K
  class space    used 3063K, capacity 3292K, committed 3328K, reserved 253952K
}
Event: 8.715 GC heap before
{Heap before GC invocations=6 (full 0):
 garbage-first heap   total 262144K, used 154245K [0x00000000e0000000, 0x0000000100000000)
  region size 1024K, 141 young (144384K), 11 survivors (11264K)
 Metaspace       used 34665K, capacity 35641K, committed 35840K, reserved 284672K
  class space    used 4792K, capacity 5111K, committed 5120K, reserved 253952K
}
Event: 8.745 GC heap after
{Heap after GC invocations=7 (full 0):
 garbage-first heap   total 262144K, used 29119K [0x00000000e0000000, 0x0000000100000000)
  region size 1024K, 20 young (20480K), 20 survivors (20480K)
 Metaspace       used 34665K, capacity 35641K, committed 35840K, reserved 284672K
  class space    used 4792K, capacity 5111K, committed 5120K, reserved 253952K
}
Event: 11.768 GC heap before
{Heap before GC invocations=8 (full 0):
 garbage-first heap   total 262144K, used 165311K [0x00000000e0000000, 0x0000000100000000)
  region size 1024K, 153 young (156672K), 20 survivors (20480K)
 Metaspace       used 44380K, capacity 45840K, committed 45952K, reserved 294912K
  class space    used 6167K, capacity 6709K, committed 6784K, reserved 253952K
}
Event: 11.799 GC heap after
{Heap after GC invocations=9 (full 0):
 garbage-first heap   total 262144K, used 35543K [0x00000000e0000000, 0x0000000100000000)
  region size 1024K, 16 young (16384K), 16 survivors (16384K)
 Metaspace       used 44380K, capacity 45840K, committed 45952K, reserved 294912K
  class space    used 6167K, capacity 6709K, committed 6784K, reserved 253952K
}
Event: 15.405 GC heap before
{Heap before GC invocations=9 (full 0):
 garbage-first heap   total 262144K, used 174807K [0x00000000e0000000, 0x0000000100000000)
  region size 1024K, 153 young (156672K), 16 survivors (16384K)
 Metaspace       used 50802K, capacity 52485K, committed 52736K, reserved 299008K
  class space    used 7018K, capacity 7665K, committed 7680K, reserved 253952K
}
Event: 15.438 GC heap after
{Heap after GC invocations=10 (full 0):
 garbage-first heap   total 262144K, used 43831K [0x00000000e0000000, 0x0000000100000000)
  region size 1024K, 16 young (16384K), 16 survivors (16384K)
 Metaspace       used 50802K, capacity 52485K, committed 52736K, reserved 299008K
  class space    used 7018K, capacity 7665K, committed 7680K, reserved 253952K
}
Event: 16.480 GC heap before
{Heap before GC invocations=10 (full 0):
 garbage-first heap   total 262144K, used 185143K [0x00000000e0000000, 0x0000000100000000)
  region size 1024K, 153 young (156672K), 16 survivors (16384K)
 Metaspace       used 51986K, capacity 53790K, committed 54016K, reserved 301056K
  class space    used 7136K, capacity 7831K, committed 7936K, reserved 253952K
}
Event: 16.505 GC heap after
{Heap after GC invocations=11 (full 0):
 garbage-first heap   total 262144K, used 47969K [0x00000000e0000000, 0x0000000100000000)
  region size 1024K, 12 young (12288K), 12 survivors (12288K)
 Metaspace       used 51986K, capacity 53790K, committed 54016K, reserved 301056K
  class space    used 7136K, capacity 7831K, committed 7936K, reserved 253952K
}
Event: 16.833 GC heap before
{Heap before GC invocations=11 (full 0):
 garbage-first heap   total 262144K, used 194401K [0x00000000e0000000, 0x0000000100000000)
  region size 1024K, 153 young (156672K), 12 survivors (12288K)
 Metaspace       used 52387K, capacity 54168K, committed 54272K, reserved 301056K
  class space    used 7195K, capacity 7891K, committed 7936K, reserved 253952K
}
Event: 16.852 GC heap after
{Heap after GC invocations=12 (full 0):
 garbage-first heap   total 262144K, used 48468K [0x00000000e0000000, 0x0000000100000000)
  region size 1024K, 3 young (3072K), 3 survivors (3072K)
 Metaspace       used 52387K, capacity 54168K, committed 54272K, reserved 301056K
  class space    used 7195K, capacity 7891K, committed 7936K, reserved 253952K
}

Deoptimization events (20 events):
Event: 700.997 Thread 0x00000169f7895000 DEOPT PACKING pc=0x00000169de7a912c sp=0x00000049378fdab0
Event: 700.997 Thread 0x00000169f7895000 DEOPT UNPACKING pc=0x00000169de0b964e sp=0x00000049378fd048 mode 1
Event: 700.997 Thread 0x00000169f7895000 DEOPT PACKING pc=0x00000169de7a912c sp=0x00000049378fdc40
Event: 700.997 Thread 0x00000169f7895000 DEOPT UNPACKING pc=0x00000169de0b964e sp=0x00000049378fd1d8 mode 1
Event: 700.999 Thread 0x00000169f7895000 DEOPT PACKING pc=0x00000169de7a912c sp=0x00000049378fcfe0
Event: 700.999 Thread 0x00000169f7895000 DEOPT UNPACKING pc=0x00000169de0b964e sp=0x00000049378fc578 mode 1
Event: 700.999 Thread 0x00000169f7895000 DEOPT PACKING pc=0x00000169de7a912c sp=0x00000049378fd170
Event: 700.999 Thread 0x00000169f7895000 DEOPT UNPACKING pc=0x00000169de0b964e sp=0x00000049378fc708 mode 1
Event: 701.000 Thread 0x00000169f7895000 DEOPT PACKING pc=0x00000169de7a912c sp=0x00000049378fd300
Event: 701.000 Thread 0x00000169f7895000 DEOPT UNPACKING pc=0x00000169de0b964e sp=0x00000049378fc898 mode 1
Event: 772.577 Thread 0x00000169f2d7c800 DEOPT PACKING pc=0x00000169df53559a sp=0x0000004934bfdfa0
Event: 772.577 Thread 0x00000169f2d7c800 DEOPT UNPACKING pc=0x00000169de0b964e sp=0x0000004934bfd4c8 mode 0
Event: 1075.122 Thread 0x00000169f2475000 DEOPT PACKING pc=0x00000169df6226c4 sp=0x00000049351ff170
Event: 1075.123 Thread 0x00000169f2475000 DEOPT UNPACKING pc=0x00000169de0b964e sp=0x00000049351fe6b0 mode 0
Event: 1081.405 Thread 0x00000169f087b000 DEOPT PACKING pc=0x00000169df623af7 sp=0x00000049353ff3e0
Event: 1081.405 Thread 0x00000169f087b000 DEOPT UNPACKING pc=0x00000169de0b964e sp=0x00000049353fe900 mode 0
Event: 1203.173 Thread 0x00000169f2475000 DEOPT PACKING pc=0x00000169df6226c4 sp=0x00000049351ff170
Event: 1203.173 Thread 0x00000169f2475000 DEOPT UNPACKING pc=0x00000169de0b964e sp=0x00000049351fe6b0 mode 0
Event: 1209.579 Thread 0x00000169f087b000 DEOPT PACKING pc=0x00000169df623af7 sp=0x00000049353ff3e0
Event: 1209.579 Thread 0x00000169f087b000 DEOPT UNPACKING pc=0x00000169de0b964e sp=0x00000049353fe900 mode 0

Classes unloaded (0 events):
No events

Classes redefined (0 events):
No events

Internal exceptions (20 events):
Event: 16.572 Thread 0x00000169f7892000 Exception <a 'java/lang/ClassNotFoundException'{0x00000000eeddddd0}: org/gradle/api/internal/file/CompositeFileCollectionBeanInfo> (0x00000000eeddddd0) 
thrown [./open/src/hotspot/share/classfile/systemDictionary.cpp, line 226]
Event: 16.572 Thread 0x00000169f7892000 Exception <a 'java/lang/ClassNotFoundException'{0x00000000eedf51b0}: org/gradle/api/internal/file/CompositeFileCollectionCustomizer> (0x00000000eedf51b0) 
thrown [./open/src/hotspot/share/classfile/systemDictionary.cpp, line 226]
Event: 16.576 Thread 0x00000169f7892000 Exception <a 'java/lang/ClassNotFoundException'{0x00000000eec193b0}: org/gradle/api/internal/file/collections/DefaultConfigurableFileCollectionCustomizer> (0x00000000eec193b0) 
thrown [./open/src/hotspot/share/classfile/systemDictionary.cpp, line 226]
Event: 16.580 Thread 0x00000169f7892000 Exception <a 'java/io/FileNotFoundException'{0x00000000eec38500}> (0x00000000eec38500) 
thrown [./open/src/hotspot/share/prims/jni.cpp, line 599]
Event: 16.581 Thread 0x00000169f7892000 Exception <a 'java/io/FileNotFoundException'{0x00000000eec3a038}> (0x00000000eec3a038) 
thrown [./open/src/hotspot/share/prims/jni.cpp, line 599]
Event: 16.655 Thread 0x00000169f7892000 Exception <a 'java/io/FileNotFoundException'{0x00000000ec13af20}> (0x00000000ec13af20) 
thrown [./open/src/hotspot/share/prims/jni.cpp, line 599]
Event: 16.655 Thread 0x00000169f7892000 Exception <a 'java/io/FileNotFoundException'{0x00000000ec13ca18}> (0x00000000ec13ca18) 
thrown [./open/src/hotspot/share/prims/jni.cpp, line 599]
Event: 16.728 Thread 0x00000169f7892000 Exception <a 'java/lang/NoSuchMethodError'{0x00000000e9665bb8}: 'void java.lang.invoke.DirectMethodHandle$Holder.invokeVirtual(java.lang.Object, java.lang.Object)'> (0x00000000e9665bb8) 
thrown [./open/src/hotspot/share/interpreter/linkResolver.cpp, line 766]
Event: 16.748 Thread 0x00000169f7892000 Exception <a 'java/lang/ClassNotFoundException'{0x00000000e96ff900}: com/intellij/openapi/externalSystem/rt/execution/ForkedDebuggerHelperBeanInfo> (0x00000000e96ff900) 
thrown [./open/src/hotspot/share/classfile/systemDictionary.cpp, line 226]
Event: 16.749 Thread 0x00000169f7892000 Exception <a 'java/lang/ClassNotFoundException'{0x00000000e9508de0}: com/intellij/openapi/externalSystem/rt/execution/ForkedDebuggerHelperCustomizer> (0x00000000e9508de0) 
thrown [./open/src/hotspot/share/classfile/systemDictionary.cpp, line 226]
Event: 16.757 Thread 0x00000169f7892000 Exception <a 'java/net/SocketException'{0x00000000e951edf8}: Socket is not connected: shutdown> (0x00000000e951edf8) 
thrown [./open/src/hotspot/share/prims/jni.cpp, line 620]
Event: 16.769 Thread 0x00000169f7892000 Exception <a 'java/lang/ClassNotFoundException'{0x00000000e9429890}: java/util/Collections$EmptyListBeanInfo> (0x00000000e9429890) 
thrown [./open/src/hotspot/share/classfile/systemDictionary.cpp, line 226]
Event: 16.769 Thread 0x00000169f7892000 Exception <a 'java/lang/ClassNotFoundException'{0x00000000e9430e30}: java/util/Collections$EmptyListCustomizer> (0x00000000e9430e30) 
thrown [./open/src/hotspot/share/classfile/systemDictionary.cpp, line 226]
Event: 16.795 Thread 0x00000169f7892000 Exception <a 'java/io/FileNotFoundException'{0x00000000e94f9458}> (0x00000000e94f9458) 
thrown [./open/src/hotspot/share/prims/jni.cpp, line 599]
Event: 16.795 Thread 0x00000169f7892000 Exception <a 'java/io/FileNotFoundException'{0x00000000e94fb630}> (0x00000000e94fb630) 
thrown [./open/src/hotspot/share/prims/jni.cpp, line 599]
Event: 16.796 Thread 0x00000169f7892000 Exception <a 'java/io/FileNotFoundException'{0x00000000e94fd6b8}> (0x00000000e94fd6b8) 
thrown [./open/src/hotspot/share/prims/jni.cpp, line 599]
Event: 16.915 Thread 0x00000169f8026800 Exception <a 'java/lang/NoSuchMethodError'{0x00000000ef595760}: 'void java.lang.invoke.DirectMethodHandle$Holder.invokeStatic(java.lang.Object, long)'> (0x00000000ef595760) 
thrown [./open/src/hotspot/share/interpreter/linkResolver.cpp, line 766]
Event: 16.918 Thread 0x00000169f8026800 Exception <a 'java/lang/NoSuchMethodError'{0x00000000ef59cc78}: 'java.lang.Object java.lang.invoke.DirectMethodHandle$Holder.invokeStatic(java.lang.Object, java.lang.Object, long, java.lang.Object)'> (0x00000000ef59cc78) 
thrown [./open/src/hotspot/share/interpreter/linkResolver.cpp, line 766]
Event: 16.919 Thread 0x00000169f8026800 Exception <a 'java/lang/NoSuchMethodError'{0x00000000ef59fc10}: 'java.lang.Object java.lang.invoke.DirectMethodHandle$Holder.invokeStaticInit(java.lang.Object, java.lang.Object, long, java.lang.Object)'> (0x00000000ef59fc10) 
thrown [./open/src/hotspot/share/interpreter/linkResolver.cpp, line 766]
Event: 16.920 Thread 0x00000169f8026800 Exception <a 'java/lang/NoSuchMethodError'{0x00000000ef5a59a0}: 'java.lang.Object java.lang.invoke.Invokers$Holder.linkToTargetMethod(java.lang.Object, long, java.lang.Object)'> (0x00000000ef5a59a0) 
thrown [./open/src/hotspot/share/interpreter/linkResolver.cpp, line 766]

Events (20 events):
Event: 16.897 Thread 0x00000169f8026800 Thread added: 0x00000169f8026800
Event: 16.898 loading class java/lang/ProcessBuilder
Event: 16.898 loading class java/lang/ProcessBuilder done
Event: 16.900 loading class java/lang/ProcessImpl
Event: 16.900 loading class java/lang/ProcessImpl done
Event: 16.916 loading class java/lang/ProcessHandleImpl
Event: 16.917 loading class java/lang/ProcessHandleImpl done
Event: 16.920 loading class java/lang/ProcessImpl$2
Event: 16.920 loading class java/lang/ProcessImpl$2 done
Event: 16.920 loading class java/lang/Process$PipeInputStream
Event: 16.921 loading class java/lang/Process$PipeInputStream done
Event: 16.921 Executing VM operation: HandshakeAllThreads
Event: 16.922 Executing VM operation: HandshakeAllThreads done
Event: 16.924 Executing VM operation: HandshakeOneThread
Event: 16.924 Executing VM operation: HandshakeOneThread done
Event: 16.926 Thread 0x00000169f8029000 Thread added: 0x00000169f8029000
Event: 16.926 Thread 0x00000169f8029800 Thread added: 0x00000169f8029800
Event: 18.072 Thread 0x00000169f087c800 Thread exited: 0x00000169f087c800
Event: 700.997 Executing VM operation: HandshakeOneThread
Event: 700.997 Executing VM operation: HandshakeOneThread done


Dynamic libraries:
0x00007ff6526c0000 - 0x00007ff6526cf000 	C:\Program Files\java\jdk-14.0.2_windows-x64_bin\jdk-14.0.2\bin\java.exe
0x00007ffc79370000 - 0x00007ffc79565000 	C:\WINDOWS\SYSTEM32\ntdll.dll
0x00007ffc78ff0000 - 0x00007ffc790ae000 	C:\WINDOWS\System32\KERNEL32.DLL
0x00007ffc76e30000 - 0x00007ffc770f8000 	C:\WINDOWS\System32\KERNELBASE.dll
0x00007ffc771e0000 - 0x00007ffc772e0000 	C:\WINDOWS\System32\ucrtbase.dll
0x00007ffc70860000 - 0x00007ffc70875000 	C:\Program Files\java\jdk-14.0.2_windows-x64_bin\jdk-14.0.2\bin\VCRUNTIME140.dll
0x00007ffc6a290000 - 0x00007ffc6a2a8000 	C:\Program Files\java\jdk-14.0.2_windows-x64_bin\jdk-14.0.2\bin\jli.dll
0x00007ffc79220000 - 0x00007ffc792ce000 	C:\WINDOWS\System32\ADVAPI32.dll
0x00007ffc77dd0000 - 0x00007ffc77e6e000 	C:\WINDOWS\System32\msvcrt.dll
0x00007ffc78f50000 - 0x00007ffc78fec000 	C:\WINDOWS\System32\sechost.dll
0x00007ffc780c0000 - 0x00007ffc781e5000 	C:\WINDOWS\System32\RPCRT4.dll
0x00007ffc77570000 - 0x00007ffc77710000 	C:\WINDOWS\System32\USER32.dll
0x00007ffc76e00000 - 0x00007ffc76e22000 	C:\WINDOWS\System32\win32u.dll
0x00007ffc78ca0000 - 0x00007ffc78cca000 	C:\WINDOWS\System32\GDI32.dll
0x00007ffc76bf0000 - 0x00007ffc76cfb000 	C:\WINDOWS\System32\gdi32full.dll
0x00007ffc772e0000 - 0x00007ffc7737d000 	C:\WINDOWS\System32\msvcp_win.dll
0x00007ffc66360000 - 0x00007ffc665fa000 	C:\WINDOWS\WinSxS\amd64_microsoft.windows.common-controls_6595b64144ccf1df_6.0.19041.1110_none_60b5254171f9507e\COMCTL32.dll
0x00007ffc6d5f0000 - 0x00007ffc6d5fa000 	C:\WINDOWS\SYSTEM32\VERSION.dll
0x00007ffc790b0000 - 0x00007ffc790e0000 	C:\WINDOWS\System32\IMM32.DLL
0x00007ffc60040000 - 0x00007ffc600db000 	C:\Program Files\java\jdk-14.0.2_windows-x64_bin\jdk-14.0.2\bin\msvcp140.dll
0x00007ffc29020000 - 0x00007ffc29b3e000 	C:\Program Files\java\jdk-14.0.2_windows-x64_bin\jdk-14.0.2\bin\server\jvm.dll
0x00007ffc78cd0000 - 0x00007ffc78cd8000 	C:\WINDOWS\System32\PSAPI.DLL
0x00007ffc6d6a0000 - 0x00007ffc6d6a9000 	C:\WINDOWS\SYSTEM32\WSOCK32.dll
0x00007ffc78050000 - 0x00007ffc780bb000 	C:\WINDOWS\System32\WS2_32.dll
0x00007ffc68100000 - 0x00007ffc68127000 	C:\WINDOWS\SYSTEM32\WINMM.dll
0x00007ffc74970000 - 0x00007ffc74982000 	C:\WINDOWS\SYSTEM32\kernel.appcore.dll
0x00007ffc6a270000 - 0x00007ffc6a27a000 	C:\Program Files\java\jdk-14.0.2_windows-x64_bin\jdk-14.0.2\bin\jimage.dll
0x00007ffc611f0000 - 0x00007ffc613d4000 	C:\WINDOWS\SYSTEM32\DBGHELP.DLL
0x00007ffc611c0000 - 0x00007ffc611ec000 	C:\WINDOWS\SYSTEM32\dbgcore.DLL
0x00007ffc76d70000 - 0x00007ffc76df2000 	C:\WINDOWS\System32\bcryptPrimitives.dll
0x00007ffc62950000 - 0x00007ffc62988000 	C:\Program Files\java\jdk-14.0.2_windows-x64_bin\jdk-14.0.2\bin\jdwp.dll
0x00007ffc5ff80000 - 0x00007ffc5ffa5000 	C:\Program Files\java\jdk-14.0.2_windows-x64_bin\jdk-14.0.2\bin\java.dll
0x00007ffc62a70000 - 0x00007ffc62a86000 	C:\Program Files\java\jdk-14.0.2_windows-x64_bin\jdk-14.0.2\bin\zip.dll
0x00007ffc781f0000 - 0x00007ffc78934000 	C:\WINDOWS\System32\SHELL32.dll
0x00007ffc74b70000 - 0x00007ffc75304000 	C:\WINDOWS\SYSTEM32\windows.storage.dll
0x00007ffc78940000 - 0x00007ffc78c94000 	C:\WINDOWS\System32\combase.dll
0x00007ffc76420000 - 0x00007ffc7644c000 	C:\WINDOWS\SYSTEM32\Wldp.dll
0x00007ffc773d0000 - 0x00007ffc7747d000 	C:\WINDOWS\System32\SHCORE.dll
0x00007ffc791a0000 - 0x00007ffc791f5000 	C:\WINDOWS\System32\shlwapi.dll
0x00007ffc769d0000 - 0x00007ffc769ef000 	C:\WINDOWS\SYSTEM32\profapi.dll
0x00007ffc6a240000 - 0x00007ffc6a24b000 	C:\Program Files\java\jdk-14.0.2_windows-x64_bin\jdk-14.0.2\bin\dt_socket.dll
0x00007ffc75ec0000 - 0x00007ffc75efb000 	C:\WINDOWS\SYSTEM32\IPHLPAPI.DLL
0x00007ffc76200000 - 0x00007ffc7626a000 	C:\WINDOWS\system32\mswsock.dll
0x00007ffc62930000 - 0x00007ffc62949000 	C:\Program Files\java\jdk-14.0.2_windows-x64_bin\jdk-14.0.2\bin\net.dll
0x00007ffc691c0000 - 0x00007ffc692ca000 	C:\WINDOWS\SYSTEM32\WINHTTP.dll
0x00007ffc608c0000 - 0x00007ffc608d2000 	C:\Program Files\java\jdk-14.0.2_windows-x64_bin\jdk-14.0.2\bin\nio.dll
0x00007ffc61ed0000 - 0x00007ffc61ee0000 	C:\Program Files\java\jdk-14.0.2_windows-x64_bin\jdk-14.0.2\bin\verify.dll
0x00007ffc58e30000 - 0x00007ffc58e57000 	C:\Users\Vinay Sharma\.gradle\native\e1d6ef7f7dcc3fd88c89a11ec53ec762bb8ba0a96d01ffa2cd45eb1d1d8dd5c5\windows-amd64\native-platform.dll
0x00007ffc5fe30000 - 0x00007ffc5ff74000 	C:\Users\Vinay Sharma\.gradle\native\0d407fdbe67a94daf76414ababcb853783967236a71b16ec16e742cd7a986fd3\windows-amd64\native-platform-file-events.dll
0x00007ffc60760000 - 0x00007ffc60769000 	C:\Program Files\java\jdk-14.0.2_windows-x64_bin\jdk-14.0.2\bin\management.dll
0x00007ffc60750000 - 0x00007ffc6075b000 	C:\Program Files\java\jdk-14.0.2_windows-x64_bin\jdk-14.0.2\bin\management_ext.dll
0x00007ffc765f0000 - 0x00007ffc76608000 	C:\WINDOWS\SYSTEM32\CRYPTSP.dll
0x00007ffc75b30000 - 0x00007ffc75b64000 	C:\WINDOWS\system32\rsaenh.dll
0x00007ffc771b0000 - 0x00007ffc771d7000 	C:\WINDOWS\System32\bcrypt.dll
0x00007ffc76990000 - 0x00007ffc769be000 	C:\WINDOWS\SYSTEM32\USERENV.dll
0x00007ffc76390000 - 0x00007ffc7639c000 	C:\WINDOWS\SYSTEM32\CRYPTBASE.dll
0x00007ffc77560000 - 0x00007ffc77568000 	C:\WINDOWS\System32\NSI.dll
0x00007ffc6f930000 - 0x00007ffc6f947000 	C:\WINDOWS\SYSTEM32\dhcpcsvc6.DLL
0x00007ffc6f910000 - 0x00007ffc6f92d000 	C:\WINDOWS\SYSTEM32\dhcpcsvc.DLL
0x00007ffc75f10000 - 0x00007ffc75fdb000 	C:\WINDOWS\SYSTEM32\DNSAPI.dll

dbghelp: loaded successfully - version: 4.0.5 - missing functions: none
symbol engine: initialized successfully - sym options: 0x614 - pdb path: .;C:\Program Files\java\jdk-14.0.2_windows-x64_bin\jdk-14.0.2\bin;C:\WINDOWS\SYSTEM32;C:\WINDOWS\WinSxS\amd64_microsoft.windows.common-controls_6595b64144ccf1df_6.0.19041.1110_none_60b5254171f9507e;C:\Program Files\java\jdk-14.0.2_windows-x64_bin\jdk-14.0.2\bin\server;C:\Users\Vinay Sharma\.gradle\native\e1d6ef7f7dcc3fd88c89a11ec53ec762bb8ba0a96d01ffa2cd45eb1d1d8dd5c5\windows-amd64;C:\Users\Vinay Sharma\.gradle\native\0d407fdbe67a94daf76414ababcb853783967236a71b16ec16e742cd7a986fd3\windows-amd64

VM Arguments:
jvm_args: -XX:MaxMetaspaceSize=256m -XX:+HeapDumpOnOutOfMemoryError -agentlib:jdwp=transport=dt_socket,server=n,suspend=y,address=127.0.0.1:53177 --add-opens=java.base/java.util=ALL-UNNAMED --add-opens=java.base/java.lang=ALL-UNNAMED --add-opens=java.base/java.lang.invoke=ALL-UNNAMED --add-opens=java.base/java.util=ALL-UNNAMED --add-opens=java.prefs/java.util.prefs=ALL-UNNAMED --add-opens=java.prefs/java.util.prefs=ALL-UNNAMED --add-opens=java.base/java.nio.charset=ALL-UNNAMED --add-opens=java.base/java.net=ALL-UNNAMED --add-opens=java.base/java.util.concurrent.atomic=ALL-UNNAMED -Xms256m -Xmx512m -Dfile.encoding=windows-1252 -Duser.country=IN -Duser.language=en -Duser.variant 
java_command: org.gradle.launcher.daemon.bootstrap.GradleDaemon 7.4.1
java_class_path (initial): C:\Users\Vinay Sharma\.gradle\wrapper\dists\gradle-7.4.1-bin\58kw26xllvsiedyf3nujyarhn\gradle-7.4.1\lib\gradle-launcher-7.4.1.jar
Launcher Type: SUN_STANDARD

[Global flags]
     intx CICompilerCount                          = 3                                         {product} {ergonomic}
   size_t CompressedClassSpaceSize                 = 260046848                                 {product} {ergonomic}
     uint ConcGCThreads                            = 1                                         {product} {ergonomic}
     uint G1ConcRefinementThreads                  = 4                                         {product} {ergonomic}
   size_t G1HeapRegionSize                         = 1048576                                   {product} {ergonomic}
    uintx GCDrainStackTargetSize                   = 64                                        {product} {ergonomic}
     bool HeapDumpOnOutOfMemoryError               = true                                   {manageable} {command line}
   size_t InitialHeapSize                          = 268435456                                 {product} {command line}
   size_t MarkStackSize                            = 4194304                                   {product} {ergonomic}
   size_t MaxHeapSize                              = 536870912                                 {product} {command line}
   size_t MaxMetaspaceSize                         = 268435456                                 {product} {command line}
   size_t MaxNewSize                               = 321912832                                 {product} {ergonomic}
   size_t MinHeapDeltaBytes                        = 1048576                                   {product} {ergonomic}
   size_t MinHeapSize                              = 268435456                                 {product} {command line}
    uintx NonNMethodCodeHeapSize                   = 5832780                                {pd product} {ergonomic}
    uintx NonProfiledCodeHeapSize                  = 122912730                              {pd product} {ergonomic}
    uintx ProfiledCodeHeapSize                     = 122912730                              {pd product} {ergonomic}
    uintx ReservedCodeCacheSize                    = 251658240                              {pd product} {ergonomic}
     bool SegmentedCodeCache                       = true                                      {product} {ergonomic}
   size_t SoftMaxHeapSize                          = 536870912                              {manageable} {ergonomic}
     bool UseCompressedClassPointers               = true                                 {lp64_product} {ergonomic}
     bool UseCompressedOops                        = true                                 {lp64_product} {ergonomic}
     bool UseG1GC                                  = true                                      {product} {ergonomic}
     bool UseLargePagesIndividualAllocation        = false                                  {pd product} {ergonomic}

Logging:
Log output configuration:
 #0: stdout all=warning uptime,level,tags
 #1: stderr all=off uptime,level,tags

Environment Variables:
JAVA_HOME=C:\Program Files\java\jdk-14.0.2_windows-x64_bin\jdk-14.0.2
PATH=C:\Python39\Scripts\;C:\Python39\;C:\Program Files (x86)\Intel\iCLS Client\;C:\Program Files\Intel\iCLS Client\;C:\Windows\system32;C:\Windows;C:\Windows\System32\Wbem;C:\Windows\System32\WindowsPowerShell\v1.0\;C:\Windows\System32\OpenSSH\;E:\;C:\Program Files (x86)\Intel\Intel(R) Management Engine Components\DAL;C:\Program Files\Intel\Intel(R) Management Engine Components\DAL;C:\Program Files (x86)\Intel\Intel(R) Management Engine Components\IPT;C:\Program Files\Intel\Intel(R) Management Engine Components\IPT;C:\WINDOWS\system32;C:\WINDOWS;C:\WINDOWS\System32\Wbem;C:\WINDOWS\System32\WindowsPowerShell\v1.0\;C:\WINDOWS\System32\OpenSSH\;C:\ProgramData\chocolatey\bin;C:\Program Files\Microsoft SQL Server\Client SDK\ODBC\170\Tools\Binn\;C:\Program Files (x86)\Microsoft SQL Server\150\Tools\Binn\;C:\Program Files\Microsoft SQL Server\150\Tools\Binn\;C:\Program Files\Microsoft SQL Server\150\DTS\Binn\;C:\Program Files (x86)\Microsoft SQL Server\150\DTS\Binn\;C:\Program Files\Git\cmd;C:\Program Files\nodejs\;C:\Users\Vinay Sharma\AppData\Local\Microsoft\WindowsApps;F:\IntelliJ IDEA Community Edition 2020.2\bin;;E:\;C:\Program Files\Azure Data Studio\bin;C:\Users\Vinay Sharma\AppData\Local\Programs\Microsoft VS Code\bin;C:\Users\Vinay Sharma\AppData\Roaming\npm;C:\Program Files\java\openjdk-11+28_windows-x64_bin\jdk-11\bin;
USERNAME=Vinay Sharma
OS=Windows_NT
PROCESSOR_IDENTIFIER=Intel64 Family 6 Model 58 Stepping 9, GenuineIntel



---------------  S Y S T E M  ---------------

OS: Windows 10 , 64 bit Build 19041 (10.0.19041.1645)
OS uptime: 0 days 4:11 hours
HyperV virtualization detected

CPU:total 4 (initial active 4) (2 cores per cpu, 2 threads per core) family 6 model 58 stepping 9, cmov, cx8, fxsr, mmx, sse, sse2, sse3, ssse3, sse4.1, sse4.2, popcnt, avx, aes, clmul, erms, ht, tsc, tscinvbit, tscinv

Memory: 4k page, system-wide physical 8096M (608M free)
TotalPageFile size 8096M (AvailPageFile size 3M)
current process WorkingSet (physical memory assigned to process): 360M, peak: 432M
current process commit charge ("private bytes"): 468M, peak: 510M

vm_info: Java HotSpot(TM) 64-Bit Server VM (14.0.2+12-46) for windows-amd64 JRE (14.0.2+12-46), built on Jul  9 2020 00:35:52 by "mach5one" with MS VC++ 15.9 (VS2017)

END.
