#
# There is insufficient memory for the Java Runtime Environment to continue.
# Native memory allocation (malloc) failed to allocate 32784 bytes for Chunk::new
# Possible reasons:
#   The system is out of physical RAM or swap space
#   The process is running with CompressedOops enabled, and the Java Heap may be blocking the growth of the native heap
# Possible solutions:
#   Reduce memory load on the system
#   Increase physical memory or swap space
#   Check if swap backing store is full
#   Decrease Java heap size (-Xmx/-Xms)
#   Decrease number of Java threads
#   Decrease Java thread stack sizes (-Xss)
#   Set larger code cache with -XX:ReservedCodeCacheSize=
#   JVM is running with Unscaled Compressed Oops mode in which the Java heap is
#     placed in the first 4GB address space. The Java Heap base address is the
#     maximum limit for the native heap growth. Please use -XX:HeapBaseMinAddress
#     to set the Java Heap base and to place the Java Heap above 4GB virtual address.
# This output file may be truncated or incomplete.
#
#  Out of Memory Error (./open/src/hotspot/share/memory/arena.cpp:195), pid=10908, tid=11952
#
# JRE version: Java(TM) SE Runtime Environment (14.0.2+12) (build 14.0.2+12-46)
# Java VM: Java HotSpot(TM) 64-Bit Server VM (14.0.2+12-46, mixed mode, sharing, tiered, compressed oops, g1 gc, windows-amd64)
# No core dump will be written. Minidumps are not enabled by default on client versions of Windows
#

---------------  S U M M A R Y ------------

Command Line: -Xmx64m -Xms64m -Dorg.gradle.appname=gradlew org.gradle.wrapper.GradleWrapperMain bootrun

Host: Intel(R) Core(TM) i5-3360M CPU @ 2.80GHz, 4 cores, 7G,  Windows 10 , 64 bit Build 19041 (10.0.19041.1645)
Time: Wed Apr 27 13:31:44 2022 India Standard Time elapsed time: 1790 seconds (0d 0h 29m 50s)

---------------  T H R E A D  ---------------

Current thread (0x000001e67fec5800):  JavaThread "C2 CompilerThread0" daemon [_thread_in_native, id=11952, stack(0x0000002446300000,0x0000002446400000)]


Current CompileTask:
C2:1790177 1900       4       org.gradle.internal.logging.console.DefaultAnsiExecutor$AnsiContextImpl::a (234 bytes)

Stack: [0x0000002446300000,0x0000002446400000]
Native frames: (J=compiled Java code, j=interpreted, Vv=VM code, C=native code)
V  [jvm.dll+0x5f8a9a]
V  [jvm.dll+0x74247a]
V  [jvm.dll+0x743c2f]
V  [jvm.dll+0x744273]
V  [jvm.dll+0x20d288]
V  [jvm.dll+0xabb07]
V  [jvm.dll+0xabc7d]
V  [jvm.dll+0x5d997b]
V  [jvm.dll+0x50cc86]
V  [jvm.dll+0x1ee036]
V  [jvm.dll+0x1e752d]
V  [jvm.dll+0x1e4f98]
V  [jvm.dll+0x1779cc]
V  [jvm.dll+0x1f4105]
V  [jvm.dll+0x1f22eb]
V  [jvm.dll+0x7070cd]
V  [jvm.dll+0x6ffeda]
V  [jvm.dll+0x5f78f6]
C  [ucrtbase.dll+0x21bb2]
C  [KERNEL32.DLL+0x17034]
C  [ntdll.dll+0x52651]


---------------  P R O C E S S  ---------------

Threads class SMR info:
_java_thread_list=0x000001e6105388c0, length=14, elements={
0x000001e67507d800, 0x000001e67515c000, 0x000001e67515d800, 0x000001e67feaa000,
0x000001e67feae800, 0x000001e67feb3800, 0x000001e67fec5800, 0x000001e67fec6800,
0x000001e67feb1000, 0x000001e67feb5000, 0x000001e67feaf800, 0x000001e67feb0800,
0x000001e67feb6000, 0x000001e67feb4800
}

Java Threads: ( => current thread )
  0x000001e67507d800 JavaThread "main" [_thread_in_native, id=10196, stack(0x0000002445700000,0x0000002445800000)]
  0x000001e67515c000 JavaThread "Reference Handler" daemon [_thread_blocked, id=11812, stack(0x0000002445e00000,0x0000002445f00000)]
  0x000001e67515d800 JavaThread "Finalizer" daemon [_thread_blocked, id=5156, stack(0x0000002445f00000,0x0000002446000000)]
  0x000001e67feaa000 JavaThread "Signal Dispatcher" daemon [_thread_blocked, id=10116, stack(0x0000002446000000,0x0000002446100000)]
  0x000001e67feae800 JavaThread "Attach Listener" daemon [_thread_blocked, id=7008, stack(0x0000002446100000,0x0000002446200000)]
  0x000001e67feb3800 JavaThread "Service Thread" daemon [_thread_blocked, id=5420, stack(0x0000002446200000,0x0000002446300000)]
=>0x000001e67fec5800 JavaThread "C2 CompilerThread0" daemon [_thread_in_native, id=11952, stack(0x0000002446300000,0x0000002446400000)]
  0x000001e67fec6800 JavaThread "C1 CompilerThread0" daemon [_thread_blocked, id=8740, stack(0x0000002446400000,0x0000002446500000)]
  0x000001e67feb1000 JavaThread "Sweeper thread" daemon [_thread_blocked, id=9612, stack(0x0000002446500000,0x0000002446600000)]
  0x000001e67feb5000 JavaThread "Notification Thread" daemon [_thread_blocked, id=7192, stack(0x0000002446600000,0x0000002446700000)]
  0x000001e67feaf800 JavaThread "Common-Cleaner" daemon [_thread_blocked, id=11572, stack(0x0000002446800000,0x0000002446900000)]
  0x000001e67feb0800 JavaThread "pool-1-thread-1" [_thread_blocked, id=11208, stack(0x0000002446b00000,0x0000002446c00000)]
  0x000001e67feb6000 JavaThread "DisconnectableInputStream source reader" daemon [_thread_in_native, id=3912, stack(0x0000002446a00000,0x0000002446b00000)]
  0x000001e67feb4800 JavaThread "Forward input" [_thread_blocked, id=9232, stack(0x0000002446f00000,0x0000002447000000)]

Other Threads:
  0x000001e67515b000 VMThread "VM Thread" [stack: 0x0000002445d00000,0x0000002445e00000] [id=7956]
  0x000001e60f99f000 WatcherThread [stack: 0x0000002446700000,0x0000002446800000] [id=1544]
  0x000001e67509c000 GCTaskThread "GC Thread#0" [stack: 0x0000002445800000,0x0000002445900000] [id=11432]
  0x000001e60fc82000 GCTaskThread "GC Thread#1" [stack: 0x0000002446900000,0x0000002446a00000] [id=2764]
  0x000001e60ff24000 GCTaskThread "GC Thread#2" [stack: 0x0000002446c00000,0x0000002446d00000] [id=4600]
  0x000001e610749800 GCTaskThread "GC Thread#3" [stack: 0x0000002446d00000,0x0000002446e00000] [id=10056]
  0x000001e67509e000 ConcurrentGCThread "G1 Main Marker" [stack: 0x0000002445900000,0x0000002445a00000] [id=12036]
  0x000001e67509f800 ConcurrentGCThread "G1 Conc#0" [stack: 0x0000002445a00000,0x0000002445b00000] [id=9456]
  0x000001e6750f3800 ConcurrentGCThread "G1 Refine#0" [stack: 0x0000002445b00000,0x0000002445c00000] [id=10456]
  0x000001e6750f6000 ConcurrentGCThread "G1 Young RemSet Sampling" [stack: 0x0000002445c00000,0x0000002445d00000] [id=11624]

Threads with active compile tasks:
C2 CompilerThread0  1790346 1900       4       org.gradle.internal.logging.console.DefaultAnsiExecutor$AnsiContextImpl::a (234 bytes)

VM state:not at safepoint (normal execution)

VM Mutex/Monitor currently owned by a thread: None

Heap address: 0x00000000fc000000, size: 64 MB, Compressed Oops mode: 32-bit
Narrow klass base: 0x0000000800000000, Narrow klass shift: 3
Compressed class space size: 1073741824 Address: 0x0000000800b30000

Heap:
 garbage-first heap   total 65536K, used 32749K [0x00000000fc000000, 0x0000000100000000)
  region size 1024K, 24 young (24576K), 2 survivors (2048K)
 Metaspace       used 9715K, capacity 10101K, committed 10368K, reserved 1058816K
  class space    used 1264K, capacity 1373K, committed 1408K, reserved 1048576K
Heap Regions: E=young(eden), S=young(survivor), O=old, HS=humongous(starts), HC=humongous(continues), CS=collection set, F=free, OA=open archive, CA=closed archive, TAMS=top-at-mark-start (previous, next)
|   0|0x00000000fc000000, 0x00000000fc100000, 0x00000000fc100000|100%|HS|  |TAMS 0x00000000fc000000, 0x00000000fc000000| Complete 
|   1|0x00000000fc100000, 0x00000000fc200000, 0x00000000fc200000|100%|HC|  |TAMS 0x00000000fc100000, 0x00000000fc100000| Complete 
|   2|0x00000000fc200000, 0x00000000fc300000, 0x00000000fc300000|100%|HC|  |TAMS 0x00000000fc200000, 0x00000000fc200000| Complete 
|   3|0x00000000fc300000, 0x00000000fc400000, 0x00000000fc400000|100%| O|  |TAMS 0x00000000fc300000, 0x00000000fc300000| Untracked 
|   4|0x00000000fc400000, 0x00000000fc500000, 0x00000000fc500000|100%| O|  |TAMS 0x00000000fc400000, 0x00000000fc400000| Untracked 
|   5|0x00000000fc500000, 0x00000000fc600000, 0x00000000fc600000|100%| O|  |TAMS 0x00000000fc500000, 0x00000000fc500000| Untracked 
|   6|0x00000000fc600000, 0x00000000fc700000, 0x00000000fc700000|100%| O|  |TAMS 0x00000000fc600000, 0x00000000fc600000| Untracked 
|   7|0x00000000fc700000, 0x00000000fc800000, 0x00000000fc800000|100%| O|  |TAMS 0x00000000fc700000, 0x00000000fc700000| Untracked 
|   8|0x00000000fc800000, 0x00000000fc900000, 0x00000000fc900000|100%| O|  |TAMS 0x00000000fc800000, 0x00000000fc800000| Untracked 
|   9|0x00000000fc900000, 0x00000000fc949000, 0x00000000fca00000| 28%| O|  |TAMS 0x00000000fc900000, 0x00000000fc900000| Untracked 
|  10|0x00000000fca00000, 0x00000000fca00000, 0x00000000fcb00000|  0%| F|  |TAMS 0x00000000fca00000, 0x00000000fca00000| Untracked 
|  11|0x00000000fcb00000, 0x00000000fcb00000, 0x00000000fcc00000|  0%| F|  |TAMS 0x00000000fcb00000, 0x00000000fcb00000| Untracked 
|  12|0x00000000fcc00000, 0x00000000fcc00000, 0x00000000fcd00000|  0%| F|  |TAMS 0x00000000fcc00000, 0x00000000fcc00000| Untracked 
|  13|0x00000000fcd00000, 0x00000000fcd00000, 0x00000000fce00000|  0%| F|  |TAMS 0x00000000fcd00000, 0x00000000fcd00000| Untracked 
|  14|0x00000000fce00000, 0x00000000fce00000, 0x00000000fcf00000|  0%| F|  |TAMS 0x00000000fce00000, 0x00000000fce00000| Untracked 
|  15|0x00000000fcf00000, 0x00000000fcf00000, 0x00000000fd000000|  0%| F|  |TAMS 0x00000000fcf00000, 0x00000000fcf00000| Untracked 
|  16|0x00000000fd000000, 0x00000000fd000000, 0x00000000fd100000|  0%| F|  |TAMS 0x00000000fd000000, 0x00000000fd000000| Untracked 
|  17|0x00000000fd100000, 0x00000000fd100000, 0x00000000fd200000|  0%| F|  |TAMS 0x00000000fd100000, 0x00000000fd100000| Untracked 
|  18|0x00000000fd200000, 0x00000000fd200000, 0x00000000fd300000|  0%| F|  |TAMS 0x00000000fd200000, 0x00000000fd200000| Untracked 
|  19|0x00000000fd300000, 0x00000000fd300000, 0x00000000fd400000|  0%| F|  |TAMS 0x00000000fd300000, 0x00000000fd300000| Untracked 
|  20|0x00000000fd400000, 0x00000000fd400000, 0x00000000fd500000|  0%| F|  |TAMS 0x00000000fd400000, 0x00000000fd400000| Untracked 
|  21|0x00000000fd500000, 0x00000000fd500000, 0x00000000fd600000|  0%| F|  |TAMS 0x00000000fd500000, 0x00000000fd500000| Untracked 
|  22|0x00000000fd600000, 0x00000000fd600000, 0x00000000fd700000|  0%| F|  |TAMS 0x00000000fd600000, 0x00000000fd600000| Untracked 
|  23|0x00000000fd700000, 0x00000000fd700000, 0x00000000fd800000|  0%| F|  |TAMS 0x00000000fd700000, 0x00000000fd700000| Untracked 
|  24|0x00000000fd800000, 0x00000000fd800000, 0x00000000fd900000|  0%| F|  |TAMS 0x00000000fd800000, 0x00000000fd800000| Untracked 
|  25|0x00000000fd900000, 0x00000000fd900000, 0x00000000fda00000|  0%| F|  |TAMS 0x00000000fd900000, 0x00000000fd900000| Untracked 
|  26|0x00000000fda00000, 0x00000000fda00000, 0x00000000fdb00000|  0%| F|  |TAMS 0x00000000fda00000, 0x00000000fda00000| Untracked 
|  27|0x00000000fdb00000, 0x00000000fdb00000, 0x00000000fdc00000|  0%| F|  |TAMS 0x00000000fdb00000, 0x00000000fdb00000| Untracked 
|  28|0x00000000fdc00000, 0x00000000fdc00000, 0x00000000fdd00000|  0%| F|  |TAMS 0x00000000fdc00000, 0x00000000fdc00000| Untracked 
|  29|0x00000000fdd00000, 0x00000000fdd00000, 0x00000000fde00000|  0%| F|  |TAMS 0x00000000fdd00000, 0x00000000fdd00000| Untracked 
|  30|0x00000000fde00000, 0x00000000fde00000, 0x00000000fdf00000|  0%| F|  |TAMS 0x00000000fde00000, 0x00000000fde00000| Untracked 
|  31|0x00000000fdf00000, 0x00000000fdf00000, 0x00000000fe000000|  0%| F|  |TAMS 0x00000000fdf00000, 0x00000000fdf00000| Untracked 
|  32|0x00000000fe000000, 0x00000000fe000000, 0x00000000fe100000|  0%| F|  |TAMS 0x00000000fe000000, 0x00000000fe000000| Untracked 
|  33|0x00000000fe100000, 0x00000000fe100000, 0x00000000fe200000|  0%| F|  |TAMS 0x00000000fe100000, 0x00000000fe100000| Untracked 
|  34|0x00000000fe200000, 0x00000000fe200000, 0x00000000fe300000|  0%| F|  |TAMS 0x00000000fe200000, 0x00000000fe200000| Untracked 
|  35|0x00000000fe300000, 0x00000000fe3b2650, 0x00000000fe400000| 69%| S|CS|TAMS 0x00000000fe300000, 0x00000000fe300000| Complete 
|  36|0x00000000fe400000, 0x00000000fe500000, 0x00000000fe500000|100%| S|CS|TAMS 0x00000000fe400000, 0x00000000fe400000| Complete 
|  37|0x00000000fe500000, 0x00000000fe500000, 0x00000000fe600000|  0%| F|  |TAMS 0x00000000fe500000, 0x00000000fe500000| Untracked 
|  38|0x00000000fe600000, 0x00000000fe600000, 0x00000000fe700000|  0%| F|  |TAMS 0x00000000fe600000, 0x00000000fe600000| Untracked 
|  39|0x00000000fe700000, 0x00000000fe700000, 0x00000000fe800000|  0%| F|  |TAMS 0x00000000fe700000, 0x00000000fe700000| Untracked 
|  40|0x00000000fe800000, 0x00000000fe800000, 0x00000000fe900000|  0%| F|  |TAMS 0x00000000fe800000, 0x00000000fe800000| Untracked 
|  41|0x00000000fe900000, 0x00000000fe900000, 0x00000000fea00000|  0%| F|  |TAMS 0x00000000fe900000, 0x00000000fe900000| Untracked 
|  42|0x00000000fea00000, 0x00000000fea9cee8, 0x00000000feb00000| 61%| E|  |TAMS 0x00000000fea00000, 0x00000000fea00000| Complete 
|  43|0x00000000feb00000, 0x00000000fec00000, 0x00000000fec00000|100%| E|CS|TAMS 0x00000000feb00000, 0x00000000feb00000| Complete 
|  44|0x00000000fec00000, 0x00000000fed00000, 0x00000000fed00000|100%| E|CS|TAMS 0x00000000fec00000, 0x00000000fec00000| Complete 
|  45|0x00000000fed00000, 0x00000000fee00000, 0x00000000fee00000|100%| E|CS|TAMS 0x00000000fed00000, 0x00000000fed00000| Complete 
|  46|0x00000000fee00000, 0x00000000fef00000, 0x00000000fef00000|100%| E|CS|TAMS 0x00000000fee00000, 0x00000000fee00000| Complete 
|  47|0x00000000fef00000, 0x00000000ff000000, 0x00000000ff000000|100%| E|CS|TAMS 0x00000000fef00000, 0x00000000fef00000| Complete 
|  48|0x00000000ff000000, 0x00000000ff100000, 0x00000000ff100000|100%| E|CS|TAMS 0x00000000ff000000, 0x00000000ff000000| Complete 
|  49|0x00000000ff100000, 0x00000000ff200000, 0x00000000ff200000|100%| E|CS|TAMS 0x00000000ff100000, 0x00000000ff100000| Complete 
|  50|0x00000000ff200000, 0x00000000ff300000, 0x00000000ff300000|100%| E|CS|TAMS 0x00000000ff200000, 0x00000000ff200000| Complete 
|  51|0x00000000ff300000, 0x00000000ff400000, 0x00000000ff400000|100%| E|CS|TAMS 0x00000000ff300000, 0x00000000ff300000| Complete 
|  52|0x00000000ff400000, 0x00000000ff500000, 0x00000000ff500000|100%| E|CS|TAMS 0x00000000ff400000, 0x00000000ff400000| Complete 
|  53|0x00000000ff500000, 0x00000000ff600000, 0x00000000ff600000|100%| E|CS|TAMS 0x00000000ff500000, 0x00000000ff500000| Complete 
|  54|0x00000000ff600000, 0x00000000ff700000, 0x00000000ff700000|100%| E|CS|TAMS 0x00000000ff600000, 0x00000000ff600000| Complete 
|  55|0x00000000ff700000, 0x00000000ff800000, 0x00000000ff800000|100%| E|CS|TAMS 0x00000000ff700000, 0x00000000ff700000| Complete 
|  56|0x00000000ff800000, 0x00000000ff900000, 0x00000000ff900000|100%| E|CS|TAMS 0x00000000ff800000, 0x00000000ff800000| Complete 
|  57|0x00000000ff900000, 0x00000000ffa00000, 0x00000000ffa00000|100%| E|CS|TAMS 0x00000000ff900000, 0x00000000ff900000| Complete 
|  58|0x00000000ffa00000, 0x00000000ffb00000, 0x00000000ffb00000|100%| E|CS|TAMS 0x00000000ffa00000, 0x00000000ffa00000| Complete 
|  59|0x00000000ffb00000, 0x00000000ffc00000, 0x00000000ffc00000|100%| E|CS|TAMS 0x00000000ffb00000, 0x00000000ffb00000| Complete 
|  60|0x00000000ffc00000, 0x00000000ffd00000, 0x00000000ffd00000|100%| E|CS|TAMS 0x00000000ffc00000, 0x00000000ffc00000| Complete 
|  61|0x00000000ffd00000, 0x00000000ffe00000, 0x00000000ffe00000|100%| E|CS|TAMS 0x00000000ffd00000, 0x00000000ffd00000| Complete 
|  62|0x00000000ffe00000, 0x00000000fff00000, 0x00000000fff00000|100%| E|CS|TAMS 0x00000000ffe00000, 0x00000000ffe00000| Complete 
|  63|0x00000000fff00000, 0x0000000100000000, 0x0000000100000000|100%| E|CS|TAMS 0x00000000fff00000, 0x00000000fff00000| Complete 

Card table byte_map: [0x000001e674e80000,0x000001e674ea0000] _byte_map_base: 0x000001e6746a0000

Marking Bits (Prev, Next): (CMBitMap*) 0x000001e67509ca58, (CMBitMap*) 0x000001e67509ca98
 Prev Bits: [0x000001e674ec0000, 0x000001e674fc0000)
 Next Bits: [0x000001e67d830000, 0x000001e67d930000)

Polling page: 0x000001e673050000

Metaspace:

Usage:
  Non-class:      8.52 MB capacity,     8.25 MB ( 97%) used,   258.01 KB (  3%) free+waste,    18.63 KB ( <1%) overhead. 
      Class:      1.34 MB capacity,     1.23 MB ( 92%) used,    97.93 KB (  7%) free+waste,    10.63 KB ( <1%) overhead. 
       Both:      9.86 MB capacity,     9.49 MB ( 96%) used,   355.94 KB (  4%) free+waste,    29.25 KB ( <1%) overhead. 

Virtual space:
  Non-class space:       10.00 MB reserved,       8.75 MB ( 88%) committed 
      Class space:        1.00 GB reserved,       1.38 MB ( <1%) committed 
             Both:        1.01 GB reserved,      10.13 MB ( <1%) committed 

Chunk freelists:
   Non-Class:  40.00 KB
       Class:  3.00 KB
        Both:  43.00 KB

MaxMetaspaceSize: 17179869184.00 GB
CompressedClassSpaceSize: 1.00 GB

CodeHeap 'non-profiled nmethods': size=120000Kb used=940Kb max_used=940Kb free=119059Kb
 bounds [0x000001e607ad0000, 0x000001e607d40000, 0x000001e60f000000]
CodeHeap 'profiled nmethods': size=120000Kb used=3742Kb max_used=3742Kb free=116257Kb
 bounds [0x000001e6005a0000, 0x000001e600950000, 0x000001e607ad0000]
CodeHeap 'non-nmethods': size=5760Kb used=1197Kb max_used=1245Kb free=4562Kb
 bounds [0x000001e600000000, 0x000001e600270000, 0x000001e6005a0000]
 total_blobs=2361 nmethods=1899 adapters=375
 compilation: enabled
              stopped_count=0, restarted_count=0
 full_count=0

Compilation events (20 events):
Event: 1367.510 Thread 0x000001e67fec6800 nmethod 1890 0x000001e600946110 code [0x000001e6009462a0, 0x000001e600946478]
Event: 1367.510 Thread 0x000001e67fec6800 1891       3       java.lang.System::getProperty (25 bytes)
Event: 1367.511 Thread 0x000001e67fec6800 nmethod 1891 0x000001e600946590 code [0x000001e6009467a0, 0x000001e600946eb8]
Event: 1375.293 Thread 0x000001e67fec6800 1892       3       java.lang.ref.ReferenceQueue::reallyPoll (65 bytes)
Event: 1375.294 Thread 0x000001e67fec6800 nmethod 1892 0x000001e600947110 code [0x000001e6009472e0, 0x000001e600947818]
Event: 1589.106 Thread 0x000001e67fec5800 1893       4       java.util.ArrayList$ListItr::hasPrevious (13 bytes)
Event: 1589.107 Thread 0x000001e67fec5800 nmethod 1893 0x000001e607bb5590 code [0x000001e607bb5700, 0x000001e607bb5778]
Event: 1690.107 Thread 0x000001e67fec5800 1894       4       org.fusesource.jansi.Ansi::appendEscapeSequence (44 bytes)
Event: 1690.140 Thread 0x000001e67fec5800 nmethod 1894 0x000001e607bb5890 code [0x000001e607bb5b80, 0x000001e607bb6ba0]
Event: 1696.094 Thread 0x000001e67fec5800 1895       4       java.lang.StringBuilder::append (6 bytes)
Event: 1696.102 Thread 0x000001e67fec5800 nmethod 1895 0x000001e607bb7310 code [0x000001e607bb7520, 0x000001e607bb7c68]
Event: 1721.090 Thread 0x000001e67fec5800 1896       4       java.lang.AbstractStringBuilder::append (54 bytes)
Event: 1721.099 Thread 0x000001e67fec5800 nmethod 1896 0x000001e607bb8010 code [0x000001e607bb8240, 0x000001e607bb89f8]
Event: 1747.093 Thread 0x000001e67fec5800 1897       4       org.gradle.internal.logging.console.DefaultColorMap::getColor (38 bytes)
Event: 1747.113 Thread 0x000001e67fec5800 nmethod 1897 0x000001e607bb8e10 code [0x000001e607bb9080, 0x000001e607bb9998]
Event: 1761.100 Thread 0x000001e67fec5800 1898       4       org.gradle.internal.logging.console.DefaultColorMap$AttributeColor::on (10 bytes)
Event: 1761.110 Thread 0x000001e67fec5800 nmethod 1898 0x000001e607bb9e90 code [0x000001e607bba0a0, 0x000001e607bba4e8]
Event: 1761.110 Thread 0x000001e67fec5800 1899       4       org.gradle.internal.logging.console.DefaultColorMap$AttributeColor::off (10 bytes)
Event: 1761.117 Thread 0x000001e67fec5800 nmethod 1899 0x000001e607bba790 code [0x000001e607bba9a0, 0x000001e607bbade8]
Event: 1790.100 Thread 0x000001e67fec5800 1900       4       org.gradle.internal.logging.console.DefaultAnsiExecutor$AnsiContextImpl::a (234 bytes)

GC Heap History (6 events):
Event: 0.728 GC heap before
{Heap before GC invocations=0 (full 0):
 garbage-first heap   total 65536K, used 15360K [0x00000000fc000000, 0x0000000100000000)
  region size 1024K, 13 young (13312K), 0 survivors (0K)
 Metaspace       used 1699K, capacity 5075K, committed 5248K, reserved 1056768K
  class space    used 162K, capacity 520K, committed 640K, reserved 1048576K
}
Event: 0.741 GC heap after
{Heap after GC invocations=1 (full 0):
 garbage-first heap   total 65536K, used 2944K [0x00000000fc000000, 0x0000000100000000)
  region size 1024K, 2 young (2048K), 2 survivors (2048K)
 Metaspace       used 1699K, capacity 5075K, committed 5248K, reserved 1056768K
  class space    used 162K, capacity 520K, committed 640K, reserved 1048576K
}
Event: 1.402 GC heap before
{Heap before GC invocations=1 (full 0):
 garbage-first heap   total 65536K, used 20352K [0x00000000fc000000, 0x0000000100000000)
  region size 1024K, 17 young (17408K), 2 survivors (2048K)
 Metaspace       used 4508K, capacity 6873K, committed 7040K, reserved 1056768K
  class space    used 606K, capacity 847K, committed 896K, reserved 1048576K
}
Event: 1.407 GC heap after
{Heap after GC invocations=2 (full 0):
 garbage-first heap   total 65536K, used 9504K [0x00000000fc000000, 0x0000000100000000)
  region size 1024K, 3 young (3072K), 3 survivors (3072K)
 Metaspace       used 4508K, capacity 6873K, committed 7040K, reserved 1056768K
  class space    used 606K, capacity 847K, committed 896K, reserved 1048576K
}
Event: 55.091 GC heap before
{Heap before GC invocations=2 (full 0):
 garbage-first heap   total 65536K, used 33056K [0x00000000fc000000, 0x0000000100000000)
  region size 1024K, 27 young (27648K), 3 survivors (3072K)
 Metaspace       used 9669K, capacity 10037K, committed 10112K, reserved 1058816K
  class space    used 1263K, capacity 1373K, committed 1408K, reserved 1048576K
}
Event: 55.104 GC heap after
{Heap after GC invocations=3 (full 0):
 garbage-first heap   total 65536K, used 11245K [0x00000000fc000000, 0x0000000100000000)
  region size 1024K, 2 young (2048K), 2 survivors (2048K)
 Metaspace       used 9669K, capacity 10037K, committed 10112K, reserved 1058816K
  class space    used 1263K, capacity 1373K, committed 1408K, reserved 1048576K
}

Deoptimization events (20 events):
Event: 6.739 Thread 0x000001e67507d800 DEOPT PACKING pc=0x000001e607b57ab4 sp=0x00000024457fc290
Event: 6.739 Thread 0x000001e67507d800 DEOPT UNPACKING pc=0x000001e60004912f sp=0x00000024457fc1a8 mode 2
Event: 6.758 Thread 0x000001e67507d800 Uncommon trap: trap_request=0xffffffc6 fr.pc=0x000001e607b55cc0 relative=0x00000000000003e0
Event: 6.758 Thread 0x000001e67507d800 Uncommon trap: reason=bimorphic_or_optimized_type_check action=maybe_recompile pc=0x000001e607b55cc0 method=java.util.HashMap.getNode(ILjava/lang/Object;)Ljava/util/HashMap$Node; @ 59 c2
Event: 6.758 Thread 0x000001e67507d800 DEOPT PACKING pc=0x000001e607b55cc0 sp=0x00000024457fc280
Event: 6.758 Thread 0x000001e67507d800 DEOPT UNPACKING pc=0x000001e60004912f sp=0x00000024457fc1f8 mode 2
Event: 6.826 Thread 0x000001e67507d800 Uncommon trap: trap_request=0xffffffc6 fr.pc=0x000001e607b57ab4 relative=0x00000000000005d4
Event: 6.826 Thread 0x000001e67507d800 Uncommon trap: reason=bimorphic_or_optimized_type_check action=maybe_recompile pc=0x000001e607b57ab4 method=java.util.HashMap.getNode(ILjava/lang/Object;)Ljava/util/HashMap$Node; @ 59 c2
Event: 6.826 Thread 0x000001e67507d800 DEOPT PACKING pc=0x000001e607b57ab4 sp=0x00000024457fc150
Event: 6.826 Thread 0x000001e67507d800 DEOPT UNPACKING pc=0x000001e60004912f sp=0x00000024457fc068 mode 2
Event: 7.093 Thread 0x000001e67507d800 Uncommon trap: trap_request=0xffffffc6 fr.pc=0x000001e607b57ab4 relative=0x00000000000005d4
Event: 7.093 Thread 0x000001e67507d800 Uncommon trap: reason=bimorphic_or_optimized_type_check action=maybe_recompile pc=0x000001e607b57ab4 method=java.util.HashMap.getNode(ILjava/lang/Object;)Ljava/util/HashMap$Node; @ 59 c2
Event: 7.093 Thread 0x000001e67507d800 DEOPT PACKING pc=0x000001e607b57ab4 sp=0x00000024457fc040
Event: 7.093 Thread 0x000001e67507d800 DEOPT UNPACKING pc=0x000001e60004912f sp=0x00000024457fbf58 mode 2
Event: 8.077 Thread 0x000001e67507d800 Uncommon trap: trap_request=0xffffffc6 fr.pc=0x000001e607b55cc0 relative=0x00000000000003e0
Event: 8.077 Thread 0x000001e67507d800 Uncommon trap: reason=bimorphic_or_optimized_type_check action=maybe_recompile pc=0x000001e607b55cc0 method=java.util.HashMap.getNode(ILjava/lang/Object;)Ljava/util/HashMap$Node; @ 59 c2
Event: 8.077 Thread 0x000001e67507d800 DEOPT PACKING pc=0x000001e607b55cc0 sp=0x00000024457fbfc0
Event: 8.077 Thread 0x000001e67507d800 DEOPT UNPACKING pc=0x000001e60004912f sp=0x00000024457fbf50 mode 2
Event: 612.093 Thread 0x000001e67feb0800 DEOPT PACKING pc=0x000001e6008e7b38 sp=0x0000002446bfed70
Event: 612.093 Thread 0x000001e67feb0800 DEOPT UNPACKING pc=0x000001e60004964e sp=0x0000002446bfe2d8 mode 0

Classes unloaded (0 events):
No events

Classes redefined (0 events):
No events

Internal exceptions (19 events):
Event: 0.365 Thread 0x000001e67507d800 Exception <a 'java/lang/NoSuchMethodError'{0x00000000ffdfde90}: 'int java.lang.invoke.DirectMethodHandle$Holder.invokeStaticInit(java.lang.Object, java.lang.Object)'> (0x00000000ffdfde90) 
thrown [./open/src/hotspot/share/interpreter/linkResolver.cpp, line 766]
Event: 0.409 Thread 0x000001e67507d800 Exception <a 'java/lang/NoSuchMethodError'{0x00000000ffcd0368}: 'int java.lang.invoke.DirectMethodHandle$Holder.invokeSpecial(java.lang.Object, java.lang.Object, java.lang.Object, java.lang.Object)'> (0x00000000ffcd0368) 
thrown [./open/src/hotspot/share/interpreter/linkResolver.cpp, line 766]
Event: 0.416 Thread 0x000001e67507d800 Exception <a 'java/lang/NoSuchMethodError'{0x00000000ffb08d30}: 'int java.lang.invoke.DirectMethodHandle$Holder.invokeSpecialIFC(java.lang.Object, java.lang.Object, int)'> (0x00000000ffb08d30) 
thrown [./open/src/hotspot/share/interpreter/linkResolver.cpp, line 766]
Event: 1.215 Thread 0x000001e67507d800 Exception <a 'java/lang/NoClassDefFoundError'{0x00000000ff6ccea0}: org/slf4j/impl/StaticMarkerBinder> (0x00000000ff6ccea0) 
thrown [./open/src/hotspot/share/classfile/systemDictionary.cpp, line 215]
Event: 1.235 Thread 0x000001e67507d800 Exception <a 'java/lang/NoSuchMethodError'{0x00000000ff5c40b0}: 'java.lang.Object java.lang.invoke.DirectMethodHandle$Holder.invokeVirtual(java.lang.Object, java.lang.Object, java.lang.Object, java.lang.Object, java.lang.Object, java.lang.Object, java.lang.Object)'> (0x00000000ff5c40b0) 
thrown [./open/src/hotspot/share/interpreter/linkResolver.cpp, line 766]
Event: 1.238 Thread 0x000001e67507d800 Exception <a 'java/lang/NoSuchMethodError'{0x00000000ff5d1828}: 'void java.lang.invoke.DirectMethodHandle$Holder.invokeSpecial(java.lang.Object, java.lang.Object, java.lang.Object, java.lang.Object)'> (0x00000000ff5d1828) 
thrown [./open/src/hotspot/share/interpreter/linkResolver.cpp, line 766]
Event: 1.239 Thread 0x000001e67507d800 Exception <a 'java/lang/NoSuchMethodError'{0x00000000ff5d71d8}: 'java.lang.Object java.lang.invoke.Invokers$Holder.invoker(java.lang.Object, java.lang.Object, java.lang.Object)'> (0x00000000ff5d71d8) 
thrown [./open/src/hotspot/share/interpreter/linkResolver.cpp, line 766]
Event: 1.243 Thread 0x000001e67507d800 Exception <a 'java/lang/NoSuchMethodError'{0x00000000ff5e6e88}: 'void java.lang.invoke.DelegatingMethodHandle$Holder.delegate(java.lang.Object, java.lang.Object, int, java.lang.Object)'> (0x00000000ff5e6e88) 
thrown [./open/src/hotspot/share/interpreter/linkResolver.cpp, line 766]
Event: 1.247 Thread 0x000001e67507d800 Exception <a 'java/lang/NoSuchMethodError'{0x00000000ff5f6bd0}: 'java.lang.Object java.lang.invoke.Invokers$Holder.invokeExact_MT(java.lang.Object, java.lang.Object, java.lang.Object, java.lang.Object)'> (0x00000000ff5f6bd0) 
thrown [./open/src/hotspot/share/interpreter/linkResolver.cpp, line 766]
Event: 1.474 Thread 0x000001e67507d800 Exception <a 'java/lang/NoSuchMethodError'{0x00000000ffc0e7c8}: 'java.lang.Object java.lang.invoke.DirectMethodHandle$Holder.invokeInterface(java.lang.Object, java.lang.Object, java.lang.Object)'> (0x00000000ffc0e7c8) 
thrown [./open/src/hotspot/share/interpreter/linkResolver.cpp, line 766]
Event: 1.579 Thread 0x000001e67507d800 Exception <a 'java/lang/NoSuchMethodError'{0x00000000ff9a9e08}: 'java.lang.Object java.lang.invoke.DirectMethodHandle$Holder.invokeStaticInit(java.lang.Object, java.lang.Object, java.lang.Object)'> (0x00000000ff9a9e08) 
thrown [./open/src/hotspot/share/interpreter/linkResolver.cpp, line 766]
Event: 1.673 Thread 0x000001e67507d800 Exception <a 'java/lang/NoSuchMethodError'{0x00000000ff4482a0}: 'java.lang.Object java.lang.invoke.DirectMethodHandle$Holder.invokeStaticInit(java.lang.Object, int, int, int, int)'> (0x00000000ff4482a0) 
thrown [./open/src/hotspot/share/interpreter/linkResolver.cpp, line 766]
Event: 1.711 Thread 0x000001e67507d800 Exception <a 'java/lang/NoSuchMethodError'{0x00000000ff45ce60}: 'java.lang.Object java.lang.invoke.DirectMethodHandle$Holder.invokeStaticInit(java.lang.Object, java.lang.Object, int, int, int, int)'> (0x00000000ff45ce60) 
thrown [./open/src/hotspot/share/interpreter/linkResolver.cpp, line 766]
Event: 1.852 Thread 0x000001e67507d800 Implicit null exception at 0x000001e607b206e4 to 0x000001e607b20cb0
Event: 1.852 Thread 0x000001e67507d800 Implicit null exception at 0x000001e607b089e4 to 0x000001e607b08f84
Event: 3.885 Thread 0x000001e67507d800 Exception <a 'java/net/ConnectException'{0x00000000ff374600}: Connection refused: no further information> (0x00000000ff374600) 
thrown [./open/src/hotspot/share/prims/jni.cpp, line 620]
Event: 4.262 Thread 0x000001e67feb3000 Exception <a 'java/lang/NoSuchMethodError'{0x00000000fe788080}: 'void java.lang.invoke.DirectMethodHandle$Holder.invokeStatic(java.lang.Object, long)'> (0x00000000fe788080) 
thrown [./open/src/hotspot/share/interpreter/linkResolver.cpp, line 766]
Event: 4.270 Thread 0x000001e67feb3000 Exception <a 'java/lang/NoSuchMethodError'{0x00000000fe7928b8}: 'java.lang.Object java.lang.invoke.DirectMethodHandle$Holder.invokeStaticInit(java.lang.Object, java.lang.Object, long, java.lang.Object)'> (0x00000000fe7928b8) 
thrown [./open/src/hotspot/share/interpreter/linkResolver.cpp, line 766]
Event: 4.273 Thread 0x000001e67feb3000 Exception <a 'java/lang/NoSuchMethodError'{0x00000000fe7988e0}: 'java.lang.Object java.lang.invoke.Invokers$Holder.linkToTargetMethod(java.lang.Object, long, java.lang.Object)'> (0x00000000fe7988e0) 
thrown [./open/src/hotspot/share/interpreter/linkResolver.cpp, line 766]

Events (20 events):
Event: 55.106 Executing VM operation: HandshakeOneThread
Event: 55.106 Executing VM operation: HandshakeOneThread done
Event: 55.106 Executing VM operation: HandshakeOneThread
Event: 55.107 Executing VM operation: HandshakeOneThread done
Event: 55.107 Executing VM operation: HandshakeOneThread
Event: 55.107 Executing VM operation: HandshakeOneThread done
Event: 55.107 Executing VM operation: HandshakeOneThread
Event: 55.107 Executing VM operation: HandshakeOneThread done
Event: 55.108 Executing VM operation: HandshakeOneThread
Event: 55.108 Executing VM operation: HandshakeOneThread done
Event: 55.108 Executing VM operation: HandshakeOneThread
Event: 55.108 Executing VM operation: HandshakeOneThread done
Event: 55.108 Executing VM operation: HandshakeOneThread
Event: 55.108 Executing VM operation: HandshakeOneThread done
Event: 55.109 Executing VM operation: HandshakeOneThread
Event: 55.109 Executing VM operation: HandshakeOneThread done
Event: 55.109 Executing VM operation: HandshakeOneThread
Event: 55.109 Executing VM operation: HandshakeOneThread done
Event: 55.109 Executing VM operation: HandshakeOneThread
Event: 55.109 Executing VM operation: HandshakeOneThread done


Dynamic libraries:
0x00007ff610120000 - 0x00007ff61012f000 	C:\Program Files\java\jdk-14.0.2_windows-x64_bin\jdk-14.0.2\bin\java.exe
0x00007ff845b50000 - 0x00007ff845d45000 	C:\WINDOWS\SYSTEM32\ntdll.dll
0x00007ff844640000 - 0x00007ff8446fe000 	C:\WINDOWS\System32\KERNEL32.DLL
0x00007ff843270000 - 0x00007ff843538000 	C:\WINDOWS\System32\KERNELBASE.dll
0x00007ff843540000 - 0x00007ff843640000 	C:\WINDOWS\System32\ucrtbase.dll
0x00007ff834280000 - 0x00007ff834298000 	C:\Program Files\java\jdk-14.0.2_windows-x64_bin\jdk-14.0.2\bin\jli.dll
0x00007ff8342a0000 - 0x00007ff8342b5000 	C:\Program Files\java\jdk-14.0.2_windows-x64_bin\jdk-14.0.2\bin\VCRUNTIME140.dll
0x00007ff843ce0000 - 0x00007ff843d8e000 	C:\WINDOWS\System32\ADVAPI32.dll
0x00007ff844500000 - 0x00007ff84459e000 	C:\WINDOWS\System32\msvcrt.dll
0x00007ff8445a0000 - 0x00007ff84463c000 	C:\WINDOWS\System32\sechost.dll
0x00007ff8443d0000 - 0x00007ff8444f5000 	C:\WINDOWS\System32\RPCRT4.dll
0x00007ff845090000 - 0x00007ff845230000 	C:\WINDOWS\System32\USER32.dll
0x00007ff835470000 - 0x00007ff83570a000 	C:\WINDOWS\WinSxS\amd64_microsoft.windows.common-controls_6595b64144ccf1df_6.0.19041.1110_none_60b5254171f9507e\COMCTL32.dll
0x00007ff843b80000 - 0x00007ff843ba2000 	C:\WINDOWS\System32\win32u.dll
0x00007ff843bb0000 - 0x00007ff843bda000 	C:\WINDOWS\System32\GDI32.dll
0x00007ff843a70000 - 0x00007ff843b7b000 	C:\WINDOWS\System32\gdi32full.dll
0x00007ff8439d0000 - 0x00007ff843a6d000 	C:\WINDOWS\System32\msvcp_win.dll
0x00007ff838840000 - 0x00007ff83884a000 	C:\WINDOWS\SYSTEM32\VERSION.dll
0x00007ff844700000 - 0x00007ff844730000 	C:\WINDOWS\System32\IMM32.DLL
0x00007ff8269b0000 - 0x00007ff826a4b000 	C:\Program Files\java\jdk-14.0.2_windows-x64_bin\jdk-14.0.2\bin\msvcp140.dll
0x00007ffffb260000 - 0x00007ffffbd7e000 	C:\Program Files\java\jdk-14.0.2_windows-x64_bin\jdk-14.0.2\bin\server\jvm.dll
0x00007ff844860000 - 0x00007ff844868000 	C:\WINDOWS\System32\PSAPI.DLL
0x00007ff838800000 - 0x00007ff838827000 	C:\WINDOWS\SYSTEM32\WINMM.dll
0x00007ff8387b0000 - 0x00007ff8387b9000 	C:\WINDOWS\SYSTEM32\WSOCK32.dll
0x00007ff8447e0000 - 0x00007ff84484b000 	C:\WINDOWS\System32\WS2_32.dll
0x00007ff841150000 - 0x00007ff841162000 	C:\WINDOWS\SYSTEM32\kernel.appcore.dll
0x00007ff834270000 - 0x00007ff83427a000 	C:\Program Files\java\jdk-14.0.2_windows-x64_bin\jdk-14.0.2\bin\jimage.dll
0x00007ff82ee00000 - 0x00007ff82efe4000 	C:\WINDOWS\SYSTEM32\DBGHELP.DLL
0x00007ff82edd0000 - 0x00007ff82edfc000 	C:\WINDOWS\SYSTEM32\dbgcore.DLL
0x00007ff843940000 - 0x00007ff8439c2000 	C:\WINDOWS\System32\bcryptPrimitives.dll
0x00007ff834240000 - 0x00007ff834265000 	C:\Program Files\java\jdk-14.0.2_windows-x64_bin\jdk-14.0.2\bin\java.dll
0x00007ff834220000 - 0x00007ff834236000 	C:\Program Files\java\jdk-14.0.2_windows-x64_bin\jdk-14.0.2\bin\zip.dll
0x00007ff844940000 - 0x00007ff845084000 	C:\WINDOWS\System32\SHELL32.dll
0x00007ff841350000 - 0x00007ff841ae4000 	C:\WINDOWS\SYSTEM32\windows.storage.dll
0x00007ff8457b0000 - 0x00007ff845b04000 	C:\WINDOWS\System32\combase.dll
0x00007ff842c00000 - 0x00007ff842c2c000 	C:\WINDOWS\SYSTEM32\Wldp.dll
0x00007ff8456a0000 - 0x00007ff84574d000 	C:\WINDOWS\System32\SHCORE.dll
0x00007ff845750000 - 0x00007ff8457a5000 	C:\WINDOWS\System32\shlwapi.dll
0x00007ff8431b0000 - 0x00007ff8431cf000 	C:\WINDOWS\SYSTEM32\profapi.dll
0x00007ff834110000 - 0x00007ff834129000 	C:\Program Files\java\jdk-14.0.2_windows-x64_bin\jdk-14.0.2\bin\net.dll
0x00007ff8382f0000 - 0x00007ff8383fa000 	C:\WINDOWS\SYSTEM32\WINHTTP.dll
0x00007ff8429e0000 - 0x00007ff842a4a000 	C:\WINDOWS\system32\mswsock.dll
0x00007ff82e930000 - 0x00007ff82e942000 	C:\Program Files\java\jdk-14.0.2_windows-x64_bin\jdk-14.0.2\bin\nio.dll
0x00007ff834210000 - 0x00007ff834220000 	C:\Program Files\java\jdk-14.0.2_windows-x64_bin\jdk-14.0.2\bin\verify.dll
0x00007ff82e900000 - 0x00007ff82e927000 	C:\Users\Vinay Sharma\.gradle\native\e1d6ef7f7dcc3fd88c89a11ec53ec762bb8ba0a96d01ffa2cd45eb1d1d8dd5c5\windows-amd64\native-platform.dll
0x00007ff834100000 - 0x00007ff83410a000 	C:\Users\Vinay Sharma\.gradle\native\jansi\1.18\windows64\jansi.dll
0x00007ff82e8f0000 - 0x00007ff82e8f9000 	C:\Program Files\java\jdk-14.0.2_windows-x64_bin\jdk-14.0.2\bin\management.dll
0x00007ff82e8e0000 - 0x00007ff82e8eb000 	C:\Program Files\java\jdk-14.0.2_windows-x64_bin\jdk-14.0.2\bin\management_ext.dll
0x00007ff842d90000 - 0x00007ff842da8000 	C:\WINDOWS\SYSTEM32\CRYPTSP.dll
0x00007ff842310000 - 0x00007ff842344000 	C:\WINDOWS\system32\rsaenh.dll
0x00007ff843640000 - 0x00007ff843667000 	C:\WINDOWS\System32\bcrypt.dll
0x00007ff843130000 - 0x00007ff84315e000 	C:\WINDOWS\SYSTEM32\USERENV.dll
0x00007ff842b70000 - 0x00007ff842b7c000 	C:\WINDOWS\SYSTEM32\CRYPTBASE.dll
0x00007ff8426a0000 - 0x00007ff8426db000 	C:\WINDOWS\SYSTEM32\IPHLPAPI.DLL
0x00007ff845690000 - 0x00007ff845698000 	C:\WINDOWS\System32\NSI.dll
0x00007ff83b910000 - 0x00007ff83b927000 	C:\WINDOWS\SYSTEM32\dhcpcsvc6.DLL
0x00007ff83b8f0000 - 0x00007ff83b90d000 	C:\WINDOWS\SYSTEM32\dhcpcsvc.DLL
0x00007ff8426f0000 - 0x00007ff8427bb000 	C:\WINDOWS\SYSTEM32\DNSAPI.dll

dbghelp: loaded successfully - version: 4.0.5 - missing functions: none
symbol engine: initialized successfully - sym options: 0x614 - pdb path: .;C:\Program Files\java\jdk-14.0.2_windows-x64_bin\jdk-14.0.2\bin;C:\WINDOWS\SYSTEM32;C:\WINDOWS\WinSxS\amd64_microsoft.windows.common-controls_6595b64144ccf1df_6.0.19041.1110_none_60b5254171f9507e;C:\Program Files\java\jdk-14.0.2_windows-x64_bin\jdk-14.0.2\bin\server;C:\Users\Vinay Sharma\.gradle\native\e1d6ef7f7dcc3fd88c89a11ec53ec762bb8ba0a96d01ffa2cd45eb1d1d8dd5c5\windows-amd64;C:\Users\Vinay Sharma\.gradle\native\jansi\1.18\windows64

VM Arguments:
jvm_args: -Xmx64m -Xms64m -Dorg.gradle.appname=gradlew 
java_command: org.gradle.wrapper.GradleWrapperMain bootrun
java_class_path (initial): E:\messanger\\gradle\wrapper\gradle-wrapper.jar
Launcher Type: SUN_STANDARD

[Global flags]
     intx CICompilerCount                          = 3                                         {product} {ergonomic}
     uint ConcGCThreads                            = 1                                         {product} {ergonomic}
     uint G1ConcRefinementThreads                  = 4                                         {product} {ergonomic}
   size_t G1HeapRegionSize                         = 1048576                                   {product} {ergonomic}
    uintx GCDrainStackTargetSize                   = 64                                        {product} {ergonomic}
   size_t InitialHeapSize                          = 67108864                                  {product} {command line}
   size_t MarkStackSize                            = 4194304                                   {product} {ergonomic}
   size_t MaxHeapSize                              = 67108864                                  {product} {command line}
   size_t MaxNewSize                               = 39845888                                  {product} {ergonomic}
   size_t MinHeapDeltaBytes                        = 1048576                                   {product} {ergonomic}
   size_t MinHeapSize                              = 67108864                                  {product} {command line}
    uintx NonNMethodCodeHeapSize                   = 5832780                                {pd product} {ergonomic}
    uintx NonProfiledCodeHeapSize                  = 122912730                              {pd product} {ergonomic}
    uintx ProfiledCodeHeapSize                     = 122912730                              {pd product} {ergonomic}
    uintx ReservedCodeCacheSize                    = 251658240                              {pd product} {ergonomic}
     bool SegmentedCodeCache                       = true                                      {product} {ergonomic}
   size_t SoftMaxHeapSize                          = 67108864                               {manageable} {ergonomic}
     bool UseCompressedClassPointers               = true                                 {lp64_product} {ergonomic}
     bool UseCompressedOops                        = true                                 {lp64_product} {ergonomic}
     bool UseG1GC                                  = true                                      {product} {ergonomic}
     bool UseLargePagesIndividualAllocation        = false                                  {pd product} {ergonomic}

Logging:
Log output configuration:
 #0: stdout all=warning uptime,level,tags
 #1: stderr all=off uptime,level,tags

Environment Variables:
JAVA_HOME=C:\Program Files\java\jdk-14.0.2_windows-x64_bin\jdk-14.0.2
CLASSPATH=E:\messanger\\gradle\wrapper\gradle-wrapper.jar
PATH=C:\Python39\Scripts\;C:\Python39\;C:\Program Files (x86)\Intel\iCLS Client\;C:\Program Files\Intel\iCLS Client\;C:\Windows\system32;C:\Windows;C:\Windows\System32\Wbem;C:\Windows\System32\WindowsPowerShell\v1.0\;C:\Windows\System32\OpenSSH\;E:\;C:\Program Files (x86)\Intel\Intel(R) Management Engine Components\DAL;C:\Program Files\Intel\Intel(R) Management Engine Components\DAL;C:\Program Files (x86)\Intel\Intel(R) Management Engine Components\IPT;C:\Program Files\Intel\Intel(R) Management Engine Components\IPT;C:\WINDOWS\system32;C:\WINDOWS;C:\WINDOWS\System32\Wbem;C:\WINDOWS\System32\WindowsPowerShell\v1.0\;C:\WINDOWS\System32\OpenSSH\;C:\ProgramData\chocolatey\bin;C:\Program Files\Microsoft SQL Server\Client SDK\ODBC\170\Tools\Binn\;C:\Program Files (x86)\Microsoft SQL Server\150\Tools\Binn\;C:\Program Files\Microsoft SQL Server\150\Tools\Binn\;C:\Program Files\Microsoft SQL Server\150\DTS\Binn\;C:\Program Files (x86)\Microsoft SQL Server\150\DTS\Binn\;C:\Program Files\Git\cmd;C:\Program Files\nodejs\;C:\Users\Vinay Sharma\AppData\Local\Microsoft\WindowsApps;F:\IntelliJ IDEA Community Edition 2020.2\bin;;E:\;C:\Program Files\Azure Data Studio\bin;C:\Users\Vinay Sharma\AppData\Local\Programs\Microsoft VS Code\bin;C:\Users\Vinay Sharma\AppData\Roaming\npm;C:\Program Files\java\openjdk-11+28_windows-x64_bin\jdk-11\bin;
USERNAME=Vinay Sharma
OS=Windows_NT
PROCESSOR_IDENTIFIER=Intel64 Family 6 Model 58 Stepping 9, GenuineIntel



---------------  S Y S T E M  ---------------

OS: Windows 10 , 64 bit Build 19041 (10.0.19041.1645)
OS uptime: 0 days 1:39 hours
HyperV virtualization detected

CPU:total 4 (initial active 4) (2 cores per cpu, 2 threads per core) family 6 model 58 stepping 9, cmov, cx8, fxsr, mmx, sse, sse2, sse3, ssse3, sse4.1, sse4.2, popcnt, avx, aes, clmul, erms, ht, tsc, tscinvbit, tscinv

Memory: 4k page, system-wide physical 8096M (717M free)
TotalPageFile size 8096M (AvailPageFile size 5M)
current process WorkingSet (physical memory assigned to process): 94M, peak: 119M
current process commit charge ("private bytes"): 157M, peak: 183M

vm_info: Java HotSpot(TM) 64-Bit Server VM (14.0.2+12-46) for windows-amd64 JRE (14.0.2+12-46), built on Jul  9 2020 00:35:52 by "mach5one" with MS VC++ 15.9 (VS2017)

END.
